Fri Mar 16 23:26:55 2018 :: Booting Database
 0 0 0 0 0 0 0 0 0 0 0 0 0 0 0 0 0 0 0 0 0 0 0 0 0 0 0 0 0 0 0 0
Fri Mar 16 23:26:55 2018 :: [*****] BOOT: ---------------------[ Boot Log ]--------------------
Fri Mar 16 23:26:55 2018 :: Initializing libdl support...
Fri Mar 16 23:26:55 2018 :: Loading commands...
Fri Mar 16 23:26:55 2018 :: [*****] BUG: Error locating do_makewizlist in symbol table. No such process
Fri Mar 16 23:26:55 2018 :: [*****] BUG: fread_command: Function do_makewizlist not found for makewizlist
Fri Mar 16 23:26:55 2018 :: [*****] BUG: Error locating do_soulfeed in symbol table. No such process
Fri Mar 16 23:26:55 2018 :: [*****] BUG: fread_command: Function do_soulfeed not found for soulfeed
Fri Mar 16 23:26:55 2018 :: Loading spec_funs...
Fri Mar 16 23:26:55 2018 :: Loading sysdata configuration...
Fri Mar 16 23:26:55 2018 :: Loading socials
Fri Mar 16 23:26:55 2018 :: Loading skill table
Fri Mar 16 23:26:55 2018 :: Sorting skill table...
Fri Mar 16 23:26:55 2018 :: Creating skill table sorted by type...
Fri Mar 16 23:26:55 2018 :: Remapping slots to sns
Fri Mar 16 23:26:55 2018 :: Loading classes
Fri Mar 16 23:26:55 2018 :: Loading races
Fri Mar 16 23:26:55 2018 :: Loading news data
Fri Mar 16 23:26:55 2018 :: Loading liquids
Fri Mar 16 23:26:55 2018 :: Loading mixtures
Fri Mar 16 23:26:55 2018 :: Loading herb table
Fri Mar 16 23:26:55 2018 :: Loading tongues
Fri Mar 16 23:26:55 2018 :: Loading MSSP Data...
Fri Mar 16 23:26:55 2018 :: Initializing random number generator
Fri Mar 16 23:26:55 2018 :: Setting time and weather.
Fri Mar 16 23:26:55 2018 :: Loading holiday chart...
Fri Mar 16 23:26:55 2018 :: Loading DNS cache...
Fri Mar 16 23:26:55 2018 :: Assigning gsn's
Fri Mar 16 23:26:55 2018 :: Reading in area files...
(help.are)
limbo.are     : Rooms:     2 - 99    Objs:     2 - 99    Mobs:     1 - 99
newacad.are   : Rooms: 10300 - 10499 Objs: 10300 - 10499 Mobs: 10300 - 10499
newgate.are   : Rooms:   100 - 199   Objs:   100 - 199   Mobs:   100 - 199
newdark.are   : Rooms: 21000 - 21499 Objs: 21000 - 21435 Mobs: 21000 - 21499
gods.are      : Rooms:  1200 - 1201  Objs:  1200 - 1200  Mobs:  1200 - 1200
plains.are    : Rooms:   300 - 345   Objs:   300 - 313   Mobs:   300 - 350
haon.are      : Rooms:  6000 - 6156  Objs:  6000 - 6155  Mobs:  6000 - 6117
midennir.are  : Rooms:  3500 - 3590  Objs:  3500 - 3550  Mobs:  3500 - 3550
sewer.are     : Rooms:  7001 - 7445  Objs:  7190 - 7310  Mobs:  7000 - 7206
redferne.are  : Rooms:  7900 - 7918  Objs:  7909 - 7911  Mobs:  7900 - 7900
grove.are     : Rooms:  8901 - 8999  Objs:  8900 - 8919  Mobs:  8900 - 8911
dwarven.are   : Rooms:  6500 - 6554  Objs:  6502 - 6519  Mobs:  6500 - 6517
daycare.are   : Rooms:  6601 - 6651  Objs:  6600 - 6647  Mobs:  6600 - 6610
grave.are     : Rooms:  3600 - 3651  Objs:  3600 - 3613  Mobs:  3600 - 3605
chapel.are    : Rooms:  3405 - 3475  Objs:  3400 - 3430  Mobs:  3400 - 3416
astral.are    : Rooms:   800 - 899   Objs:   800 - 899   Mobs:   800 - 899
Build.are     : Rooms:  9500 - 9589  Objs:     0 - 0     Mobs:     0 - 0
Fri Mar 16 23:26:56 2018 :: [*****] BUG: fread_fuss_object: no match: d
Fri Mar 16 23:26:56 2018 :: [*****] FILE: pixie.are LINE: 209
Fri Mar 16 23:26:56 2018 :: [*****] BUG: fread_fuss_object: no match: d
Fri Mar 16 23:26:56 2018 :: [*****] FILE: pixie.are LINE: 210
Fri Mar 16 23:26:56 2018 :: [*****] BUG: fread_fuss_object: no match: d
Fri Mar 16 23:26:56 2018 :: [*****] FILE: pixie.are LINE: 211
Fri Mar 16 23:26:56 2018 :: [*****] BUG: fread_fuss_object: no match: d
Fri Mar 16 23:26:56 2018 :: [*****] FILE: pixie.are LINE: 232
Fri Mar 16 23:26:56 2018 :: [*****] BUG: fread_fuss_object: no match: d
Fri Mar 16 23:26:56 2018 :: [*****] FILE: pixie.are LINE: 233
Fri Mar 16 23:26:56 2018 :: [*****] BUG: fread_fuss_object: no match: d
Fri Mar 16 23:26:56 2018 :: [*****] FILE: pixie.are LINE: 246
Fri Mar 16 23:26:56 2018 :: [*****] BUG: fread_fuss_object: no match: d
Fri Mar 16 23:26:56 2018 :: [*****] FILE: pixie.are LINE: 267
pixie.are     : Rooms:  2070 - 2099  Objs:  2070 - 2077  Mobs:  2070 - 2073
export.are    : Rooms:  9810 - 9899  Objs:  9810 - 9899  Mobs:  9800 - 9899
srefuge.are   : Rooms:  1500 - 1599  Objs:  1500 - 1599  Mobs:  1500 - 1599
manor.are     : Rooms:  2400 - 2499  Objs:  2400 - 2499  Mobs:  2405 - 2484
unholy.are    : Rooms:  2101 - 2172  Objs:  2101 - 2150  Mobs:  2101 - 2120
gallery.are   : Rooms: 24800 - 24899 Objs: 24800 - 24899 Mobs: 24800 - 24899
housing.are   : Rooms: 50000 - 54999 Objs: 50000 - 54999 Mobs: 50000 - 54999
Fri Mar 16 23:26:56 2018 :: Fixing exits
Fri Mar 16 23:26:56 2018 :: Initializing economy
Fri Mar 16 23:26:56 2018 :: Resetting areas
Fri Mar 16 23:26:56 2018 :: Loading buildlist
Fri Mar 16 23:26:56 2018 :: ../gods/Bob
Fri Mar 16 23:26:56 2018 :: ../gods/Darren
Fri Mar 16 23:26:56 2018 :: ../gods/Tester
Fri Mar 16 23:26:56 2018 :: ../gods/Xander
Fri Mar 16 23:26:56 2018 :: Loading boards
Fri Mar 16 23:26:56 2018 :: ../boards/immortal.brd
Fri Mar 16 23:26:56 2018 :: ../boards/highgod.brd
Fri Mar 16 23:26:56 2018 :: Loading vault list
Fri Mar 16 23:26:56 2018 :: $
Fri Mar 16 23:26:56 2018 ::  Done vaults 
Fri Mar 16 23:26:56 2018 :: Loading clans
Fri Mar 16 23:26:56 2018 :: Loading clans...
Fri Mar 16 23:26:56 2018 :: vampire.gui
Fri Mar 16 23:26:56 2018 :: Cannot open vault - ../clans/vampire.gui.vault
Fri Mar 16 23:26:56 2018 :: druid.gui
Fri Mar 16 23:26:56 2018 :: Cannot open vault - ../clans/druid.gui.vault
Fri Mar 16 23:26:56 2018 :: warrior.gui
Fri Mar 16 23:26:56 2018 :: Cannot open vault - ../clans/warrior.gui.vault
Fri Mar 16 23:26:56 2018 :: augurer.gui
Fri Mar 16 23:26:56 2018 :: Cannot open vault - ../clans/augurer.gui.vault
Fri Mar 16 23:26:56 2018 :: thief.gui
Fri Mar 16 23:26:56 2018 :: Cannot open vault - ../clans/thief.gui.vault
Fri Mar 16 23:26:56 2018 :: cleric.gui
Fri Mar 16 23:26:56 2018 :: Cannot open vault - ../clans/cleric.gui.vault
Fri Mar 16 23:26:56 2018 :: mage.gui
Fri Mar 16 23:26:56 2018 :: Cannot open vault - ../clans/mage.gui.vault
Fri Mar 16 23:26:56 2018 :: ranger.gui
Fri Mar 16 23:26:56 2018 :: Cannot open vault - ../clans/ranger.gui.vault
Fri Mar 16 23:26:56 2018 :: $
Fri Mar 16 23:26:56 2018 ::  Done clans 
Fri Mar 16 23:26:56 2018 :: Loading councils
Fri Mar 16 23:26:56 2018 :: Loading councils...
Fri Mar 16 23:26:56 2018 :: $
Fri Mar 16 23:26:56 2018 ::  Done councils 
Fri Mar 16 23:26:56 2018 :: Loading deities
Fri Mar 16 23:26:56 2018 :: Loading deities...
Fri Mar 16 23:26:56 2018 :: $
Fri Mar 16 23:26:56 2018 ::  Done deities 
Fri Mar 16 23:26:56 2018 :: Loading watches
Fri Mar 16 23:26:56 2018 :: Loading bans
Fri Mar 16 23:26:56 2018 :: Done.
Fri Mar 16 23:26:56 2018 :: Loading reserved names
Fri Mar 16 23:26:56 2018 :: Loading corpses
Fri Mar 16 23:26:56 2018 :: Loading Immortal Hosts
Fri Mar 16 23:26:56 2018 :: Done.
Fri Mar 16 23:26:56 2018 :: Loading Projects
Fri Mar 16 23:26:56 2018 :: Loading Morphs
Fri Mar 16 23:26:56 2018 :: Done.
Fri Mar 16 23:26:56 2018 :: Loading Housing System, Home Accessories Data, and Home Auctioning System
Fri Mar 16 23:26:56 2018 :: Loading login messages
Fri Mar 16 23:26:56 2018 :: Initializing socket
Fri Mar 16 23:26:56 2018 :: (Name Not Set) ready on port 4000.
Fri Mar 16 23:26:57 2018 :: Preloading player data for: Xander (2K)
Fri Mar 16 23:26:58 2018 :: Loading player data for: Xander (2K)
Fri Mar 16 23:26:58 2018 :: Xander (127.0.0.1) has connected.
Fri Mar 16 23:31:53 2018 :: Log Xander: hotboot
Fri Mar 16 23:31:53 2018 :: Hotboot initiated by Xander.
Fri Mar 16 23:31:53 2018 :: Preserving world state....
Fri Mar 16 23:31:54 2018 :: Saving player files and connection states....
Fri Mar 16 23:31:54 2018 :: Executing hotboot....
Fri Mar 16 23:31:54 2018 :: Booting Database
 0 0 0 0 0 0 0 0 0 0 0 0 0 0 0 0 0 0 0 0 0 0 0 0 0 0 0 0 0 0 0 0
Fri Mar 16 23:31:54 2018 :: [*****] BOOT: ---------------------[ Boot Log ]--------------------
Fri Mar 16 23:31:54 2018 :: Initializing libdl support...
Fri Mar 16 23:31:54 2018 :: Loading commands...
Fri Mar 16 23:31:54 2018 :: [*****] BUG: Error locating do_makewizlist in symbol table. No such process
Fri Mar 16 23:31:54 2018 :: [*****] BUG: fread_command: Function do_makewizlist not found for makewizlist
Fri Mar 16 23:31:54 2018 :: [*****] BUG: Error locating do_soulfeed in symbol table. No such process
Fri Mar 16 23:31:54 2018 :: [*****] BUG: fread_command: Function do_soulfeed not found for soulfeed
Fri Mar 16 23:31:54 2018 :: Loading spec_funs...
Fri Mar 16 23:31:54 2018 :: Loading sysdata configuration...
Fri Mar 16 23:31:54 2018 :: Loading socials
Fri Mar 16 23:31:54 2018 :: Loading skill table
Fri Mar 16 23:31:55 2018 :: Sorting skill table...
Fri Mar 16 23:31:55 2018 :: Creating skill table sorted by type...
Fri Mar 16 23:31:55 2018 :: Remapping slots to sns
Fri Mar 16 23:31:55 2018 :: Loading classes
Fri Mar 16 23:31:55 2018 :: Loading races
Fri Mar 16 23:31:55 2018 :: Loading news data
Fri Mar 16 23:31:55 2018 :: Loading liquids
Fri Mar 16 23:31:55 2018 :: Loading mixtures
Fri Mar 16 23:31:55 2018 :: Loading herb table
Fri Mar 16 23:31:55 2018 :: Loading tongues
Fri Mar 16 23:31:55 2018 :: Loading MSSP Data...
Fri Mar 16 23:31:55 2018 :: Initializing random number generator
Fri Mar 16 23:31:55 2018 :: Setting time and weather.
Fri Mar 16 23:31:55 2018 :: Loading holiday chart...
Fri Mar 16 23:31:55 2018 :: Loading DNS cache...
Fri Mar 16 23:31:55 2018 :: Assigning gsn's
Fri Mar 16 23:31:55 2018 :: Reading in area files...
(help.are)
limbo.are     : Rooms:     2 - 99    Objs:     2 - 99    Mobs:     1 - 99
newacad.are   : Rooms: 10300 - 10499 Objs: 10300 - 10499 Mobs: 10300 - 10499
newgate.are   : Rooms:   100 - 199   Objs:   100 - 199   Mobs:   100 - 199
newdark.are   : Rooms: 21000 - 21499 Objs: 21000 - 21435 Mobs: 21000 - 21499
gods.are      : Rooms:  1200 - 1201  Objs:  1200 - 1200  Mobs:  1200 - 1200
plains.are    : Rooms:   300 - 345   Objs:   300 - 313   Mobs:   300 - 350
haon.are      : Rooms:  6000 - 6156  Objs:  6000 - 6155  Mobs:  6000 - 6117
midennir.are  : Rooms:  3500 - 3590  Objs:  3500 - 3550  Mobs:  3500 - 3550
sewer.are     : Rooms:  7001 - 7445  Objs:  7190 - 7310  Mobs:  7000 - 7206
redferne.are  : Rooms:  7900 - 7918  Objs:  7909 - 7911  Mobs:  7900 - 7900
grove.are     : Rooms:  8901 - 8999  Objs:  8900 - 8919  Mobs:  8900 - 8911
dwarven.are   : Rooms:  6500 - 6554  Objs:  6502 - 6519  Mobs:  6500 - 6517
daycare.are   : Rooms:  6601 - 6651  Objs:  6600 - 6647  Mobs:  6600 - 6610
grave.are     : Rooms:  3600 - 3651  Objs:  3600 - 3613  Mobs:  3600 - 3605
chapel.are    : Rooms:  3405 - 3475  Objs:  3400 - 3430  Mobs:  3400 - 3416
astral.are    : Rooms:   800 - 899   Objs:   800 - 899   Mobs:   800 - 899
Build.are     : Rooms:  9500 - 9589  Objs:     0 - 0     Mobs:     0 - 0
Fri Mar 16 23:31:55 2018 :: [*****] BUG: fread_fuss_object: no match: d
Fri Mar 16 23:31:55 2018 :: [*****] FILE: pixie.are LINE: 209
Fri Mar 16 23:31:55 2018 :: [*****] BUG: fread_fuss_object: no match: d
Fri Mar 16 23:31:55 2018 :: [*****] FILE: pixie.are LINE: 210
Fri Mar 16 23:31:55 2018 :: [*****] BUG: fread_fuss_object: no match: d
Fri Mar 16 23:31:55 2018 :: [*****] FILE: pixie.are LINE: 211
Fri Mar 16 23:31:55 2018 :: [*****] BUG: fread_fuss_object: no match: d
Fri Mar 16 23:31:55 2018 :: [*****] FILE: pixie.are LINE: 232
Fri Mar 16 23:31:55 2018 :: [*****] BUG: fread_fuss_object: no match: d
Fri Mar 16 23:31:55 2018 :: [*****] FILE: pixie.are LINE: 233
Fri Mar 16 23:31:55 2018 :: [*****] BUG: fread_fuss_object: no match: d
Fri Mar 16 23:31:55 2018 :: [*****] FILE: pixie.are LINE: 246
Fri Mar 16 23:31:55 2018 :: [*****] BUG: fread_fuss_object: no match: d
Fri Mar 16 23:31:55 2018 :: [*****] FILE: pixie.are LINE: 267
pixie.are     : Rooms:  2070 - 2099  Objs:  2070 - 2077  Mobs:  2070 - 2073
export.are    : Rooms:  9810 - 9899  Objs:  9810 - 9899  Mobs:  9800 - 9899
srefuge.are   : Rooms:  1500 - 1599  Objs:  1500 - 1599  Mobs:  1500 - 1599
manor.are     : Rooms:  2400 - 2499  Objs:  2400 - 2499  Mobs:  2405 - 2484
unholy.are    : Rooms:  2101 - 2172  Objs:  2101 - 2150  Mobs:  2101 - 2120
gallery.are   : Rooms: 24800 - 24899 Objs: 24800 - 24899 Mobs: 24800 - 24899
housing.are   : Rooms: 50000 - 54999 Objs: 50000 - 54999 Mobs: 50000 - 54999
Fri Mar 16 23:31:55 2018 :: Fixing exits
Fri Mar 16 23:31:55 2018 :: Initializing economy
Fri Mar 16 23:31:55 2018 :: Loading world state...
Fri Mar 16 23:31:55 2018 :: World state: loading mobs
Fri Mar 16 23:31:55 2018 :: World state: loading objs
Fri Mar 16 23:31:55 2018 :: Resetting areas
Fri Mar 16 23:31:55 2018 :: Loading buildlist
Fri Mar 16 23:31:55 2018 :: ../gods/Bob
Fri Mar 16 23:31:55 2018 :: ../gods/Darren
Fri Mar 16 23:31:55 2018 :: ../gods/Tester
Fri Mar 16 23:31:55 2018 :: ../gods/Xander
Fri Mar 16 23:31:55 2018 :: Loading boards
Fri Mar 16 23:31:55 2018 :: ../boards/immortal.brd
Fri Mar 16 23:31:55 2018 :: ../boards/highgod.brd
Fri Mar 16 23:31:55 2018 :: Loading vault list
Fri Mar 16 23:31:55 2018 :: $
Fri Mar 16 23:31:55 2018 ::  Done vaults 
Fri Mar 16 23:31:55 2018 :: Loading clans
Fri Mar 16 23:31:55 2018 :: Loading clans...
Fri Mar 16 23:31:55 2018 :: vampire.gui
Fri Mar 16 23:31:55 2018 :: Cannot open vault - ../clans/vampire.gui.vault
Fri Mar 16 23:31:55 2018 :: druid.gui
Fri Mar 16 23:31:55 2018 :: Cannot open vault - ../clans/druid.gui.vault
Fri Mar 16 23:31:55 2018 :: warrior.gui
Fri Mar 16 23:31:55 2018 :: Cannot open vault - ../clans/warrior.gui.vault
Fri Mar 16 23:31:55 2018 :: augurer.gui
Fri Mar 16 23:31:55 2018 :: Cannot open vault - ../clans/augurer.gui.vault
Fri Mar 16 23:31:55 2018 :: thief.gui
Fri Mar 16 23:31:55 2018 :: Cannot open vault - ../clans/thief.gui.vault
Fri Mar 16 23:31:55 2018 :: cleric.gui
Fri Mar 16 23:31:55 2018 :: Cannot open vault - ../clans/cleric.gui.vault
Fri Mar 16 23:31:55 2018 :: mage.gui
Fri Mar 16 23:31:55 2018 :: Cannot open vault - ../clans/mage.gui.vault
Fri Mar 16 23:31:55 2018 :: ranger.gui
Fri Mar 16 23:31:55 2018 :: Cannot open vault - ../clans/ranger.gui.vault
Fri Mar 16 23:31:55 2018 :: $
Fri Mar 16 23:31:55 2018 ::  Done clans 
Fri Mar 16 23:31:55 2018 :: Loading councils
Fri Mar 16 23:31:55 2018 :: Loading councils...
Fri Mar 16 23:31:55 2018 :: $
Fri Mar 16 23:31:55 2018 ::  Done councils 
Fri Mar 16 23:31:55 2018 :: Loading deities
Fri Mar 16 23:31:55 2018 :: Loading deities...
Fri Mar 16 23:31:55 2018 :: $
Fri Mar 16 23:31:55 2018 ::  Done deities 
Fri Mar 16 23:31:55 2018 :: Loading watches
Fri Mar 16 23:31:55 2018 :: Loading bans
Fri Mar 16 23:31:55 2018 :: Done.
Fri Mar 16 23:31:55 2018 :: Loading reserved names
Fri Mar 16 23:31:55 2018 :: Loading corpses
Fri Mar 16 23:31:55 2018 :: Loading Immortal Hosts
Fri Mar 16 23:31:55 2018 :: Done.
Fri Mar 16 23:31:55 2018 :: Loading Projects
Fri Mar 16 23:31:55 2018 :: Loading Morphs
Fri Mar 16 23:31:55 2018 :: Done.
Fri Mar 16 23:31:55 2018 :: Loading Housing System, Home Accessories Data, and Home Auctioning System
Fri Mar 16 23:31:55 2018 :: Loading login messages
Fri Mar 16 23:31:55 2018 :: Initializing socket
Fri Mar 16 23:31:55 2018 :: (Name Not Set) ready on port 4000.
Fri Mar 16 23:31:55 2018 :: Initiating hotboot recovery.
Fri Mar 16 23:31:55 2018 :: Loading player data for: Xander (2K)
Fri Mar 16 23:31:55 2018 :: Hotboot recovery complete.
Fri Mar 16 23:31:57 2018 :: [*****] BUG: Damage: 2610 more than 2600 points!
Fri Mar 16 23:31:57 2018 :: [*****] BUG: ** Xander (lvl 65) -> naga cage **
Fri Mar 16 23:33:56 2018 :: Log Xander: hotboot
Fri Mar 16 23:33:56 2018 :: Hotboot initiated by Xander.
Fri Mar 16 23:33:56 2018 :: Preserving world state....
Fri Mar 16 23:33:56 2018 :: Saving player files and connection states....
Fri Mar 16 23:33:56 2018 :: Executing hotboot....
Fri Mar 16 23:33:56 2018 :: Booting Database
 0 0 0 0 0 0 0 0 0 0 0 0 0 0 0 0 0 0 0 0 0 0 0 0 0 0 0 0 0 0 0 0
Fri Mar 16 23:33:56 2018 :: [*****] BOOT: ---------------------[ Boot Log ]--------------------
Fri Mar 16 23:33:56 2018 :: Initializing libdl support...
Fri Mar 16 23:33:56 2018 :: Loading commands...
Fri Mar 16 23:33:56 2018 :: [*****] BUG: Error locating do_makewizlist in symbol table. No such process
Fri Mar 16 23:33:56 2018 :: [*****] BUG: fread_command: Function do_makewizlist not found for makewizlist
Fri Mar 16 23:33:56 2018 :: [*****] BUG: Error locating do_soulfeed in symbol table. No such process
Fri Mar 16 23:33:56 2018 :: [*****] BUG: fread_command: Function do_soulfeed not found for soulfeed
Fri Mar 16 23:33:56 2018 :: Loading spec_funs...
Fri Mar 16 23:33:56 2018 :: Loading sysdata configuration...
Fri Mar 16 23:33:56 2018 :: Loading socials
Fri Mar 16 23:33:56 2018 :: Loading skill table
Fri Mar 16 23:33:56 2018 :: Sorting skill table...
Fri Mar 16 23:33:56 2018 :: Creating skill table sorted by type...
Fri Mar 16 23:33:56 2018 :: Remapping slots to sns
Fri Mar 16 23:33:56 2018 :: Loading classes
Fri Mar 16 23:33:56 2018 :: Loading races
Fri Mar 16 23:33:56 2018 :: Loading news data
Fri Mar 16 23:33:56 2018 :: Loading liquids
Fri Mar 16 23:33:56 2018 :: Loading mixtures
Fri Mar 16 23:33:56 2018 :: Loading herb table
Fri Mar 16 23:33:56 2018 :: Loading tongues
Fri Mar 16 23:33:56 2018 :: Loading MSSP Data...
Fri Mar 16 23:33:56 2018 :: Initializing random number generator
Fri Mar 16 23:33:56 2018 :: Setting time and weather.
Fri Mar 16 23:33:56 2018 :: Loading holiday chart...
Fri Mar 16 23:33:56 2018 :: Loading DNS cache...
Fri Mar 16 23:33:56 2018 :: Assigning gsn's
Fri Mar 16 23:33:56 2018 :: Reading in area files...
(help.are)
limbo.are     : Rooms:     2 - 99    Objs:     2 - 99    Mobs:     1 - 99
newacad.are   : Rooms: 10300 - 10499 Objs: 10300 - 10499 Mobs: 10300 - 10499
newgate.are   : Rooms:   100 - 199   Objs:   100 - 199   Mobs:   100 - 199
newdark.are   : Rooms: 21000 - 21499 Objs: 21000 - 21435 Mobs: 21000 - 21499
gods.are      : Rooms:  1200 - 1201  Objs:  1200 - 1200  Mobs:  1200 - 1200
plains.are    : Rooms:   300 - 345   Objs:   300 - 313   Mobs:   300 - 350
haon.are      : Rooms:  6000 - 6156  Objs:  6000 - 6155  Mobs:  6000 - 6117
midennir.are  : Rooms:  3500 - 3590  Objs:  3500 - 3550  Mobs:  3500 - 3550
sewer.are     : Rooms:  7001 - 7445  Objs:  7190 - 7310  Mobs:  7000 - 7206
redferne.are  : Rooms:  7900 - 7918  Objs:  7909 - 7911  Mobs:  7900 - 7900
grove.are     : Rooms:  8901 - 8999  Objs:  8900 - 8919  Mobs:  8900 - 8911
dwarven.are   : Rooms:  6500 - 6554  Objs:  6502 - 6519  Mobs:  6500 - 6517
daycare.are   : Rooms:  6601 - 6651  Objs:  6600 - 6647  Mobs:  6600 - 6610
grave.are     : Rooms:  3600 - 3651  Objs:  3600 - 3613  Mobs:  3600 - 3605
chapel.are    : Rooms:  3405 - 3475  Objs:  3400 - 3430  Mobs:  3400 - 3416
astral.are    : Rooms:   800 - 899   Objs:   800 - 899   Mobs:   800 - 899
Build.are     : Rooms:  9500 - 9589  Objs:     0 - 0     Mobs:     0 - 0
Fri Mar 16 23:33:57 2018 :: [*****] BUG: fread_fuss_object: no match: d
Fri Mar 16 23:33:57 2018 :: [*****] FILE: pixie.are LINE: 209
Fri Mar 16 23:33:57 2018 :: [*****] BUG: fread_fuss_object: no match: d
Fri Mar 16 23:33:57 2018 :: [*****] FILE: pixie.are LINE: 210
Fri Mar 16 23:33:57 2018 :: [*****] BUG: fread_fuss_object: no match: d
Fri Mar 16 23:33:57 2018 :: [*****] FILE: pixie.are LINE: 211
Fri Mar 16 23:33:57 2018 :: [*****] BUG: fread_fuss_object: no match: d
Fri Mar 16 23:33:57 2018 :: [*****] FILE: pixie.are LINE: 232
Fri Mar 16 23:33:57 2018 :: [*****] BUG: fread_fuss_object: no match: d
Fri Mar 16 23:33:57 2018 :: [*****] FILE: pixie.are LINE: 233
Fri Mar 16 23:33:57 2018 :: [*****] BUG: fread_fuss_object: no match: d
Fri Mar 16 23:33:57 2018 :: [*****] FILE: pixie.are LINE: 246
Fri Mar 16 23:33:57 2018 :: [*****] BUG: fread_fuss_object: no match: d
Fri Mar 16 23:33:57 2018 :: [*****] FILE: pixie.are LINE: 267
pixie.are     : Rooms:  2070 - 2099  Objs:  2070 - 2077  Mobs:  2070 - 2073
export.are    : Rooms:  9810 - 9899  Objs:  9810 - 9899  Mobs:  9800 - 9899
srefuge.are   : Rooms:  1500 - 1599  Objs:  1500 - 1599  Mobs:  1500 - 1599
manor.are     : Rooms:  2400 - 2499  Objs:  2400 - 2499  Mobs:  2405 - 2484
unholy.are    : Rooms:  2101 - 2172  Objs:  2101 - 2150  Mobs:  2101 - 2120
gallery.are   : Rooms: 24800 - 24899 Objs: 24800 - 24899 Mobs: 24800 - 24899
housing.are   : Rooms: 50000 - 54999 Objs: 50000 - 54999 Mobs: 50000 - 54999
Fri Mar 16 23:33:57 2018 :: Fixing exits
Fri Mar 16 23:33:57 2018 :: Initializing economy
Fri Mar 16 23:33:57 2018 :: Loading world state...
Fri Mar 16 23:33:57 2018 :: World state: loading mobs
Fri Mar 16 23:33:57 2018 :: World state: loading objs
Fri Mar 16 23:33:57 2018 :: Resetting areas
Fri Mar 16 23:33:57 2018 :: Loading buildlist
Fri Mar 16 23:33:57 2018 :: ../gods/Bob
Fri Mar 16 23:33:57 2018 :: ../gods/Darren
Fri Mar 16 23:33:57 2018 :: ../gods/Tester
Fri Mar 16 23:33:57 2018 :: ../gods/Xander
Fri Mar 16 23:33:57 2018 :: Loading boards
Fri Mar 16 23:33:57 2018 :: ../boards/immortal.brd
Fri Mar 16 23:33:57 2018 :: ../boards/highgod.brd
Fri Mar 16 23:33:57 2018 :: Loading vault list
Fri Mar 16 23:33:57 2018 :: $
Fri Mar 16 23:33:57 2018 ::  Done vaults 
Fri Mar 16 23:33:57 2018 :: Loading clans
Fri Mar 16 23:33:57 2018 :: Loading clans...
Fri Mar 16 23:33:57 2018 :: vampire.gui
Fri Mar 16 23:33:57 2018 :: Cannot open vault - ../clans/vampire.gui.vault
Fri Mar 16 23:33:57 2018 :: druid.gui
Fri Mar 16 23:33:57 2018 :: Cannot open vault - ../clans/druid.gui.vault
Fri Mar 16 23:33:57 2018 :: warrior.gui
Fri Mar 16 23:33:57 2018 :: Cannot open vault - ../clans/warrior.gui.vault
Fri Mar 16 23:33:57 2018 :: augurer.gui
Fri Mar 16 23:33:57 2018 :: Cannot open vault - ../clans/augurer.gui.vault
Fri Mar 16 23:33:57 2018 :: thief.gui
Fri Mar 16 23:33:57 2018 :: Cannot open vault - ../clans/thief.gui.vault
Fri Mar 16 23:33:57 2018 :: cleric.gui
Fri Mar 16 23:33:57 2018 :: Cannot open vault - ../clans/cleric.gui.vault
Fri Mar 16 23:33:57 2018 :: mage.gui
Fri Mar 16 23:33:57 2018 :: Cannot open vault - ../clans/mage.gui.vault
Fri Mar 16 23:33:57 2018 :: ranger.gui
Fri Mar 16 23:33:57 2018 :: Cannot open vault - ../clans/ranger.gui.vault
Fri Mar 16 23:33:57 2018 :: $
Fri Mar 16 23:33:57 2018 ::  Done clans 
Fri Mar 16 23:33:57 2018 :: Loading councils
Fri Mar 16 23:33:57 2018 :: Loading councils...
Fri Mar 16 23:33:57 2018 :: $
Fri Mar 16 23:33:57 2018 ::  Done councils 
Fri Mar 16 23:33:57 2018 :: Loading deities
Fri Mar 16 23:33:57 2018 :: Loading deities...
Fri Mar 16 23:33:57 2018 :: $
Fri Mar 16 23:33:57 2018 ::  Done deities 
Fri Mar 16 23:33:57 2018 :: Loading watches
Fri Mar 16 23:33:57 2018 :: Loading bans
Fri Mar 16 23:33:57 2018 :: Done.
Fri Mar 16 23:33:57 2018 :: Loading reserved names
Fri Mar 16 23:33:57 2018 :: Loading corpses
Fri Mar 16 23:33:57 2018 :: Loading Immortal Hosts
Fri Mar 16 23:33:57 2018 :: Done.
Fri Mar 16 23:33:57 2018 :: Loading Projects
Fri Mar 16 23:33:57 2018 :: Loading Morphs
Fri Mar 16 23:33:57 2018 :: Done.
Fri Mar 16 23:33:57 2018 :: Loading Housing System, Home Accessories Data, and Home Auctioning System
Fri Mar 16 23:33:57 2018 :: Loading login messages
Fri Mar 16 23:33:57 2018 :: Initializing socket
Fri Mar 16 23:33:57 2018 :: (Name Not Set) ready on port 4000.
Fri Mar 16 23:33:57 2018 :: Initiating hotboot recovery.
Fri Mar 16 23:33:57 2018 :: Loading player data for: Xander (2K)
Fri Mar 16 23:33:57 2018 :: Hotboot recovery complete.
Fri Mar 16 23:34:25 2018 :: Log Xander: mset self str 20
Fri Mar 16 23:34:30 2018 :: Log Xander: mset self str 18
Fri Mar 16 23:34:40 2018 :: Log Xander: oinv shield
Fri Mar 16 23:34:46 2018 :: Log Xander: oset shield affect damroll 400
Fri Mar 16 23:43:58 2018 :: Nitchell@127.0.0.1 new Human Ranger.
Fri Mar 16 23:44:02 2018 :: Log hvak1 advancer: mpadvance 0.Nitchell 2
Fri Mar 16 23:44:16 2018 :: Log Xander: trans mitchell
Fri Mar 16 23:44:19 2018 :: Log Xander: trans mitchel
Fri Mar 16 23:44:37 2018 :: Log Xander: trans nitchell
Fri Mar 16 23:45:11 2018 :: Log Xander: force mitchell save
Fri Mar 16 23:46:22 2018 :: Log Xander: advance mitchell 64
Fri Mar 16 23:46:26 2018 :: Log Xander: force mitchell save
Fri Mar 16 23:47:20 2018 :: Mitchell has quit (Room 1200).
Sat Mar 17 00:44:12 2018 :: Preloading player data for: Mitchell (1K)
Sat Mar 17 00:44:17 2018 :: Loading player data for: Mitchell (1K)
Sat Mar 17 00:44:17 2018 :: Mitchell (99.203.15.219) has connected.
Sat Mar 17 00:44:33 2018 :: Log Xander: snoop mitch
Read_from_descriptor: Connection reset by peer
Sat Mar 17 00:51:44 2018 :: Closing link to Mitchell. (INRoom 1200)
Sat Mar 17 02:12:48 2018 :: Log Xander: hotboot
Sat Mar 17 02:12:48 2018 :: Hotboot initiated by Xander.
Sat Mar 17 02:12:48 2018 :: Preserving world state....
Sat Mar 17 02:12:49 2018 :: Saving player files and connection states....
Sat Mar 17 02:12:49 2018 :: Executing hotboot....
Sat Mar 17 02:12:49 2018 :: Booting Database
 0 0 0 0 0 0 0 0 0 0 0 0 0 0 0 0 0 0 0 0 0 0 0 0 0 0 0 0 0 0 0 0
Sat Mar 17 02:12:49 2018 :: [*****] BOOT: ---------------------[ Boot Log ]--------------------
Sat Mar 17 02:12:49 2018 :: Initializing libdl support...
Sat Mar 17 02:12:49 2018 :: Loading commands...
Sat Mar 17 02:12:49 2018 :: [*****] BUG: Error locating do_makewizlist in symbol table. No such process
Sat Mar 17 02:12:49 2018 :: [*****] BUG: fread_command: Function do_makewizlist not found for makewizlist
Sat Mar 17 02:12:49 2018 :: [*****] BUG: Error locating do_soulfeed in symbol table. No such process
Sat Mar 17 02:12:49 2018 :: [*****] BUG: fread_command: Function do_soulfeed not found for soulfeed
Sat Mar 17 02:12:49 2018 :: Loading spec_funs...
Sat Mar 17 02:12:49 2018 :: Loading sysdata configuration...
Sat Mar 17 02:12:49 2018 :: Loading socials
Sat Mar 17 02:12:49 2018 :: Loading skill table
Sat Mar 17 02:12:49 2018 :: Sorting skill table...
Sat Mar 17 02:12:49 2018 :: Creating skill table sorted by type...
Sat Mar 17 02:12:49 2018 :: Remapping slots to sns
Sat Mar 17 02:12:49 2018 :: Loading classes
Sat Mar 17 02:12:49 2018 :: Loading races
Sat Mar 17 02:12:49 2018 :: Loading news data
Sat Mar 17 02:12:49 2018 :: Loading liquids
Sat Mar 17 02:12:49 2018 :: Loading mixtures
Sat Mar 17 02:12:49 2018 :: Loading herb table
Sat Mar 17 02:12:49 2018 :: Loading tongues
Sat Mar 17 02:12:49 2018 :: Loading MSSP Data...
Sat Mar 17 02:12:49 2018 :: Initializing random number generator
Sat Mar 17 02:12:49 2018 :: Setting time and weather.
Sat Mar 17 02:12:49 2018 :: Loading holiday chart...
Sat Mar 17 02:12:49 2018 :: Loading DNS cache...
Sat Mar 17 02:12:49 2018 :: Assigning gsn's
Sat Mar 17 02:12:49 2018 :: Reading in area files...
(help.are)
limbo.are     : Rooms:     2 - 99    Objs:     2 - 99    Mobs:     1 - 99
newacad.are   : Rooms: 10300 - 10499 Objs: 10300 - 10499 Mobs: 10300 - 10499
newgate.are   : Rooms:   100 - 199   Objs:   100 - 199   Mobs:   100 - 199
newdark.are   : Rooms: 21000 - 21499 Objs: 21000 - 21435 Mobs: 21000 - 21499
gods.are      : Rooms:  1200 - 1201  Objs:  1200 - 1200  Mobs:  1200 - 1200
plains.are    : Rooms:   300 - 345   Objs:   300 - 313   Mobs:   300 - 350
haon.are      : Rooms:  6000 - 6156  Objs:  6000 - 6155  Mobs:  6000 - 6117
midennir.are  : Rooms:  3500 - 3590  Objs:  3500 - 3550  Mobs:  3500 - 3550
sewer.are     : Rooms:  7001 - 7445  Objs:  7190 - 7310  Mobs:  7000 - 7206
redferne.are  : Rooms:  7900 - 7918  Objs:  7909 - 7911  Mobs:  7900 - 7900
grove.are     : Rooms:  8901 - 8999  Objs:  8900 - 8919  Mobs:  8900 - 8911
dwarven.are   : Rooms:  6500 - 6554  Objs:  6502 - 6519  Mobs:  6500 - 6517
daycare.are   : Rooms:  6601 - 6651  Objs:  6600 - 6647  Mobs:  6600 - 6610
grave.are     : Rooms:  3600 - 3651  Objs:  3600 - 3613  Mobs:  3600 - 3605
chapel.are    : Rooms:  3405 - 3475  Objs:  3400 - 3430  Mobs:  3400 - 3416
astral.are    : Rooms:   800 - 899   Objs:   800 - 899   Mobs:   800 - 899
Build.are     : Rooms:  9500 - 9589  Objs:     0 - 0     Mobs:     0 - 0
Sat Mar 17 02:12:49 2018 :: [*****] BUG: fread_fuss_object: no match: d
Sat Mar 17 02:12:49 2018 :: [*****] FILE: pixie.are LINE: 209
Sat Mar 17 02:12:49 2018 :: [*****] BUG: fread_fuss_object: no match: d
Sat Mar 17 02:12:49 2018 :: [*****] FILE: pixie.are LINE: 210
Sat Mar 17 02:12:49 2018 :: [*****] BUG: fread_fuss_object: no match: d
Sat Mar 17 02:12:49 2018 :: [*****] FILE: pixie.are LINE: 211
Sat Mar 17 02:12:49 2018 :: [*****] BUG: fread_fuss_object: no match: d
Sat Mar 17 02:12:49 2018 :: [*****] FILE: pixie.are LINE: 232
Sat Mar 17 02:12:49 2018 :: [*****] BUG: fread_fuss_object: no match: d
Sat Mar 17 02:12:49 2018 :: [*****] FILE: pixie.are LINE: 233
Sat Mar 17 02:12:49 2018 :: [*****] BUG: fread_fuss_object: no match: d
Sat Mar 17 02:12:49 2018 :: [*****] FILE: pixie.are LINE: 246
Sat Mar 17 02:12:49 2018 :: [*****] BUG: fread_fuss_object: no match: d
Sat Mar 17 02:12:49 2018 :: [*****] FILE: pixie.are LINE: 267
pixie.are     : Rooms:  2070 - 2099  Objs:  2070 - 2077  Mobs:  2070 - 2073
export.are    : Rooms:  9810 - 9899  Objs:  9810 - 9899  Mobs:  9800 - 9899
srefuge.are   : Rooms:  1500 - 1599  Objs:  1500 - 1599  Mobs:  1500 - 1599
manor.are     : Rooms:  2400 - 2499  Objs:  2400 - 2499  Mobs:  2405 - 2484
unholy.are    : Rooms:  2101 - 2172  Objs:  2101 - 2150  Mobs:  2101 - 2120
gallery.are   : Rooms: 24800 - 24899 Objs: 24800 - 24899 Mobs: 24800 - 24899
housing.are   : Rooms: 50000 - 54999 Objs: 50000 - 54999 Mobs: 50000 - 54999
Sat Mar 17 02:12:49 2018 :: Fixing exits
Sat Mar 17 02:12:49 2018 :: Initializing economy
Sat Mar 17 02:12:49 2018 :: Loading world state...
Sat Mar 17 02:12:49 2018 :: World state: loading mobs
Sat Mar 17 02:12:49 2018 :: World state: loading objs
Sat Mar 17 02:12:50 2018 :: Resetting areas
Sat Mar 17 02:12:50 2018 :: Loading buildlist
Sat Mar 17 02:12:50 2018 :: ../gods/Bob
Sat Mar 17 02:12:50 2018 :: ../gods/Darren
Sat Mar 17 02:12:50 2018 :: ../gods/Mitchell
Sat Mar 17 02:12:50 2018 :: ../gods/Tester
Sat Mar 17 02:12:50 2018 :: ../gods/Xander
Sat Mar 17 02:12:50 2018 :: Loading boards
Sat Mar 17 02:12:50 2018 :: ../boards/immortal.brd
Sat Mar 17 02:12:50 2018 :: ../boards/highgod.brd
Sat Mar 17 02:12:50 2018 :: Loading vault list
Sat Mar 17 02:12:50 2018 :: $
Sat Mar 17 02:12:50 2018 ::  Done vaults 
Sat Mar 17 02:12:50 2018 :: Loading clans
Sat Mar 17 02:12:50 2018 :: Loading clans...
Sat Mar 17 02:12:50 2018 :: vampire.gui
Sat Mar 17 02:12:50 2018 :: Cannot open vault - ../clans/vampire.gui.vault
Sat Mar 17 02:12:50 2018 :: druid.gui
Sat Mar 17 02:12:50 2018 :: Cannot open vault - ../clans/druid.gui.vault
Sat Mar 17 02:12:50 2018 :: warrior.gui
Sat Mar 17 02:12:50 2018 :: Cannot open vault - ../clans/warrior.gui.vault
Sat Mar 17 02:12:50 2018 :: augurer.gui
Sat Mar 17 02:12:50 2018 :: Cannot open vault - ../clans/augurer.gui.vault
Sat Mar 17 02:12:50 2018 :: thief.gui
Sat Mar 17 02:12:50 2018 :: Cannot open vault - ../clans/thief.gui.vault
Sat Mar 17 02:12:50 2018 :: cleric.gui
Sat Mar 17 02:12:50 2018 :: Cannot open vault - ../clans/cleric.gui.vault
Sat Mar 17 02:12:50 2018 :: mage.gui
Sat Mar 17 02:12:50 2018 :: Cannot open vault - ../clans/mage.gui.vault
Sat Mar 17 02:12:50 2018 :: ranger.gui
Sat Mar 17 02:12:50 2018 :: Cannot open vault - ../clans/ranger.gui.vault
Sat Mar 17 02:12:50 2018 :: $
Sat Mar 17 02:12:50 2018 ::  Done clans 
Sat Mar 17 02:12:50 2018 :: Loading councils
Sat Mar 17 02:12:50 2018 :: Loading councils...
Sat Mar 17 02:12:50 2018 :: $
Sat Mar 17 02:12:50 2018 ::  Done councils 
Sat Mar 17 02:12:50 2018 :: Loading deities
Sat Mar 17 02:12:50 2018 :: Loading deities...
Sat Mar 17 02:12:50 2018 :: $
Sat Mar 17 02:12:50 2018 ::  Done deities 
Sat Mar 17 02:12:50 2018 :: Loading watches
Sat Mar 17 02:12:50 2018 :: Loading bans
Sat Mar 17 02:12:50 2018 :: Done.
Sat Mar 17 02:12:50 2018 :: Loading reserved names
Sat Mar 17 02:12:50 2018 :: Loading corpses
Sat Mar 17 02:12:50 2018 :: Loading Immortal Hosts
Sat Mar 17 02:12:50 2018 :: Done.
Sat Mar 17 02:12:50 2018 :: Loading Projects
Sat Mar 17 02:12:50 2018 :: Loading Morphs
Sat Mar 17 02:12:50 2018 :: Done.
Sat Mar 17 02:12:50 2018 :: Loading Housing System, Home Accessories Data, and Home Auctioning System
Sat Mar 17 02:12:50 2018 :: Loading login messages
Sat Mar 17 02:12:50 2018 :: Initializing socket
Sat Mar 17 02:12:50 2018 :: (Name Not Set) ready on port 4000.
Sat Mar 17 02:12:50 2018 :: Initiating hotboot recovery.
Sat Mar 17 02:12:50 2018 :: Loading player data for: Xander (2K)
Sat Mar 17 02:12:50 2018 :: Hotboot recovery complete.
Sat Mar 17 02:12:55 2018 :: Log Xander: mset self str 200
Sat Mar 17 02:13:01 2018 :: Log Xander: mset self str 18
Sat Mar 17 02:13:08 2018 :: Log Xander: minv naga
Sat Mar 17 02:13:14 2018 :: Log Xander: mset naga str 1
Sat Mar 17 02:43:49 2018 :: Log Xander: mset self str 1
Sat Mar 17 03:10:05 2018 :: Log Xander: hotboot
Sat Mar 17 03:10:05 2018 :: Hotboot initiated by Xander.
Sat Mar 17 03:10:05 2018 :: Preserving world state....
Sat Mar 17 03:10:05 2018 :: Saving player files and connection states....
Sat Mar 17 03:10:05 2018 :: Executing hotboot....
Sat Mar 17 03:10:06 2018 :: Booting Database
 0 0 0 0 0 0 0 0 0 0 0 0 0 0 0 0 0 0 0 0 0 0 0 0 0 0 0 0 0 0 0 0
Sat Mar 17 03:10:06 2018 :: [*****] BOOT: ---------------------[ Boot Log ]--------------------
Sat Mar 17 03:10:06 2018 :: Initializing libdl support...
Sat Mar 17 03:10:06 2018 :: Loading commands...
Sat Mar 17 03:10:06 2018 :: [*****] BUG: Error locating do_makewizlist in symbol table. No such process
Sat Mar 17 03:10:06 2018 :: [*****] BUG: fread_command: Function do_makewizlist not found for makewizlist
Sat Mar 17 03:10:06 2018 :: [*****] BUG: Error locating do_soulfeed in symbol table. No such process
Sat Mar 17 03:10:06 2018 :: [*****] BUG: fread_command: Function do_soulfeed not found for soulfeed
Sat Mar 17 03:10:06 2018 :: Loading spec_funs...
Sat Mar 17 03:10:06 2018 :: Loading sysdata configuration...
Sat Mar 17 03:10:06 2018 :: Loading socials
Sat Mar 17 03:10:06 2018 :: Loading skill table
Sat Mar 17 03:10:06 2018 :: Sorting skill table...
Sat Mar 17 03:10:06 2018 :: Creating skill table sorted by type...
Sat Mar 17 03:10:06 2018 :: Remapping slots to sns
Sat Mar 17 03:10:06 2018 :: Loading classes
Sat Mar 17 03:10:06 2018 :: Loading races
Sat Mar 17 03:10:06 2018 :: Loading news data
Sat Mar 17 03:10:06 2018 :: Loading liquids
Sat Mar 17 03:10:06 2018 :: Loading mixtures
Sat Mar 17 03:10:06 2018 :: Loading herb table
Sat Mar 17 03:10:06 2018 :: Loading tongues
Sat Mar 17 03:10:06 2018 :: Loading MSSP Data...
Sat Mar 17 03:10:06 2018 :: Initializing random number generator
Sat Mar 17 03:10:06 2018 :: Setting time and weather.
Sat Mar 17 03:10:06 2018 :: Loading holiday chart...
Sat Mar 17 03:10:06 2018 :: Loading DNS cache...
Sat Mar 17 03:10:06 2018 :: Assigning gsn's
Sat Mar 17 03:10:06 2018 :: Reading in area files...
(help.are)
limbo.are     : Rooms:     2 - 99    Objs:     2 - 99    Mobs:     1 - 99
newacad.are   : Rooms: 10300 - 10499 Objs: 10300 - 10499 Mobs: 10300 - 10499
newgate.are   : Rooms:   100 - 199   Objs:   100 - 199   Mobs:   100 - 199
newdark.are   : Rooms: 21000 - 21499 Objs: 21000 - 21435 Mobs: 21000 - 21499
gods.are      : Rooms:  1200 - 1201  Objs:  1200 - 1200  Mobs:  1200 - 1200
plains.are    : Rooms:   300 - 345   Objs:   300 - 313   Mobs:   300 - 350
haon.are      : Rooms:  6000 - 6156  Objs:  6000 - 6155  Mobs:  6000 - 6117
midennir.are  : Rooms:  3500 - 3590  Objs:  3500 - 3550  Mobs:  3500 - 3550
sewer.are     : Rooms:  7001 - 7445  Objs:  7190 - 7310  Mobs:  7000 - 7206
redferne.are  : Rooms:  7900 - 7918  Objs:  7909 - 7911  Mobs:  7900 - 7900
grove.are     : Rooms:  8901 - 8999  Objs:  8900 - 8919  Mobs:  8900 - 8911
dwarven.are   : Rooms:  6500 - 6554  Objs:  6502 - 6519  Mobs:  6500 - 6517
daycare.are   : Rooms:  6601 - 6651  Objs:  6600 - 6647  Mobs:  6600 - 6610
grave.are     : Rooms:  3600 - 3651  Objs:  3600 - 3613  Mobs:  3600 - 3605
chapel.are    : Rooms:  3405 - 3475  Objs:  3400 - 3430  Mobs:  3400 - 3416
astral.are    : Rooms:   800 - 899   Objs:   800 - 899   Mobs:   800 - 899
Build.are     : Rooms:  9500 - 9589  Objs:     0 - 0     Mobs:     0 - 0
Sat Mar 17 03:10:06 2018 :: [*****] BUG: fread_fuss_object: no match: d
Sat Mar 17 03:10:06 2018 :: [*****] FILE: pixie.are LINE: 209
Sat Mar 17 03:10:06 2018 :: [*****] BUG: fread_fuss_object: no match: d
Sat Mar 17 03:10:06 2018 :: [*****] FILE: pixie.are LINE: 210
Sat Mar 17 03:10:06 2018 :: [*****] BUG: fread_fuss_object: no match: d
Sat Mar 17 03:10:06 2018 :: [*****] FILE: pixie.are LINE: 211
Sat Mar 17 03:10:06 2018 :: [*****] BUG: fread_fuss_object: no match: d
Sat Mar 17 03:10:06 2018 :: [*****] FILE: pixie.are LINE: 232
Sat Mar 17 03:10:06 2018 :: [*****] BUG: fread_fuss_object: no match: d
Sat Mar 17 03:10:06 2018 :: [*****] FILE: pixie.are LINE: 233
Sat Mar 17 03:10:06 2018 :: [*****] BUG: fread_fuss_object: no match: d
Sat Mar 17 03:10:06 2018 :: [*****] FILE: pixie.are LINE: 246
Sat Mar 17 03:10:06 2018 :: [*****] BUG: fread_fuss_object: no match: d
Sat Mar 17 03:10:06 2018 :: [*****] FILE: pixie.are LINE: 267
pixie.are     : Rooms:  2070 - 2099  Objs:  2070 - 2077  Mobs:  2070 - 2073
export.are    : Rooms:  9810 - 9899  Objs:  9810 - 9899  Mobs:  9800 - 9899
srefuge.are   : Rooms:  1500 - 1599  Objs:  1500 - 1599  Mobs:  1500 - 1599
manor.are     : Rooms:  2400 - 2499  Objs:  2400 - 2499  Mobs:  2405 - 2484
unholy.are    : Rooms:  2101 - 2172  Objs:  2101 - 2150  Mobs:  2101 - 2120
gallery.are   : Rooms: 24800 - 24899 Objs: 24800 - 24899 Mobs: 24800 - 24899
housing.are   : Rooms: 50000 - 54999 Objs: 50000 - 54999 Mobs: 50000 - 54999
Sat Mar 17 03:10:06 2018 :: Fixing exits
Sat Mar 17 03:10:06 2018 :: Initializing economy
Sat Mar 17 03:10:06 2018 :: Loading world state...
Sat Mar 17 03:10:06 2018 :: World state: loading mobs
Sat Mar 17 03:10:06 2018 :: World state: loading objs
Sat Mar 17 03:10:06 2018 :: Resetting areas
Sat Mar 17 03:10:06 2018 :: Loading buildlist
Sat Mar 17 03:10:06 2018 :: ../gods/Bob
Sat Mar 17 03:10:06 2018 :: ../gods/Darren
Sat Mar 17 03:10:06 2018 :: ../gods/Mitchell
Sat Mar 17 03:10:06 2018 :: ../gods/Tester
Sat Mar 17 03:10:06 2018 :: ../gods/Xander
Sat Mar 17 03:10:06 2018 :: Loading boards
Sat Mar 17 03:10:06 2018 :: ../boards/immortal.brd
Sat Mar 17 03:10:06 2018 :: ../boards/highgod.brd
Sat Mar 17 03:10:06 2018 :: Loading vault list
Sat Mar 17 03:10:06 2018 :: $
Sat Mar 17 03:10:06 2018 ::  Done vaults 
Sat Mar 17 03:10:06 2018 :: Loading clans
Sat Mar 17 03:10:06 2018 :: Loading clans...
Sat Mar 17 03:10:06 2018 :: vampire.gui
Sat Mar 17 03:10:06 2018 :: Cannot open vault - ../clans/vampire.gui.vault
Sat Mar 17 03:10:06 2018 :: druid.gui
Sat Mar 17 03:10:06 2018 :: Cannot open vault - ../clans/druid.gui.vault
Sat Mar 17 03:10:06 2018 :: warrior.gui
Sat Mar 17 03:10:06 2018 :: Cannot open vault - ../clans/warrior.gui.vault
Sat Mar 17 03:10:06 2018 :: augurer.gui
Sat Mar 17 03:10:06 2018 :: Cannot open vault - ../clans/augurer.gui.vault
Sat Mar 17 03:10:06 2018 :: thief.gui
Sat Mar 17 03:10:06 2018 :: Cannot open vault - ../clans/thief.gui.vault
Sat Mar 17 03:10:06 2018 :: cleric.gui
Sat Mar 17 03:10:06 2018 :: Cannot open vault - ../clans/cleric.gui.vault
Sat Mar 17 03:10:06 2018 :: mage.gui
Sat Mar 17 03:10:06 2018 :: Cannot open vault - ../clans/mage.gui.vault
Sat Mar 17 03:10:06 2018 :: ranger.gui
Sat Mar 17 03:10:06 2018 :: Cannot open vault - ../clans/ranger.gui.vault
Sat Mar 17 03:10:06 2018 :: $
Sat Mar 17 03:10:06 2018 ::  Done clans 
Sat Mar 17 03:10:06 2018 :: Loading councils
Sat Mar 17 03:10:06 2018 :: Loading councils...
Sat Mar 17 03:10:06 2018 :: $
Sat Mar 17 03:10:06 2018 ::  Done councils 
Sat Mar 17 03:10:06 2018 :: Loading deities
Sat Mar 17 03:10:06 2018 :: Loading deities...
Sat Mar 17 03:10:06 2018 :: $
Sat Mar 17 03:10:06 2018 ::  Done deities 
Sat Mar 17 03:10:06 2018 :: Loading watches
Sat Mar 17 03:10:06 2018 :: Loading bans
Sat Mar 17 03:10:06 2018 :: Done.
Sat Mar 17 03:10:06 2018 :: Loading reserved names
Sat Mar 17 03:10:06 2018 :: Loading corpses
Sat Mar 17 03:10:06 2018 :: Loading Immortal Hosts
Sat Mar 17 03:10:06 2018 :: Done.
Sat Mar 17 03:10:06 2018 :: Loading Projects
Sat Mar 17 03:10:06 2018 :: Loading Morphs
Sat Mar 17 03:10:06 2018 :: Done.
Sat Mar 17 03:10:06 2018 :: Loading Housing System, Home Accessories Data, and Home Auctioning System
Sat Mar 17 03:10:06 2018 :: Loading login messages
Sat Mar 17 03:10:06 2018 :: Initializing socket
Sat Mar 17 03:10:06 2018 :: (Name Not Set) ready on port 4000.
Sat Mar 17 03:10:06 2018 :: Initiating hotboot recovery.
Sat Mar 17 03:10:06 2018 :: Loading player data for: Xander (2K)
Sat Mar 17 03:10:06 2018 :: [*****] BUG: fread_char: no match: Wis
Sat Mar 17 03:10:06 2018 :: [*****] FILE: ../player/x/Xander LINE: 18
Sat Mar 17 03:10:06 2018 :: [*****] BUG: fread_char: no match: Con
Sat Mar 17 03:10:06 2018 :: [*****] FILE: ../player/x/Xander LINE: 19
Sat Mar 17 03:10:06 2018 :: [*****] BUG: fread_char: no match: Cha
Sat Mar 17 03:10:06 2018 :: [*****] FILE: ../player/x/Xander LINE: 22
Sat Mar 17 03:10:06 2018 :: [*****] BUG: fread_char: no match: wisplus
Sat Mar 17 03:10:06 2018 :: [*****] FILE: ../player/x/Xander LINE: 29
Sat Mar 17 03:10:06 2018 :: [*****] BUG: fread_char: no match: conplus
Sat Mar 17 03:10:06 2018 :: [*****] FILE: ../player/x/Xander LINE: 30
Sat Mar 17 03:10:06 2018 :: [*****] BUG: fread_char: no match: chaplus
Sat Mar 17 03:10:06 2018 :: [*****] FILE: ../player/x/Xander LINE: 33
Sat Mar 17 03:10:06 2018 :: Hotboot recovery complete.
Sat Mar 17 03:10:20 2018 :: Log Xander: mset self str 999
Sat Mar 17 03:10:29 2018 :: Log Xander: mset self str 180
Sat Mar 17 03:10:38 2018 :: Log Xander: mset self agi 180
Sat Mar 17 03:10:43 2018 :: Log Xander: mset self int 180
Sat Mar 17 03:10:51 2018 :: Log Xander: mset self lck 180
Sat Mar 17 03:17:03 2018 :: Log Xander: hotboot
Sat Mar 17 03:17:03 2018 :: Hotboot initiated by Xander.
Sat Mar 17 03:17:03 2018 :: Preserving world state....
Sat Mar 17 03:17:03 2018 :: Saving player files and connection states....
Sat Mar 17 03:17:03 2018 :: Executing hotboot....
Sat Mar 17 03:17:03 2018 :: Booting Database
 0 0 0 0 0 0 0 0 0 0 0 0 0 0 0 0 0 0 0 0 0 0 0 0 0 0 0 0 0 0 0 0
Sat Mar 17 03:17:03 2018 :: [*****] BOOT: ---------------------[ Boot Log ]--------------------
Sat Mar 17 03:17:03 2018 :: Initializing libdl support...
Sat Mar 17 03:17:03 2018 :: Loading commands...
Sat Mar 17 03:17:03 2018 :: [*****] BUG: Error locating do_makewizlist in symbol table. No such process
Sat Mar 17 03:17:03 2018 :: [*****] BUG: fread_command: Function do_makewizlist not found for makewizlist
Sat Mar 17 03:17:03 2018 :: [*****] BUG: Error locating do_soulfeed in symbol table. No such process
Sat Mar 17 03:17:03 2018 :: [*****] BUG: fread_command: Function do_soulfeed not found for soulfeed
Sat Mar 17 03:17:03 2018 :: Loading spec_funs...
Sat Mar 17 03:17:03 2018 :: Loading sysdata configuration...
Sat Mar 17 03:17:03 2018 :: Loading socials
Sat Mar 17 03:17:03 2018 :: Loading skill table
Sat Mar 17 03:17:03 2018 :: Sorting skill table...
Sat Mar 17 03:17:03 2018 :: Creating skill table sorted by type...
Sat Mar 17 03:17:03 2018 :: Remapping slots to sns
Sat Mar 17 03:17:03 2018 :: Loading classes
Sat Mar 17 03:17:03 2018 :: Loading races
Sat Mar 17 03:17:03 2018 :: Loading news data
Sat Mar 17 03:17:03 2018 :: Loading liquids
Sat Mar 17 03:17:03 2018 :: Loading mixtures
Sat Mar 17 03:17:03 2018 :: Loading herb table
Sat Mar 17 03:17:03 2018 :: Loading tongues
Sat Mar 17 03:17:03 2018 :: Loading MSSP Data...
Sat Mar 17 03:17:03 2018 :: Initializing random number generator
Sat Mar 17 03:17:03 2018 :: Setting time and weather.
Sat Mar 17 03:17:03 2018 :: Loading holiday chart...
Sat Mar 17 03:17:03 2018 :: Loading DNS cache...
Sat Mar 17 03:17:03 2018 :: Assigning gsn's
Sat Mar 17 03:17:03 2018 :: Reading in area files...
(help.are)
limbo.are     : Rooms:     2 - 99    Objs:     2 - 99    Mobs:     1 - 99
newacad.are   : Rooms: 10300 - 10499 Objs: 10300 - 10499 Mobs: 10300 - 10499
newgate.are   : Rooms:   100 - 199   Objs:   100 - 199   Mobs:   100 - 199
newdark.are   : Rooms: 21000 - 21499 Objs: 21000 - 21435 Mobs: 21000 - 21499
gods.are      : Rooms:  1200 - 1201  Objs:  1200 - 1200  Mobs:  1200 - 1200
plains.are    : Rooms:   300 - 345   Objs:   300 - 313   Mobs:   300 - 350
haon.are      : Rooms:  6000 - 6156  Objs:  6000 - 6155  Mobs:  6000 - 6117
midennir.are  : Rooms:  3500 - 3590  Objs:  3500 - 3550  Mobs:  3500 - 3550
sewer.are     : Rooms:  7001 - 7445  Objs:  7190 - 7310  Mobs:  7000 - 7206
redferne.are  : Rooms:  7900 - 7918  Objs:  7909 - 7911  Mobs:  7900 - 7900
grove.are     : Rooms:  8901 - 8999  Objs:  8900 - 8919  Mobs:  8900 - 8911
dwarven.are   : Rooms:  6500 - 6554  Objs:  6502 - 6519  Mobs:  6500 - 6517
daycare.are   : Rooms:  6601 - 6651  Objs:  6600 - 6647  Mobs:  6600 - 6610
grave.are     : Rooms:  3600 - 3651  Objs:  3600 - 3613  Mobs:  3600 - 3605
chapel.are    : Rooms:  3405 - 3475  Objs:  3400 - 3430  Mobs:  3400 - 3416
astral.are    : Rooms:   800 - 899   Objs:   800 - 899   Mobs:   800 - 899
Build.are     : Rooms:  9500 - 9589  Objs:     0 - 0     Mobs:     0 - 0
Sat Mar 17 03:17:03 2018 :: [*****] BUG: fread_fuss_object: no match: d
Sat Mar 17 03:17:03 2018 :: [*****] FILE: pixie.are LINE: 209
Sat Mar 17 03:17:03 2018 :: [*****] BUG: fread_fuss_object: no match: d
Sat Mar 17 03:17:03 2018 :: [*****] FILE: pixie.are LINE: 210
Sat Mar 17 03:17:03 2018 :: [*****] BUG: fread_fuss_object: no match: d
Sat Mar 17 03:17:03 2018 :: [*****] FILE: pixie.are LINE: 211
Sat Mar 17 03:17:03 2018 :: [*****] BUG: fread_fuss_object: no match: d
Sat Mar 17 03:17:03 2018 :: [*****] FILE: pixie.are LINE: 232
Sat Mar 17 03:17:03 2018 :: [*****] BUG: fread_fuss_object: no match: d
Sat Mar 17 03:17:03 2018 :: [*****] FILE: pixie.are LINE: 233
Sat Mar 17 03:17:03 2018 :: [*****] BUG: fread_fuss_object: no match: d
Sat Mar 17 03:17:03 2018 :: [*****] FILE: pixie.are LINE: 246
Sat Mar 17 03:17:03 2018 :: [*****] BUG: fread_fuss_object: no match: d
Sat Mar 17 03:17:03 2018 :: [*****] FILE: pixie.are LINE: 267
pixie.are     : Rooms:  2070 - 2099  Objs:  2070 - 2077  Mobs:  2070 - 2073
export.are    : Rooms:  9810 - 9899  Objs:  9810 - 9899  Mobs:  9800 - 9899
srefuge.are   : Rooms:  1500 - 1599  Objs:  1500 - 1599  Mobs:  1500 - 1599
manor.are     : Rooms:  2400 - 2499  Objs:  2400 - 2499  Mobs:  2405 - 2484
unholy.are    : Rooms:  2101 - 2172  Objs:  2101 - 2150  Mobs:  2101 - 2120
gallery.are   : Rooms: 24800 - 24899 Objs: 24800 - 24899 Mobs: 24800 - 24899
housing.are   : Rooms: 50000 - 54999 Objs: 50000 - 54999 Mobs: 50000 - 54999
Sat Mar 17 03:17:04 2018 :: Fixing exits
Sat Mar 17 03:17:04 2018 :: Initializing economy
Sat Mar 17 03:17:04 2018 :: Loading world state...
Sat Mar 17 03:17:04 2018 :: World state: loading mobs
Sat Mar 17 03:17:04 2018 :: World state: loading objs
Sat Mar 17 03:17:04 2018 :: Resetting areas
Sat Mar 17 03:17:04 2018 :: Loading buildlist
Sat Mar 17 03:17:04 2018 :: ../gods/Bob
Sat Mar 17 03:17:04 2018 :: ../gods/Darren
Sat Mar 17 03:17:04 2018 :: ../gods/Mitchell
Sat Mar 17 03:17:04 2018 :: ../gods/Tester
Sat Mar 17 03:17:04 2018 :: ../gods/Xander
Sat Mar 17 03:17:04 2018 :: Loading boards
Sat Mar 17 03:17:04 2018 :: ../boards/immortal.brd
Sat Mar 17 03:17:04 2018 :: ../boards/highgod.brd
Sat Mar 17 03:17:04 2018 :: Loading vault list
Sat Mar 17 03:17:04 2018 :: $
Sat Mar 17 03:17:04 2018 ::  Done vaults 
Sat Mar 17 03:17:04 2018 :: Loading clans
Sat Mar 17 03:17:04 2018 :: Loading clans...
Sat Mar 17 03:17:04 2018 :: vampire.gui
Sat Mar 17 03:17:04 2018 :: Cannot open vault - ../clans/vampire.gui.vault
Sat Mar 17 03:17:04 2018 :: druid.gui
Sat Mar 17 03:17:04 2018 :: Cannot open vault - ../clans/druid.gui.vault
Sat Mar 17 03:17:04 2018 :: warrior.gui
Sat Mar 17 03:17:04 2018 :: Cannot open vault - ../clans/warrior.gui.vault
Sat Mar 17 03:17:04 2018 :: augurer.gui
Sat Mar 17 03:17:04 2018 :: Cannot open vault - ../clans/augurer.gui.vault
Sat Mar 17 03:17:04 2018 :: thief.gui
Sat Mar 17 03:17:04 2018 :: Cannot open vault - ../clans/thief.gui.vault
Sat Mar 17 03:17:04 2018 :: cleric.gui
Sat Mar 17 03:17:04 2018 :: Cannot open vault - ../clans/cleric.gui.vault
Sat Mar 17 03:17:04 2018 :: mage.gui
Sat Mar 17 03:17:04 2018 :: Cannot open vault - ../clans/mage.gui.vault
Sat Mar 17 03:17:04 2018 :: ranger.gui
Sat Mar 17 03:17:04 2018 :: Cannot open vault - ../clans/ranger.gui.vault
Sat Mar 17 03:17:04 2018 :: $
Sat Mar 17 03:17:04 2018 ::  Done clans 
Sat Mar 17 03:17:04 2018 :: Loading councils
Sat Mar 17 03:17:04 2018 :: Loading councils...
Sat Mar 17 03:17:04 2018 :: $
Sat Mar 17 03:17:04 2018 ::  Done councils 
Sat Mar 17 03:17:04 2018 :: Loading deities
Sat Mar 17 03:17:04 2018 :: Loading deities...
Sat Mar 17 03:17:04 2018 :: $
Sat Mar 17 03:17:04 2018 ::  Done deities 
Sat Mar 17 03:17:04 2018 :: Loading watches
Sat Mar 17 03:17:04 2018 :: Loading bans
Sat Mar 17 03:17:04 2018 :: Done.
Sat Mar 17 03:17:04 2018 :: Loading reserved names
Sat Mar 17 03:17:04 2018 :: Loading corpses
Sat Mar 17 03:17:04 2018 :: Loading Immortal Hosts
Sat Mar 17 03:17:04 2018 :: Done.
Sat Mar 17 03:17:04 2018 :: Loading Projects
Sat Mar 17 03:17:04 2018 :: Loading Morphs
Sat Mar 17 03:17:04 2018 :: Done.
Sat Mar 17 03:17:04 2018 :: Loading Housing System, Home Accessories Data, and Home Auctioning System
Sat Mar 17 03:17:04 2018 :: Loading login messages
Sat Mar 17 03:17:04 2018 :: Initializing socket
Sat Mar 17 03:17:04 2018 :: (Name Not Set) ready on port 4000.
Sat Mar 17 03:17:04 2018 :: Initiating hotboot recovery.
Sat Mar 17 03:17:04 2018 :: Loading player data for: Xander (2K)
Sat Mar 17 03:17:04 2018 :: Hotboot recovery complete.
Sat Mar 17 03:17:46 2018 :: Log Xander: hotboot
Sat Mar 17 03:17:46 2018 :: Hotboot initiated by Xander.
Sat Mar 17 03:17:46 2018 :: Preserving world state....
Sat Mar 17 03:17:46 2018 :: Saving player files and connection states....
Sat Mar 17 03:17:46 2018 :: Executing hotboot....
Sat Mar 17 03:17:46 2018 :: Booting Database
 0 0 0 0 0 0 0 0 0 0 0 0 0 0 0 0 0 0 0 0 0 0 0 0 0 0 0 0 0 0 0 0
Sat Mar 17 03:17:46 2018 :: [*****] BOOT: ---------------------[ Boot Log ]--------------------
Sat Mar 17 03:17:46 2018 :: Initializing libdl support...
Sat Mar 17 03:17:46 2018 :: Loading commands...
Sat Mar 17 03:17:46 2018 :: [*****] BUG: Error locating do_makewizlist in symbol table. No such process
Sat Mar 17 03:17:46 2018 :: [*****] BUG: fread_command: Function do_makewizlist not found for makewizlist
Sat Mar 17 03:17:46 2018 :: [*****] BUG: Error locating do_soulfeed in symbol table. No such process
Sat Mar 17 03:17:46 2018 :: [*****] BUG: fread_command: Function do_soulfeed not found for soulfeed
Sat Mar 17 03:17:46 2018 :: Loading spec_funs...
Sat Mar 17 03:17:46 2018 :: Loading sysdata configuration...
Sat Mar 17 03:17:46 2018 :: Loading socials
Sat Mar 17 03:17:46 2018 :: Loading skill table
Sat Mar 17 03:17:46 2018 :: Sorting skill table...
Sat Mar 17 03:17:46 2018 :: Creating skill table sorted by type...
Sat Mar 17 03:17:46 2018 :: Remapping slots to sns
Sat Mar 17 03:17:46 2018 :: Loading classes
Sat Mar 17 03:17:46 2018 :: Loading races
Sat Mar 17 03:17:46 2018 :: Loading news data
Sat Mar 17 03:17:46 2018 :: Loading liquids
Sat Mar 17 03:17:46 2018 :: Loading mixtures
Sat Mar 17 03:17:46 2018 :: Loading herb table
Sat Mar 17 03:17:46 2018 :: Loading tongues
Sat Mar 17 03:17:46 2018 :: Loading MSSP Data...
Sat Mar 17 03:17:46 2018 :: Initializing random number generator
Sat Mar 17 03:17:46 2018 :: Setting time and weather.
Sat Mar 17 03:17:46 2018 :: Loading holiday chart...
Sat Mar 17 03:17:46 2018 :: Loading DNS cache...
Sat Mar 17 03:17:46 2018 :: Assigning gsn's
Sat Mar 17 03:17:46 2018 :: Reading in area files...
(help.are)
limbo.are     : Rooms:     2 - 99    Objs:     2 - 99    Mobs:     1 - 99
newacad.are   : Rooms: 10300 - 10499 Objs: 10300 - 10499 Mobs: 10300 - 10499
newgate.are   : Rooms:   100 - 199   Objs:   100 - 199   Mobs:   100 - 199
newdark.are   : Rooms: 21000 - 21499 Objs: 21000 - 21435 Mobs: 21000 - 21499
gods.are      : Rooms:  1200 - 1201  Objs:  1200 - 1200  Mobs:  1200 - 1200
plains.are    : Rooms:   300 - 345   Objs:   300 - 313   Mobs:   300 - 350
haon.are      : Rooms:  6000 - 6156  Objs:  6000 - 6155  Mobs:  6000 - 6117
midennir.are  : Rooms:  3500 - 3590  Objs:  3500 - 3550  Mobs:  3500 - 3550
sewer.are     : Rooms:  7001 - 7445  Objs:  7190 - 7310  Mobs:  7000 - 7206
redferne.are  : Rooms:  7900 - 7918  Objs:  7909 - 7911  Mobs:  7900 - 7900
grove.are     : Rooms:  8901 - 8999  Objs:  8900 - 8919  Mobs:  8900 - 8911
dwarven.are   : Rooms:  6500 - 6554  Objs:  6502 - 6519  Mobs:  6500 - 6517
daycare.are   : Rooms:  6601 - 6651  Objs:  6600 - 6647  Mobs:  6600 - 6610
grave.are     : Rooms:  3600 - 3651  Objs:  3600 - 3613  Mobs:  3600 - 3605
chapel.are    : Rooms:  3405 - 3475  Objs:  3400 - 3430  Mobs:  3400 - 3416
astral.are    : Rooms:   800 - 899   Objs:   800 - 899   Mobs:   800 - 899
Build.are     : Rooms:  9500 - 9589  Objs:     0 - 0     Mobs:     0 - 0
Sat Mar 17 03:17:46 2018 :: [*****] BUG: fread_fuss_object: no match: d
Sat Mar 17 03:17:46 2018 :: [*****] FILE: pixie.are LINE: 209
Sat Mar 17 03:17:46 2018 :: [*****] BUG: fread_fuss_object: no match: d
Sat Mar 17 03:17:46 2018 :: [*****] FILE: pixie.are LINE: 210
Sat Mar 17 03:17:46 2018 :: [*****] BUG: fread_fuss_object: no match: d
Sat Mar 17 03:17:46 2018 :: [*****] FILE: pixie.are LINE: 211
Sat Mar 17 03:17:46 2018 :: [*****] BUG: fread_fuss_object: no match: d
Sat Mar 17 03:17:46 2018 :: [*****] FILE: pixie.are LINE: 232
Sat Mar 17 03:17:46 2018 :: [*****] BUG: fread_fuss_object: no match: d
Sat Mar 17 03:17:46 2018 :: [*****] FILE: pixie.are LINE: 233
Sat Mar 17 03:17:46 2018 :: [*****] BUG: fread_fuss_object: no match: d
Sat Mar 17 03:17:46 2018 :: [*****] FILE: pixie.are LINE: 246
Sat Mar 17 03:17:46 2018 :: [*****] BUG: fread_fuss_object: no match: d
Sat Mar 17 03:17:46 2018 :: [*****] FILE: pixie.are LINE: 267
pixie.are     : Rooms:  2070 - 2099  Objs:  2070 - 2077  Mobs:  2070 - 2073
export.are    : Rooms:  9810 - 9899  Objs:  9810 - 9899  Mobs:  9800 - 9899
srefuge.are   : Rooms:  1500 - 1599  Objs:  1500 - 1599  Mobs:  1500 - 1599
manor.are     : Rooms:  2400 - 2499  Objs:  2400 - 2499  Mobs:  2405 - 2484
unholy.are    : Rooms:  2101 - 2172  Objs:  2101 - 2150  Mobs:  2101 - 2120
gallery.are   : Rooms: 24800 - 24899 Objs: 24800 - 24899 Mobs: 24800 - 24899
housing.are   : Rooms: 50000 - 54999 Objs: 50000 - 54999 Mobs: 50000 - 54999
Sat Mar 17 03:17:46 2018 :: Fixing exits
Sat Mar 17 03:17:46 2018 :: Initializing economy
Sat Mar 17 03:17:46 2018 :: Loading world state...
Sat Mar 17 03:17:46 2018 :: World state: loading mobs
Sat Mar 17 03:17:46 2018 :: World state: loading objs
Sat Mar 17 03:17:46 2018 :: Resetting areas
Sat Mar 17 03:17:46 2018 :: Loading buildlist
Sat Mar 17 03:17:46 2018 :: ../gods/Bob
Sat Mar 17 03:17:46 2018 :: ../gods/Darren
Sat Mar 17 03:17:46 2018 :: ../gods/Mitchell
Sat Mar 17 03:17:46 2018 :: ../gods/Tester
Sat Mar 17 03:17:46 2018 :: ../gods/Xander
Sat Mar 17 03:17:46 2018 :: Loading boards
Sat Mar 17 03:17:46 2018 :: ../boards/immortal.brd
Sat Mar 17 03:17:46 2018 :: ../boards/highgod.brd
Sat Mar 17 03:17:46 2018 :: Loading vault list
Sat Mar 17 03:17:46 2018 :: $
Sat Mar 17 03:17:46 2018 ::  Done vaults 
Sat Mar 17 03:17:46 2018 :: Loading clans
Sat Mar 17 03:17:46 2018 :: Loading clans...
Sat Mar 17 03:17:46 2018 :: vampire.gui
Sat Mar 17 03:17:46 2018 :: Cannot open vault - ../clans/vampire.gui.vault
Sat Mar 17 03:17:46 2018 :: druid.gui
Sat Mar 17 03:17:46 2018 :: Cannot open vault - ../clans/druid.gui.vault
Sat Mar 17 03:17:46 2018 :: warrior.gui
Sat Mar 17 03:17:46 2018 :: Cannot open vault - ../clans/warrior.gui.vault
Sat Mar 17 03:17:46 2018 :: augurer.gui
Sat Mar 17 03:17:46 2018 :: Cannot open vault - ../clans/augurer.gui.vault
Sat Mar 17 03:17:46 2018 :: thief.gui
Sat Mar 17 03:17:46 2018 :: Cannot open vault - ../clans/thief.gui.vault
Sat Mar 17 03:17:46 2018 :: cleric.gui
Sat Mar 17 03:17:46 2018 :: Cannot open vault - ../clans/cleric.gui.vault
Sat Mar 17 03:17:46 2018 :: mage.gui
Sat Mar 17 03:17:46 2018 :: Cannot open vault - ../clans/mage.gui.vault
Sat Mar 17 03:17:46 2018 :: ranger.gui
Sat Mar 17 03:17:46 2018 :: Cannot open vault - ../clans/ranger.gui.vault
Sat Mar 17 03:17:46 2018 :: $
Sat Mar 17 03:17:46 2018 ::  Done clans 
Sat Mar 17 03:17:46 2018 :: Loading councils
Sat Mar 17 03:17:46 2018 :: Loading councils...
Sat Mar 17 03:17:46 2018 :: $
Sat Mar 17 03:17:46 2018 ::  Done councils 
Sat Mar 17 03:17:46 2018 :: Loading deities
Sat Mar 17 03:17:46 2018 :: Loading deities...
Sat Mar 17 03:17:46 2018 :: $
Sat Mar 17 03:17:46 2018 ::  Done deities 
Sat Mar 17 03:17:46 2018 :: Loading watches
Sat Mar 17 03:17:46 2018 :: Loading bans
Sat Mar 17 03:17:46 2018 :: Done.
Sat Mar 17 03:17:46 2018 :: Loading reserved names
Sat Mar 17 03:17:46 2018 :: Loading corpses
Sat Mar 17 03:17:46 2018 :: Loading Immortal Hosts
Sat Mar 17 03:17:46 2018 :: Done.
Sat Mar 17 03:17:46 2018 :: Loading Projects
Sat Mar 17 03:17:46 2018 :: Loading Morphs
Sat Mar 17 03:17:46 2018 :: Done.
Sat Mar 17 03:17:46 2018 :: Loading Housing System, Home Accessories Data, and Home Auctioning System
Sat Mar 17 03:17:46 2018 :: Loading login messages
Sat Mar 17 03:17:46 2018 :: Initializing socket
Sat Mar 17 03:17:46 2018 :: (Name Not Set) ready on port 4000.
Sat Mar 17 03:17:46 2018 :: Initiating hotboot recovery.
Sat Mar 17 03:17:47 2018 :: Loading player data for: Xander (2K)
Sat Mar 17 03:17:47 2018 :: Hotboot recovery complete.
Sat Mar 17 03:25:21 2018 :: Log Xander: mset self wis 2
Sat Mar 17 03:25:32 2018 :: Log Xander: mset self wis 4
Sat Mar 17 03:25:45 2018 :: Log Xander: mset self cha 9
Sat Mar 17 03:26:07 2018 :: Log Xander: mset self con 8
Sat Mar 17 03:26:14 2018 :: Log Xander: minv naga
Sat Mar 17 03:26:18 2018 :: Log Xander: mset naga con 5
Sat Mar 17 03:26:25 2018 :: Log Xander: mset naga cha 5
Sat Mar 17 03:26:31 2018 :: Log Xander: mset naga wis 5
Sat Mar 17 03:26:43 2018 :: Log Xander: mset naga int 4
Sat Mar 17 03:26:54 2018 :: Log Xander: mset naga agi 4
Sat Mar 17 03:27:03 2018 :: Log Xander: mset naga lck 4
Sat Mar 17 03:46:41 2018 :: Log Xander: hotboot
Sat Mar 17 03:46:41 2018 :: Hotboot initiated by Xander.
Sat Mar 17 03:46:41 2018 :: Preserving world state....
Sat Mar 17 03:46:41 2018 :: Saving player files and connection states....
Sat Mar 17 03:46:41 2018 :: Executing hotboot....
Sat Mar 17 03:46:41 2018 :: Booting Database
 0 0 0 0 0 0 0 0 0 0 0 0 0 0 0 0 0 0 0 0 0 0 0 0 0 0 0 0 0 0 0 0
Sat Mar 17 03:46:41 2018 :: [*****] BOOT: ---------------------[ Boot Log ]--------------------
Sat Mar 17 03:46:41 2018 :: Initializing libdl support...
Sat Mar 17 03:46:41 2018 :: Loading commands...
Sat Mar 17 03:46:41 2018 :: [*****] BUG: Error locating do_makewizlist in symbol table. No such process
Sat Mar 17 03:46:41 2018 :: [*****] BUG: fread_command: Function do_makewizlist not found for makewizlist
Sat Mar 17 03:46:41 2018 :: [*****] BUG: Error locating do_soulfeed in symbol table. No such process
Sat Mar 17 03:46:41 2018 :: [*****] BUG: fread_command: Function do_soulfeed not found for soulfeed
Sat Mar 17 03:46:41 2018 :: Loading spec_funs...
Sat Mar 17 03:46:41 2018 :: Loading sysdata configuration...
Sat Mar 17 03:46:41 2018 :: Loading socials
Sat Mar 17 03:46:41 2018 :: Loading skill table
Sat Mar 17 03:46:41 2018 :: Sorting skill table...
Sat Mar 17 03:46:41 2018 :: Creating skill table sorted by type...
Sat Mar 17 03:46:41 2018 :: Remapping slots to sns
Sat Mar 17 03:46:41 2018 :: Loading classes
Sat Mar 17 03:46:41 2018 :: Loading races
Sat Mar 17 03:46:41 2018 :: Loading news data
Sat Mar 17 03:46:41 2018 :: Loading liquids
Sat Mar 17 03:46:41 2018 :: Loading mixtures
Sat Mar 17 03:46:41 2018 :: Loading herb table
Sat Mar 17 03:46:41 2018 :: Loading tongues
Sat Mar 17 03:46:41 2018 :: Loading MSSP Data...
Sat Mar 17 03:46:41 2018 :: Initializing random number generator
Sat Mar 17 03:46:41 2018 :: Setting time and weather.
Sat Mar 17 03:46:41 2018 :: Loading holiday chart...
Sat Mar 17 03:46:41 2018 :: Loading DNS cache...
Sat Mar 17 03:46:41 2018 :: Assigning gsn's
Sat Mar 17 03:46:41 2018 :: Reading in area files...
(help.are)
limbo.are     : Rooms:     2 - 99    Objs:     2 - 99    Mobs:     1 - 99
newacad.are   : Rooms: 10300 - 10499 Objs: 10300 - 10499 Mobs: 10300 - 10499
newgate.are   : Rooms:   100 - 199   Objs:   100 - 199   Mobs:   100 - 199
newdark.are   : Rooms: 21000 - 21499 Objs: 21000 - 21435 Mobs: 21000 - 21499
gods.are      : Rooms:  1200 - 1201  Objs:  1200 - 1200  Mobs:  1200 - 1200
plains.are    : Rooms:   300 - 345   Objs:   300 - 313   Mobs:   300 - 350
haon.are      : Rooms:  6000 - 6156  Objs:  6000 - 6155  Mobs:  6000 - 6117
midennir.are  : Rooms:  3500 - 3590  Objs:  3500 - 3550  Mobs:  3500 - 3550
sewer.are     : Rooms:  7001 - 7445  Objs:  7190 - 7310  Mobs:  7000 - 7206
redferne.are  : Rooms:  7900 - 7918  Objs:  7909 - 7911  Mobs:  7900 - 7900
grove.are     : Rooms:  8901 - 8999  Objs:  8900 - 8919  Mobs:  8900 - 8911
dwarven.are   : Rooms:  6500 - 6554  Objs:  6502 - 6519  Mobs:  6500 - 6517
daycare.are   : Rooms:  6601 - 6651  Objs:  6600 - 6647  Mobs:  6600 - 6610
grave.are     : Rooms:  3600 - 3651  Objs:  3600 - 3613  Mobs:  3600 - 3605
chapel.are    : Rooms:  3405 - 3475  Objs:  3400 - 3430  Mobs:  3400 - 3416
astral.are    : Rooms:   800 - 899   Objs:   800 - 899   Mobs:   800 - 899
Build.are     : Rooms:  9500 - 9589  Objs:     0 - 0     Mobs:     0 - 0
Sat Mar 17 03:46:41 2018 :: [*****] BUG: fread_fuss_object: no match: d
Sat Mar 17 03:46:41 2018 :: [*****] FILE: pixie.are LINE: 209
Sat Mar 17 03:46:41 2018 :: [*****] BUG: fread_fuss_object: no match: d
Sat Mar 17 03:46:41 2018 :: [*****] FILE: pixie.are LINE: 210
Sat Mar 17 03:46:41 2018 :: [*****] BUG: fread_fuss_object: no match: d
Sat Mar 17 03:46:41 2018 :: [*****] FILE: pixie.are LINE: 211
Sat Mar 17 03:46:41 2018 :: [*****] BUG: fread_fuss_object: no match: d
Sat Mar 17 03:46:41 2018 :: [*****] FILE: pixie.are LINE: 232
Sat Mar 17 03:46:41 2018 :: [*****] BUG: fread_fuss_object: no match: d
Sat Mar 17 03:46:41 2018 :: [*****] FILE: pixie.are LINE: 233
Sat Mar 17 03:46:41 2018 :: [*****] BUG: fread_fuss_object: no match: d
Sat Mar 17 03:46:41 2018 :: [*****] FILE: pixie.are LINE: 246
Sat Mar 17 03:46:41 2018 :: [*****] BUG: fread_fuss_object: no match: d
Sat Mar 17 03:46:41 2018 :: [*****] FILE: pixie.are LINE: 267
pixie.are     : Rooms:  2070 - 2099  Objs:  2070 - 2077  Mobs:  2070 - 2073
export.are    : Rooms:  9810 - 9899  Objs:  9810 - 9899  Mobs:  9800 - 9899
srefuge.are   : Rooms:  1500 - 1599  Objs:  1500 - 1599  Mobs:  1500 - 1599
manor.are     : Rooms:  2400 - 2499  Objs:  2400 - 2499  Mobs:  2405 - 2484
unholy.are    : Rooms:  2101 - 2172  Objs:  2101 - 2150  Mobs:  2101 - 2120
gallery.are   : Rooms: 24800 - 24899 Objs: 24800 - 24899 Mobs: 24800 - 24899
housing.are   : Rooms: 50000 - 54999 Objs: 50000 - 54999 Mobs: 50000 - 54999
Sat Mar 17 03:46:41 2018 :: Fixing exits
Sat Mar 17 03:46:41 2018 :: Initializing economy
Sat Mar 17 03:46:41 2018 :: Loading world state...
Sat Mar 17 03:46:41 2018 :: World state: loading mobs
Sat Mar 17 03:46:41 2018 :: World state: loading objs
Sat Mar 17 03:46:42 2018 :: Resetting areas
Sat Mar 17 03:46:42 2018 :: Loading buildlist
Sat Mar 17 03:46:42 2018 :: ../gods/Bob
Sat Mar 17 03:46:42 2018 :: ../gods/Darren
Sat Mar 17 03:46:42 2018 :: ../gods/Mitchell
Sat Mar 17 03:46:42 2018 :: ../gods/Tester
Sat Mar 17 03:46:42 2018 :: ../gods/Xander
Sat Mar 17 03:46:42 2018 :: Loading boards
Sat Mar 17 03:46:42 2018 :: ../boards/immortal.brd
Sat Mar 17 03:46:42 2018 :: ../boards/highgod.brd
Sat Mar 17 03:46:42 2018 :: Loading vault list
Sat Mar 17 03:46:42 2018 :: $
Sat Mar 17 03:46:42 2018 ::  Done vaults 
Sat Mar 17 03:46:42 2018 :: Loading clans
Sat Mar 17 03:46:42 2018 :: Loading clans...
Sat Mar 17 03:46:42 2018 :: vampire.gui
Sat Mar 17 03:46:42 2018 :: Cannot open vault - ../clans/vampire.gui.vault
Sat Mar 17 03:46:42 2018 :: druid.gui
Sat Mar 17 03:46:42 2018 :: Cannot open vault - ../clans/druid.gui.vault
Sat Mar 17 03:46:42 2018 :: warrior.gui
Sat Mar 17 03:46:42 2018 :: Cannot open vault - ../clans/warrior.gui.vault
Sat Mar 17 03:46:42 2018 :: augurer.gui
Sat Mar 17 03:46:42 2018 :: Cannot open vault - ../clans/augurer.gui.vault
Sat Mar 17 03:46:42 2018 :: thief.gui
Sat Mar 17 03:46:42 2018 :: Cannot open vault - ../clans/thief.gui.vault
Sat Mar 17 03:46:42 2018 :: cleric.gui
Sat Mar 17 03:46:42 2018 :: Cannot open vault - ../clans/cleric.gui.vault
Sat Mar 17 03:46:42 2018 :: mage.gui
Sat Mar 17 03:46:42 2018 :: Cannot open vault - ../clans/mage.gui.vault
Sat Mar 17 03:46:42 2018 :: ranger.gui
Sat Mar 17 03:46:42 2018 :: Cannot open vault - ../clans/ranger.gui.vault
Sat Mar 17 03:46:42 2018 :: $
Sat Mar 17 03:46:42 2018 ::  Done clans 
Sat Mar 17 03:46:42 2018 :: Loading councils
Sat Mar 17 03:46:42 2018 :: Loading councils...
Sat Mar 17 03:46:42 2018 :: $
Sat Mar 17 03:46:42 2018 ::  Done councils 
Sat Mar 17 03:46:42 2018 :: Loading deities
Sat Mar 17 03:46:42 2018 :: Loading deities...
Sat Mar 17 03:46:42 2018 :: $
Sat Mar 17 03:46:42 2018 ::  Done deities 
Sat Mar 17 03:46:42 2018 :: Loading watches
Sat Mar 17 03:46:42 2018 :: Loading bans
Sat Mar 17 03:46:42 2018 :: Done.
Sat Mar 17 03:46:42 2018 :: Loading reserved names
Sat Mar 17 03:46:42 2018 :: Loading corpses
Sat Mar 17 03:46:42 2018 :: Loading Immortal Hosts
Sat Mar 17 03:46:42 2018 :: Done.
Sat Mar 17 03:46:42 2018 :: Loading Projects
Sat Mar 17 03:46:42 2018 :: Loading Morphs
Sat Mar 17 03:46:42 2018 :: Done.
Sat Mar 17 03:46:42 2018 :: Loading Housing System, Home Accessories Data, and Home Auctioning System
Sat Mar 17 03:46:42 2018 :: Loading login messages
Sat Mar 17 03:46:42 2018 :: Initializing socket
Sat Mar 17 03:46:42 2018 :: (Name Not Set) ready on port 4000.
Sat Mar 17 03:46:42 2018 :: Initiating hotboot recovery.
Sat Mar 17 03:46:42 2018 :: Loading player data for: Xander (2K)
Sat Mar 17 03:46:42 2018 :: Hotboot recovery complete.
Sat Mar 17 03:47:14 2018 :: Trial@127.0.0.1 new Dwarf Ranger.
Sat Mar 17 03:47:18 2018 :: Log hvak1 advancer: mpadvance 0.Trial 2
Sat Mar 17 03:47:45 2018 :: Log Xander: trans trial naga
Sat Mar 17 03:52:24 2018 :: Log Xander: trans tes
Sat Mar 17 03:52:33 2018 :: Log Xander: trans tria
Sat Mar 17 03:53:16 2018 :: Log Xander: minv carrion
Sat Mar 17 03:53:22 2018 :: Log Xander: minv crawler
Sat Mar 17 03:53:23 2018 :: Log Xander: minv crawler
Sat Mar 17 03:53:24 2018 :: Log Xander: minv crawler
Sat Mar 17 03:53:24 2018 :: Log Xander: minv crawler
Sat Mar 17 03:53:24 2018 :: Log Xander: minv crawler
Sat Mar 17 03:53:25 2018 :: Log Xander: minv crawler
Sat Mar 17 03:53:25 2018 :: Log Xander: minv crawler
Sat Mar 17 03:53:25 2018 :: Log Xander: minv crawler
Sat Mar 17 03:53:26 2018 :: Log Xander: minv crawler
Sat Mar 17 03:53:26 2018 :: Log Xander: minv crawler
