Sat Mar 17 19:32:53 2018 :: Booting Database
 0 0 0 0 0 0 0 0 0 0 0 0 0 0 0 0 0 0 0 0 0 0 0 0 0 0 0 0 0 0 0 0
Sat Mar 17 19:32:53 2018 :: [*****] BOOT: ---------------------[ Boot Log ]--------------------
Sat Mar 17 19:32:53 2018 :: Initializing libdl support...
Sat Mar 17 19:32:53 2018 :: Loading commands...
Sat Mar 17 19:32:53 2018 :: [*****] BUG: Error locating do_makewizlist in symbol table. No such process
Sat Mar 17 19:32:53 2018 :: [*****] BUG: fread_command: Function do_makewizlist not found for makewizlist
Sat Mar 17 19:32:53 2018 :: [*****] BUG: Error locating do_soulfeed in symbol table. No such process
Sat Mar 17 19:32:53 2018 :: [*****] BUG: fread_command: Function do_soulfeed not found for soulfeed
Sat Mar 17 19:32:53 2018 :: Loading spec_funs...
Sat Mar 17 19:32:53 2018 :: Loading sysdata configuration...
Sat Mar 17 19:32:53 2018 :: Loading socials
Sat Mar 17 19:32:53 2018 :: Loading skill table
Sat Mar 17 19:32:53 2018 :: Sorting skill table...
Sat Mar 17 19:32:53 2018 :: Creating skill table sorted by type...
Sat Mar 17 19:32:53 2018 :: Remapping slots to sns
Sat Mar 17 19:32:53 2018 :: Loading classes
Sat Mar 17 19:32:53 2018 :: Loading races
Sat Mar 17 19:32:53 2018 :: Loading news data
Sat Mar 17 19:32:53 2018 :: Loading liquids
Sat Mar 17 19:32:53 2018 :: Loading mixtures
Sat Mar 17 19:32:53 2018 :: Loading herb table
Sat Mar 17 19:32:53 2018 :: Loading tongues
Sat Mar 17 19:32:53 2018 :: Loading MSSP Data...
Sat Mar 17 19:32:53 2018 :: Initializing random number generator
Sat Mar 17 19:32:53 2018 :: Setting time and weather.
Sat Mar 17 19:32:53 2018 :: Loading holiday chart...
Sat Mar 17 19:32:53 2018 :: Loading DNS cache...
Sat Mar 17 19:32:53 2018 :: Assigning gsn's
Sat Mar 17 19:32:53 2018 :: Reading in area files...
(help.are)
limbo.are     : Rooms:     2 - 99    Objs:     2 - 99    Mobs:     1 - 99
newacad.are   : Rooms: 10300 - 10499 Objs: 10300 - 10499 Mobs: 10300 - 10499
newgate.are   : Rooms:   100 - 199   Objs:   100 - 199   Mobs:   100 - 199
newdark.are   : Rooms: 21000 - 21499 Objs: 21000 - 21435 Mobs: 21000 - 21499
gods.are      : Rooms:  1200 - 1201  Objs:  1200 - 1200  Mobs:  1200 - 1200
plains.are    : Rooms:   300 - 345   Objs:   300 - 313   Mobs:   300 - 350
haon.are      : Rooms:  6000 - 6156  Objs:  6000 - 6155  Mobs:  6000 - 6117
midennir.are  : Rooms:  3500 - 3590  Objs:  3500 - 3550  Mobs:  3500 - 3550
sewer.are     : Rooms:  7001 - 7445  Objs:  7190 - 7310  Mobs:  7000 - 7206
redferne.are  : Rooms:  7900 - 7918  Objs:  7909 - 7911  Mobs:  7900 - 7900
grove.are     : Rooms:  8901 - 8999  Objs:  8900 - 8919  Mobs:  8900 - 8911
dwarven.are   : Rooms:  6500 - 6554  Objs:  6502 - 6519  Mobs:  6500 - 6517
daycare.are   : Rooms:  6601 - 6651  Objs:  6600 - 6647  Mobs:  6600 - 6610
grave.are     : Rooms:  3600 - 3651  Objs:  3600 - 3613  Mobs:  3600 - 3605
chapel.are    : Rooms:  3405 - 3475  Objs:  3400 - 3430  Mobs:  3400 - 3416
astral.are    : Rooms:   800 - 899   Objs:   800 - 899   Mobs:   800 - 899
Build.are     : Rooms:  9500 - 9589  Objs:     0 - 0     Mobs:     0 - 0
Sat Mar 17 19:32:53 2018 :: [*****] BUG: fread_fuss_object: no match: d
Sat Mar 17 19:32:53 2018 :: [*****] FILE: pixie.are LINE: 209
Sat Mar 17 19:32:53 2018 :: [*****] BUG: fread_fuss_object: no match: d
Sat Mar 17 19:32:53 2018 :: [*****] FILE: pixie.are LINE: 210
Sat Mar 17 19:32:53 2018 :: [*****] BUG: fread_fuss_object: no match: d
Sat Mar 17 19:32:53 2018 :: [*****] FILE: pixie.are LINE: 211
Sat Mar 17 19:32:53 2018 :: [*****] BUG: fread_fuss_object: no match: d
Sat Mar 17 19:32:53 2018 :: [*****] FILE: pixie.are LINE: 232
Sat Mar 17 19:32:53 2018 :: [*****] BUG: fread_fuss_object: no match: d
Sat Mar 17 19:32:53 2018 :: [*****] FILE: pixie.are LINE: 233
Sat Mar 17 19:32:53 2018 :: [*****] BUG: fread_fuss_object: no match: d
Sat Mar 17 19:32:53 2018 :: [*****] FILE: pixie.are LINE: 246
Sat Mar 17 19:32:53 2018 :: [*****] BUG: fread_fuss_object: no match: d
Sat Mar 17 19:32:53 2018 :: [*****] FILE: pixie.are LINE: 267
pixie.are     : Rooms:  2070 - 2099  Objs:  2070 - 2077  Mobs:  2070 - 2073
export.are    : Rooms:  9810 - 9899  Objs:  9810 - 9899  Mobs:  9800 - 9899
srefuge.are   : Rooms:  1500 - 1599  Objs:  1500 - 1599  Mobs:  1500 - 1599
manor.are     : Rooms:  2400 - 2499  Objs:  2400 - 2499  Mobs:  2405 - 2484
unholy.are    : Rooms:  2101 - 2172  Objs:  2101 - 2150  Mobs:  2101 - 2120
gallery.are   : Rooms: 24800 - 24899 Objs: 24800 - 24899 Mobs: 24800 - 24899
housing.are   : Rooms: 50000 - 54999 Objs: 50000 - 54999 Mobs: 50000 - 54999
Sat Mar 17 19:32:53 2018 :: Fixing exits
Sat Mar 17 19:32:53 2018 :: Initializing economy
Sat Mar 17 19:32:53 2018 :: Resetting areas
Sat Mar 17 19:32:53 2018 :: Loading buildlist
Sat Mar 17 19:32:53 2018 :: ../gods/Bob
Sat Mar 17 19:32:53 2018 :: ../gods/Darren
Sat Mar 17 19:32:53 2018 :: ../gods/Mitchell
Sat Mar 17 19:32:53 2018 :: ../gods/Tester
Sat Mar 17 19:32:53 2018 :: ../gods/Xander
Sat Mar 17 19:32:53 2018 :: Loading boards
Sat Mar 17 19:32:53 2018 :: ../boards/immortal.brd
Sat Mar 17 19:32:53 2018 :: ../boards/highgod.brd
Sat Mar 17 19:32:53 2018 :: Loading vault list
Sat Mar 17 19:32:53 2018 :: $
Sat Mar 17 19:32:53 2018 ::  Done vaults 
Sat Mar 17 19:32:53 2018 :: Loading clans
Sat Mar 17 19:32:53 2018 :: Loading clans...
Sat Mar 17 19:32:53 2018 :: vampire.gui
Sat Mar 17 19:32:53 2018 :: Cannot open vault - ../clans/vampire.gui.vault
Sat Mar 17 19:32:53 2018 :: druid.gui
Sat Mar 17 19:32:53 2018 :: Cannot open vault - ../clans/druid.gui.vault
Sat Mar 17 19:32:53 2018 :: warrior.gui
Sat Mar 17 19:32:53 2018 :: Cannot open vault - ../clans/warrior.gui.vault
Sat Mar 17 19:32:53 2018 :: augurer.gui
Sat Mar 17 19:32:53 2018 :: Cannot open vault - ../clans/augurer.gui.vault
Sat Mar 17 19:32:53 2018 :: thief.gui
Sat Mar 17 19:32:53 2018 :: Cannot open vault - ../clans/thief.gui.vault
Sat Mar 17 19:32:53 2018 :: cleric.gui
Sat Mar 17 19:32:53 2018 :: Cannot open vault - ../clans/cleric.gui.vault
Sat Mar 17 19:32:53 2018 :: mage.gui
Sat Mar 17 19:32:53 2018 :: Cannot open vault - ../clans/mage.gui.vault
Sat Mar 17 19:32:53 2018 :: ranger.gui
Sat Mar 17 19:32:53 2018 :: Cannot open vault - ../clans/ranger.gui.vault
Sat Mar 17 19:32:53 2018 :: $
Sat Mar 17 19:32:53 2018 ::  Done clans 
Sat Mar 17 19:32:53 2018 :: Loading councils
Sat Mar 17 19:32:53 2018 :: Loading councils...
Sat Mar 17 19:32:53 2018 :: $
Sat Mar 17 19:32:53 2018 ::  Done councils 
Sat Mar 17 19:32:53 2018 :: Loading deities
Sat Mar 17 19:32:53 2018 :: Loading deities...
Sat Mar 17 19:32:53 2018 :: $
Sat Mar 17 19:32:53 2018 ::  Done deities 
Sat Mar 17 19:32:53 2018 :: Loading watches
Sat Mar 17 19:32:53 2018 :: Loading bans
Sat Mar 17 19:32:53 2018 :: Done.
Sat Mar 17 19:32:53 2018 :: Loading reserved names
Sat Mar 17 19:32:53 2018 :: Loading corpses
Sat Mar 17 19:32:53 2018 :: Loading Immortal Hosts
Sat Mar 17 19:32:53 2018 :: Done.
Sat Mar 17 19:32:53 2018 :: Loading Projects
Sat Mar 17 19:32:53 2018 :: Loading Morphs
Sat Mar 17 19:32:53 2018 :: Done.
Sat Mar 17 19:32:53 2018 :: Loading Housing System, Home Accessories Data, and Home Auctioning System
Sat Mar 17 19:32:53 2018 :: Loading login messages
Sat Mar 17 19:32:53 2018 :: Initializing socket
Sat Mar 17 19:32:53 2018 :: IMC: Loading IMC2 command table...
Sat Mar 17 19:32:53 2018 :: IMC: Loading IMC2 network data...
Sat Mar 17 19:32:53 2018 :: IMC: Loading IMC2 help file...
Sat Mar 17 19:32:53 2018 :: IMC: Loading IMC2 color table...
Sat Mar 17 19:32:53 2018 :: IMC: Loading IMC2 who template...
Sat Mar 17 19:32:53 2018 :: IMC: imcfread_word: EOF encountered on read.
Sat Mar 17 19:32:53 2018 :: IMC: IMC2 network data loaded. Autoconnect not set. IMC2 will need to be connected manually.
Sat Mar 17 19:32:53 2018 :: (Name Not Set) ready on port 4000.
Sat Mar 17 19:33:01 2018 :: Preloading player data for: Xander (2K)
Sat Mar 17 19:33:02 2018 :: Closing link to Xander. (INRoom 1200)
Sat Mar 17 19:33:06 2018 :: Preloading player data for: Xander (2K)
Sat Mar 17 19:33:07 2018 :: Loading player data for: Xander (2K)
Sat Mar 17 19:33:07 2018 :: Xander (104.129.28.66) has connected.
Sat Mar 17 19:34:27 2018 :: Log Xander: force executioner stand
Sat Mar 17 19:36:21 2018 :: Log Xander: hotboot
Sat Mar 17 19:36:21 2018 :: Hotboot initiated by Xander.
Sat Mar 17 19:36:21 2018 :: Preserving world state....
Sat Mar 17 19:36:22 2018 :: Saving player files and connection states....
Sat Mar 17 19:36:22 2018 :: Executing hotboot....
Sat Mar 17 19:36:22 2018 :: Booting Database
 0 0 0 0 0 0 0 0 0 0 0 0 0 0 0 0 0 0 0 0 0 0 0 0 0 0 0 0 0 0 0 0
Sat Mar 17 19:36:22 2018 :: [*****] BOOT: ---------------------[ Boot Log ]--------------------
Sat Mar 17 19:36:22 2018 :: Initializing libdl support...
Sat Mar 17 19:36:22 2018 :: Loading commands...
Sat Mar 17 19:36:22 2018 :: [*****] BUG: Error locating do_makewizlist in symbol table. No such process
Sat Mar 17 19:36:22 2018 :: [*****] BUG: fread_command: Function do_makewizlist not found for makewizlist
Sat Mar 17 19:36:22 2018 :: [*****] BUG: Error locating do_soulfeed in symbol table. No such process
Sat Mar 17 19:36:22 2018 :: [*****] BUG: fread_command: Function do_soulfeed not found for soulfeed
Sat Mar 17 19:36:22 2018 :: Loading spec_funs...
Sat Mar 17 19:36:22 2018 :: Loading sysdata configuration...
Sat Mar 17 19:36:22 2018 :: Loading socials
Sat Mar 17 19:36:22 2018 :: Loading skill table
Sat Mar 17 19:36:22 2018 :: Sorting skill table...
Sat Mar 17 19:36:22 2018 :: Creating skill table sorted by type...
Sat Mar 17 19:36:22 2018 :: Remapping slots to sns
Sat Mar 17 19:36:22 2018 :: Loading classes
Sat Mar 17 19:36:22 2018 :: Loading races
Sat Mar 17 19:36:22 2018 :: Loading news data
Sat Mar 17 19:36:22 2018 :: Loading liquids
Sat Mar 17 19:36:22 2018 :: Loading mixtures
Sat Mar 17 19:36:22 2018 :: Loading herb table
Sat Mar 17 19:36:22 2018 :: Loading tongues
Sat Mar 17 19:36:22 2018 :: Loading MSSP Data...
Sat Mar 17 19:36:22 2018 :: Initializing random number generator
Sat Mar 17 19:36:22 2018 :: Setting time and weather.
Sat Mar 17 19:36:22 2018 :: Loading holiday chart...
Sat Mar 17 19:36:22 2018 :: Loading DNS cache...
Sat Mar 17 19:36:22 2018 :: Assigning gsn's
Sat Mar 17 19:36:22 2018 :: Reading in area files...
(help.are)
limbo.are     : Rooms:     2 - 99    Objs:     2 - 99    Mobs:     1 - 99
newacad.are   : Rooms: 10300 - 10499 Objs: 10300 - 10499 Mobs: 10300 - 10499
newgate.are   : Rooms:   100 - 199   Objs:   100 - 199   Mobs:   100 - 199
newdark.are   : Rooms: 21000 - 21499 Objs: 21000 - 21435 Mobs: 21000 - 21499
gods.are      : Rooms:  1200 - 1201  Objs:  1200 - 1200  Mobs:  1200 - 1200
plains.are    : Rooms:   300 - 345   Objs:   300 - 313   Mobs:   300 - 350
haon.are      : Rooms:  6000 - 6156  Objs:  6000 - 6155  Mobs:  6000 - 6117
midennir.are  : Rooms:  3500 - 3590  Objs:  3500 - 3550  Mobs:  3500 - 3550
sewer.are     : Rooms:  7001 - 7445  Objs:  7190 - 7310  Mobs:  7000 - 7206
redferne.are  : Rooms:  7900 - 7918  Objs:  7909 - 7911  Mobs:  7900 - 7900
grove.are     : Rooms:  8901 - 8999  Objs:  8900 - 8919  Mobs:  8900 - 8911
dwarven.are   : Rooms:  6500 - 6554  Objs:  6502 - 6519  Mobs:  6500 - 6517
daycare.are   : Rooms:  6601 - 6651  Objs:  6600 - 6647  Mobs:  6600 - 6610
grave.are     : Rooms:  3600 - 3651  Objs:  3600 - 3613  Mobs:  3600 - 3605
chapel.are    : Rooms:  3405 - 3475  Objs:  3400 - 3430  Mobs:  3400 - 3416
astral.are    : Rooms:   800 - 899   Objs:   800 - 899   Mobs:   800 - 899
Build.are     : Rooms:  9500 - 9589  Objs:     0 - 0     Mobs:     0 - 0
Sat Mar 17 19:36:22 2018 :: [*****] BUG: fread_fuss_object: no match: d
Sat Mar 17 19:36:22 2018 :: [*****] FILE: pixie.are LINE: 209
Sat Mar 17 19:36:22 2018 :: [*****] BUG: fread_fuss_object: no match: d
Sat Mar 17 19:36:22 2018 :: [*****] FILE: pixie.are LINE: 210
Sat Mar 17 19:36:22 2018 :: [*****] BUG: fread_fuss_object: no match: d
Sat Mar 17 19:36:22 2018 :: [*****] FILE: pixie.are LINE: 211
Sat Mar 17 19:36:22 2018 :: [*****] BUG: fread_fuss_object: no match: d
Sat Mar 17 19:36:22 2018 :: [*****] FILE: pixie.are LINE: 232
Sat Mar 17 19:36:22 2018 :: [*****] BUG: fread_fuss_object: no match: d
Sat Mar 17 19:36:22 2018 :: [*****] FILE: pixie.are LINE: 233
Sat Mar 17 19:36:22 2018 :: [*****] BUG: fread_fuss_object: no match: d
Sat Mar 17 19:36:22 2018 :: [*****] FILE: pixie.are LINE: 246
Sat Mar 17 19:36:22 2018 :: [*****] BUG: fread_fuss_object: no match: d
Sat Mar 17 19:36:22 2018 :: [*****] FILE: pixie.are LINE: 267
pixie.are     : Rooms:  2070 - 2099  Objs:  2070 - 2077  Mobs:  2070 - 2073
export.are    : Rooms:  9810 - 9899  Objs:  9810 - 9899  Mobs:  9800 - 9899
srefuge.are   : Rooms:  1500 - 1599  Objs:  1500 - 1599  Mobs:  1500 - 1599
manor.are     : Rooms:  2400 - 2499  Objs:  2400 - 2499  Mobs:  2405 - 2484
unholy.are    : Rooms:  2101 - 2172  Objs:  2101 - 2150  Mobs:  2101 - 2120
gallery.are   : Rooms: 24800 - 24899 Objs: 24800 - 24899 Mobs: 24800 - 24899
housing.are   : Rooms: 50000 - 54999 Objs: 50000 - 54999 Mobs: 50000 - 54999
Sat Mar 17 19:36:22 2018 :: Fixing exits
Sat Mar 17 19:36:22 2018 :: Initializing economy
Sat Mar 17 19:36:22 2018 :: Loading world state...
Sat Mar 17 19:36:22 2018 :: World state: loading mobs
Sat Mar 17 19:36:22 2018 :: World state: loading objs
Sat Mar 17 19:36:22 2018 :: Resetting areas
Sat Mar 17 19:36:22 2018 :: Loading buildlist
Sat Mar 17 19:36:22 2018 :: ../gods/Bob
Sat Mar 17 19:36:22 2018 :: ../gods/Darren
Sat Mar 17 19:36:22 2018 :: ../gods/Mitchell
Sat Mar 17 19:36:22 2018 :: ../gods/Tester
Sat Mar 17 19:36:22 2018 :: ../gods/Xander
Sat Mar 17 19:36:22 2018 :: Loading boards
Sat Mar 17 19:36:22 2018 :: ../boards/immortal.brd
Sat Mar 17 19:36:22 2018 :: ../boards/highgod.brd
Sat Mar 17 19:36:22 2018 :: Loading vault list
Sat Mar 17 19:36:22 2018 :: $
Sat Mar 17 19:36:22 2018 ::  Done vaults 
Sat Mar 17 19:36:22 2018 :: Loading clans
Sat Mar 17 19:36:22 2018 :: Loading clans...
Sat Mar 17 19:36:22 2018 :: vampire.gui
Sat Mar 17 19:36:22 2018 :: Cannot open vault - ../clans/vampire.gui.vault
Sat Mar 17 19:36:22 2018 :: druid.gui
Sat Mar 17 19:36:22 2018 :: Cannot open vault - ../clans/druid.gui.vault
Sat Mar 17 19:36:22 2018 :: warrior.gui
Sat Mar 17 19:36:22 2018 :: Cannot open vault - ../clans/warrior.gui.vault
Sat Mar 17 19:36:22 2018 :: augurer.gui
Sat Mar 17 19:36:22 2018 :: Cannot open vault - ../clans/augurer.gui.vault
Sat Mar 17 19:36:22 2018 :: thief.gui
Sat Mar 17 19:36:22 2018 :: Cannot open vault - ../clans/thief.gui.vault
Sat Mar 17 19:36:22 2018 :: cleric.gui
Sat Mar 17 19:36:22 2018 :: Cannot open vault - ../clans/cleric.gui.vault
Sat Mar 17 19:36:22 2018 :: mage.gui
Sat Mar 17 19:36:22 2018 :: Cannot open vault - ../clans/mage.gui.vault
Sat Mar 17 19:36:22 2018 :: ranger.gui
Sat Mar 17 19:36:22 2018 :: Cannot open vault - ../clans/ranger.gui.vault
Sat Mar 17 19:36:22 2018 :: $
Sat Mar 17 19:36:22 2018 ::  Done clans 
Sat Mar 17 19:36:22 2018 :: Loading councils
Sat Mar 17 19:36:22 2018 :: Loading councils...
Sat Mar 17 19:36:22 2018 :: $
Sat Mar 17 19:36:22 2018 ::  Done councils 
Sat Mar 17 19:36:22 2018 :: Loading deities
Sat Mar 17 19:36:22 2018 :: Loading deities...
Sat Mar 17 19:36:22 2018 :: $
Sat Mar 17 19:36:22 2018 ::  Done deities 
Sat Mar 17 19:36:22 2018 :: Loading watches
Sat Mar 17 19:36:22 2018 :: Loading bans
Sat Mar 17 19:36:22 2018 :: Done.
Sat Mar 17 19:36:22 2018 :: Loading reserved names
Sat Mar 17 19:36:22 2018 :: Loading corpses
Sat Mar 17 19:36:22 2018 :: Loading Immortal Hosts
Sat Mar 17 19:36:22 2018 :: Done.
Sat Mar 17 19:36:22 2018 :: Loading Projects
Sat Mar 17 19:36:22 2018 :: Loading Morphs
Sat Mar 17 19:36:22 2018 :: Done.
Sat Mar 17 19:36:22 2018 :: Loading Housing System, Home Accessories Data, and Home Auctioning System
Sat Mar 17 19:36:22 2018 :: Loading login messages
Sat Mar 17 19:36:22 2018 :: Initializing socket
Sat Mar 17 19:36:22 2018 :: IMC: Loading IMC2 command table...
Sat Mar 17 19:36:22 2018 :: IMC: Loading IMC2 network data...
Sat Mar 17 19:36:22 2018 :: IMC: Loading IMC2 help file...
Sat Mar 17 19:36:22 2018 :: IMC: Loading IMC2 color table...
Sat Mar 17 19:36:22 2018 :: IMC: Loading IMC2 who template...
Sat Mar 17 19:36:22 2018 :: IMC: imcfread_word: EOF encountered on read.
Sat Mar 17 19:36:22 2018 :: IMC: IMC2 network data loaded. Autoconnect not set. IMC2 will need to be connected manually.
Sat Mar 17 19:36:22 2018 :: (Name Not Set) ready on port 4000.
Sat Mar 17 19:36:22 2018 :: Initiating hotboot recovery.
Sat Mar 17 19:36:23 2018 :: Loading player data for: Xander (2K)
Sat Mar 17 19:36:23 2018 :: Hotboot recovery complete.
Sat Mar 17 19:37:02 2018 :: Log Xander: force executioner stand
Sat Mar 17 19:37:34 2018 :: Log Xander: loadup bob
Sat Mar 17 19:37:34 2018 :: Loading player data for: Bob (1K)
Sat Mar 17 19:37:35 2018 :: [*****] BUG: fread_char: no match: Wis
Sat Mar 17 19:37:35 2018 :: [*****] FILE: ../player/b/Bob LINE: 18
Sat Mar 17 19:37:35 2018 :: [*****] BUG: fread_char: no match: Con
Sat Mar 17 19:37:35 2018 :: [*****] FILE: ../player/b/Bob LINE: 19
Sat Mar 17 19:37:35 2018 :: [*****] BUG: fread_char: no match: Cha
Sat Mar 17 19:37:35 2018 :: [*****] FILE: ../player/b/Bob LINE: 22
Sat Mar 17 19:37:35 2018 :: [*****] BUG: fread_char: no match: wisplus
Sat Mar 17 19:37:35 2018 :: [*****] FILE: ../player/b/Bob LINE: 29
Sat Mar 17 19:37:35 2018 :: [*****] BUG: fread_char: no match: conplus
Sat Mar 17 19:37:35 2018 :: [*****] FILE: ../player/b/Bob LINE: 30
Sat Mar 17 19:37:35 2018 :: [*****] BUG: fread_char: no match: chaplus
Sat Mar 17 19:37:35 2018 :: [*****] FILE: ../player/b/Bob LINE: 33
Sat Mar 17 19:37:38 2018 :: Log Xander: loadup tester
Sat Mar 17 19:37:38 2018 :: Loading player data for: Tester (1K)
Sat Mar 17 19:37:38 2018 :: [*****] BUG: fread_char: no match: Wis
Sat Mar 17 19:37:38 2018 :: [*****] FILE: ../player/t/Tester LINE: 18
Sat Mar 17 19:37:38 2018 :: [*****] BUG: fread_char: no match: Con
Sat Mar 17 19:37:38 2018 :: [*****] FILE: ../player/t/Tester LINE: 19
Sat Mar 17 19:37:38 2018 :: [*****] BUG: fread_char: no match: Cha
Sat Mar 17 19:37:38 2018 :: [*****] FILE: ../player/t/Tester LINE: 22
Sat Mar 17 19:37:38 2018 :: [*****] BUG: fread_char: no match: wisplus
Sat Mar 17 19:37:38 2018 :: [*****] FILE: ../player/t/Tester LINE: 29
Sat Mar 17 19:37:38 2018 :: [*****] BUG: fread_char: no match: conplus
Sat Mar 17 19:37:38 2018 :: [*****] FILE: ../player/t/Tester LINE: 30
Sat Mar 17 19:37:38 2018 :: [*****] BUG: fread_char: no match: chaplus
Sat Mar 17 19:37:38 2018 :: [*****] FILE: ../player/t/Tester LINE: 33
Sat Mar 17 19:37:44 2018 :: Log Xander: advance tester 55
Sat Mar 17 19:37:49 2018 :: Log Xander: slay exe
Sat Mar 17 19:37:54 2018 :: Log Xander: force tester murder bob
Sat Mar 17 19:37:54 2018 :: Tester: murder Bob.
Sat Mar 17 19:38:10 2018 :: Log Xander: force tester cpose 345345345
Sat Mar 17 19:44:14 2018 :: Log Xander: force bob cpose yep
Sat Mar 17 19:44:23 2018 :: Log Xander: force bob stand
Sat Mar 17 19:44:25 2018 :: Log Xander: force bob n
Sat Mar 17 19:44:27 2018 :: Log Xander: force bob s
Sat Mar 17 19:44:33 2018 :: Log Xander: force bob sit
Sat Mar 17 19:44:52 2018 :: Log Xander: hotboot
Sat Mar 17 19:44:52 2018 :: Hotboot initiated by Xander.
Sat Mar 17 19:44:52 2018 :: Preserving world state....
Sat Mar 17 19:44:52 2018 :: Saving player files and connection states....
Sat Mar 17 19:44:52 2018 :: Executing hotboot....
Sat Mar 17 19:44:53 2018 :: Booting Database
 0 0 0 0 0 0 0 0 0 0 0 0 0 0 0 0 0 0 0 0 0 0 0 0 0 0 0 0 0 0 0 0
Sat Mar 17 19:44:53 2018 :: [*****] BOOT: ---------------------[ Boot Log ]--------------------
Sat Mar 17 19:44:53 2018 :: Initializing libdl support...
Sat Mar 17 19:44:53 2018 :: Loading commands...
Sat Mar 17 19:44:53 2018 :: [*****] BUG: Error locating do_makewizlist in symbol table. No such process
Sat Mar 17 19:44:53 2018 :: [*****] BUG: fread_command: Function do_makewizlist not found for makewizlist
Sat Mar 17 19:44:53 2018 :: [*****] BUG: Error locating do_soulfeed in symbol table. No such process
Sat Mar 17 19:44:53 2018 :: [*****] BUG: fread_command: Function do_soulfeed not found for soulfeed
Sat Mar 17 19:44:53 2018 :: Loading spec_funs...
Sat Mar 17 19:44:53 2018 :: Loading sysdata configuration...
Sat Mar 17 19:44:53 2018 :: Loading socials
Sat Mar 17 19:44:53 2018 :: Loading skill table
Sat Mar 17 19:44:53 2018 :: Sorting skill table...
Sat Mar 17 19:44:53 2018 :: Creating skill table sorted by type...
Sat Mar 17 19:44:53 2018 :: Remapping slots to sns
Sat Mar 17 19:44:53 2018 :: Loading classes
Sat Mar 17 19:44:53 2018 :: Loading races
Sat Mar 17 19:44:53 2018 :: Loading news data
Sat Mar 17 19:44:53 2018 :: Loading liquids
Sat Mar 17 19:44:53 2018 :: Loading mixtures
Sat Mar 17 19:44:53 2018 :: Loading herb table
Sat Mar 17 19:44:53 2018 :: Loading tongues
Sat Mar 17 19:44:53 2018 :: Loading MSSP Data...
Sat Mar 17 19:44:53 2018 :: Initializing random number generator
Sat Mar 17 19:44:53 2018 :: Setting time and weather.
Sat Mar 17 19:44:53 2018 :: Loading holiday chart...
Sat Mar 17 19:44:53 2018 :: Loading DNS cache...
Sat Mar 17 19:44:53 2018 :: Assigning gsn's
Sat Mar 17 19:44:53 2018 :: Reading in area files...
(help.are)
limbo.are     : Rooms:     2 - 99    Objs:     2 - 99    Mobs:     1 - 99
newacad.are   : Rooms: 10300 - 10499 Objs: 10300 - 10499 Mobs: 10300 - 10499
newgate.are   : Rooms:   100 - 199   Objs:   100 - 199   Mobs:   100 - 199
newdark.are   : Rooms: 21000 - 21499 Objs: 21000 - 21435 Mobs: 21000 - 21499
gods.are      : Rooms:  1200 - 1201  Objs:  1200 - 1200  Mobs:  1200 - 1200
plains.are    : Rooms:   300 - 345   Objs:   300 - 313   Mobs:   300 - 350
haon.are      : Rooms:  6000 - 6156  Objs:  6000 - 6155  Mobs:  6000 - 6117
midennir.are  : Rooms:  3500 - 3590  Objs:  3500 - 3550  Mobs:  3500 - 3550
sewer.are     : Rooms:  7001 - 7445  Objs:  7190 - 7310  Mobs:  7000 - 7206
redferne.are  : Rooms:  7900 - 7918  Objs:  7909 - 7911  Mobs:  7900 - 7900
grove.are     : Rooms:  8901 - 8999  Objs:  8900 - 8919  Mobs:  8900 - 8911
dwarven.are   : Rooms:  6500 - 6554  Objs:  6502 - 6519  Mobs:  6500 - 6517
daycare.are   : Rooms:  6601 - 6651  Objs:  6600 - 6647  Mobs:  6600 - 6610
grave.are     : Rooms:  3600 - 3651  Objs:  3600 - 3613  Mobs:  3600 - 3605
chapel.are    : Rooms:  3405 - 3475  Objs:  3400 - 3430  Mobs:  3400 - 3416
astral.are    : Rooms:   800 - 899   Objs:   800 - 899   Mobs:   800 - 899
Build.are     : Rooms:  9500 - 9589  Objs:     0 - 0     Mobs:     0 - 0
Sat Mar 17 19:44:53 2018 :: [*****] BUG: fread_fuss_object: no match: d
Sat Mar 17 19:44:53 2018 :: [*****] FILE: pixie.are LINE: 209
Sat Mar 17 19:44:53 2018 :: [*****] BUG: fread_fuss_object: no match: d
Sat Mar 17 19:44:53 2018 :: [*****] FILE: pixie.are LINE: 210
Sat Mar 17 19:44:53 2018 :: [*****] BUG: fread_fuss_object: no match: d
Sat Mar 17 19:44:53 2018 :: [*****] FILE: pixie.are LINE: 211
Sat Mar 17 19:44:53 2018 :: [*****] BUG: fread_fuss_object: no match: d
Sat Mar 17 19:44:53 2018 :: [*****] FILE: pixie.are LINE: 232
Sat Mar 17 19:44:53 2018 :: [*****] BUG: fread_fuss_object: no match: d
Sat Mar 17 19:44:53 2018 :: [*****] FILE: pixie.are LINE: 233
Sat Mar 17 19:44:53 2018 :: [*****] BUG: fread_fuss_object: no match: d
Sat Mar 17 19:44:53 2018 :: [*****] FILE: pixie.are LINE: 246
Sat Mar 17 19:44:53 2018 :: [*****] BUG: fread_fuss_object: no match: d
Sat Mar 17 19:44:53 2018 :: [*****] FILE: pixie.are LINE: 267
pixie.are     : Rooms:  2070 - 2099  Objs:  2070 - 2077  Mobs:  2070 - 2073
export.are    : Rooms:  9810 - 9899  Objs:  9810 - 9899  Mobs:  9800 - 9899
srefuge.are   : Rooms:  1500 - 1599  Objs:  1500 - 1599  Mobs:  1500 - 1599
manor.are     : Rooms:  2400 - 2499  Objs:  2400 - 2499  Mobs:  2405 - 2484
unholy.are    : Rooms:  2101 - 2172  Objs:  2101 - 2150  Mobs:  2101 - 2120
gallery.are   : Rooms: 24800 - 24899 Objs: 24800 - 24899 Mobs: 24800 - 24899
housing.are   : Rooms: 50000 - 54999 Objs: 50000 - 54999 Mobs: 50000 - 54999
Sat Mar 17 19:44:53 2018 :: Fixing exits
Sat Mar 17 19:44:53 2018 :: Initializing economy
Sat Mar 17 19:44:53 2018 :: Loading world state...
Sat Mar 17 19:44:53 2018 :: World state: loading mobs
Sat Mar 17 19:44:53 2018 :: World state: loading objs
Sat Mar 17 19:44:53 2018 :: Resetting areas
Sat Mar 17 19:44:53 2018 :: Loading buildlist
Sat Mar 17 19:44:53 2018 :: ../gods/Bob
Sat Mar 17 19:44:53 2018 :: ../gods/Darren
Sat Mar 17 19:44:53 2018 :: ../gods/Mitchell
Sat Mar 17 19:44:53 2018 :: ../gods/Tester
Sat Mar 17 19:44:53 2018 :: ../gods/Xander
Sat Mar 17 19:44:53 2018 :: Loading boards
Sat Mar 17 19:44:53 2018 :: ../boards/immortal.brd
Sat Mar 17 19:44:53 2018 :: ../boards/highgod.brd
Sat Mar 17 19:44:53 2018 :: Loading vault list
Sat Mar 17 19:44:53 2018 :: $
Sat Mar 17 19:44:53 2018 ::  Done vaults 
Sat Mar 17 19:44:53 2018 :: Loading clans
Sat Mar 17 19:44:53 2018 :: Loading clans...
Sat Mar 17 19:44:53 2018 :: vampire.gui
Sat Mar 17 19:44:53 2018 :: Cannot open vault - ../clans/vampire.gui.vault
Sat Mar 17 19:44:53 2018 :: druid.gui
Sat Mar 17 19:44:53 2018 :: Cannot open vault - ../clans/druid.gui.vault
Sat Mar 17 19:44:53 2018 :: warrior.gui
Sat Mar 17 19:44:53 2018 :: Cannot open vault - ../clans/warrior.gui.vault
Sat Mar 17 19:44:53 2018 :: augurer.gui
Sat Mar 17 19:44:53 2018 :: Cannot open vault - ../clans/augurer.gui.vault
Sat Mar 17 19:44:53 2018 :: thief.gui
Sat Mar 17 19:44:53 2018 :: Cannot open vault - ../clans/thief.gui.vault
Sat Mar 17 19:44:53 2018 :: cleric.gui
Sat Mar 17 19:44:53 2018 :: Cannot open vault - ../clans/cleric.gui.vault
Sat Mar 17 19:44:53 2018 :: mage.gui
Sat Mar 17 19:44:53 2018 :: Cannot open vault - ../clans/mage.gui.vault
Sat Mar 17 19:44:53 2018 :: ranger.gui
Sat Mar 17 19:44:53 2018 :: Cannot open vault - ../clans/ranger.gui.vault
Sat Mar 17 19:44:53 2018 :: $
Sat Mar 17 19:44:53 2018 ::  Done clans 
Sat Mar 17 19:44:53 2018 :: Loading councils
Sat Mar 17 19:44:53 2018 :: Loading councils...
Sat Mar 17 19:44:53 2018 :: $
Sat Mar 17 19:44:53 2018 ::  Done councils 
Sat Mar 17 19:44:53 2018 :: Loading deities
Sat Mar 17 19:44:53 2018 :: Loading deities...
Sat Mar 17 19:44:53 2018 :: $
Sat Mar 17 19:44:53 2018 ::  Done deities 
Sat Mar 17 19:44:53 2018 :: Loading watches
Sat Mar 17 19:44:53 2018 :: Loading bans
Sat Mar 17 19:44:53 2018 :: Done.
Sat Mar 17 19:44:53 2018 :: Loading reserved names
Sat Mar 17 19:44:53 2018 :: Loading corpses
Sat Mar 17 19:44:53 2018 :: Loading Immortal Hosts
Sat Mar 17 19:44:53 2018 :: Done.
Sat Mar 17 19:44:53 2018 :: Loading Projects
Sat Mar 17 19:44:53 2018 :: Loading Morphs
Sat Mar 17 19:44:53 2018 :: Done.
Sat Mar 17 19:44:53 2018 :: Loading Housing System, Home Accessories Data, and Home Auctioning System
Sat Mar 17 19:44:53 2018 :: Loading login messages
Sat Mar 17 19:44:53 2018 :: Initializing socket
Sat Mar 17 19:44:53 2018 :: IMC: Loading IMC2 command table...
Sat Mar 17 19:44:53 2018 :: IMC: Loading IMC2 network data...
Sat Mar 17 19:44:53 2018 :: IMC: Loading IMC2 help file...
Sat Mar 17 19:44:53 2018 :: IMC: Loading IMC2 color table...
Sat Mar 17 19:44:53 2018 :: IMC: Loading IMC2 who template...
Sat Mar 17 19:44:53 2018 :: IMC: imcfread_word: EOF encountered on read.
Sat Mar 17 19:44:53 2018 :: IMC: IMC2 network data loaded. Autoconnect not set. IMC2 will need to be connected manually.
Sat Mar 17 19:44:53 2018 :: (Name Not Set) ready on port 4000.
Sat Mar 17 19:44:53 2018 :: Initiating hotboot recovery.
Sat Mar 17 19:44:54 2018 :: Loading player data for: Xander (2K)
Sat Mar 17 19:44:54 2018 :: Hotboot recovery complete.
Sat Mar 17 19:45:14 2018 :: Log Xander: loadup bob
Sat Mar 17 19:45:14 2018 :: Loading player data for: Bob (1K)
Sat Mar 17 19:45:14 2018 :: [*****] BUG: fread_char: no match: Wis
Sat Mar 17 19:45:14 2018 :: [*****] FILE: ../player/b/Bob LINE: 18
Sat Mar 17 19:45:14 2018 :: [*****] BUG: fread_char: no match: Con
Sat Mar 17 19:45:14 2018 :: [*****] FILE: ../player/b/Bob LINE: 19
Sat Mar 17 19:45:14 2018 :: [*****] BUG: fread_char: no match: Cha
Sat Mar 17 19:45:14 2018 :: [*****] FILE: ../player/b/Bob LINE: 22
Sat Mar 17 19:45:14 2018 :: [*****] BUG: fread_char: no match: wisplus
Sat Mar 17 19:45:14 2018 :: [*****] FILE: ../player/b/Bob LINE: 29
Sat Mar 17 19:45:14 2018 :: [*****] BUG: fread_char: no match: conplus
Sat Mar 17 19:45:14 2018 :: [*****] FILE: ../player/b/Bob LINE: 30
Sat Mar 17 19:45:14 2018 :: [*****] BUG: fread_char: no match: chaplus
Sat Mar 17 19:45:14 2018 :: [*****] FILE: ../player/b/Bob LINE: 33
Sat Mar 17 19:45:18 2018 :: Log Xander: force bob k e
Sat Mar 17 21:30:26 2018 :: Log Xander: cedit dchat create
Sat Mar 17 21:30:26 2018 :: [*****] BUG: Error locating do_dchat in symbol table. No such process
Sat Mar 17 21:31:46 2018 :: Log Xander: mset self tired 0
Sat Mar 17 21:31:50 2018 :: Log Xander: mset self hunger 0
Sat Mar 17 21:31:54 2018 :: Log Xander: mset self full 100
Sat Mar 17 21:31:57 2018 :: Log Xander: mset self thirst 100
Sat Mar 17 21:32:00 2018 :: Log Xander: mset self mentalstate 0
Sat Mar 17 21:32:07 2018 :: Log Xander: restore se
Sat Mar 17 21:32:13 2018 :: Log Xander: restore self
Sat Mar 17 21:32:33 2018 :: Log Xander: mset self hp 32000
Sat Mar 17 21:32:35 2018 :: Log Xander: restore self
Sat Mar 17 21:33:14 2018 :: IMC: Loading IMC2 network data...
Sat Mar 17 21:33:15 2018 :: IMC: IMC2 network data loaded.
Sat Mar 17 21:33:15 2018 :: IMC: IMC2 Network Initializing...
Sat Mar 17 21:33:15 2018 :: IMC: imc_connect_to: Cannot resolve server hostname.
Sat Mar 17 21:33:15 2018 :: IMC: Shutting down network.
Sat Mar 17 21:42:51 2018 :: Log Xander: hotboot
Sat Mar 17 21:42:51 2018 :: Hotboot initiated by Xander.
Sat Mar 17 21:42:51 2018 :: Preserving world state....
Sat Mar 17 21:42:52 2018 :: Saving player files and connection states....
Sat Mar 17 21:42:52 2018 :: Executing hotboot....
Sat Mar 17 21:42:53 2018 :: Booting Database
 0 0 0 0 0 0 0 0 0 0 0 0 0 0 0 0 0 0 0 0 0 0 0 0 0 0 0 0 0 0 0 0
Sat Mar 17 21:42:53 2018 :: [*****] BOOT: ---------------------[ Boot Log ]--------------------
Sat Mar 17 21:42:53 2018 :: Initializing libdl support...
Sat Mar 17 21:42:53 2018 :: Loading commands...
Sat Mar 17 21:42:53 2018 :: [*****] BUG: Error locating do_makewizlist in symbol table. No such process
Sat Mar 17 21:42:53 2018 :: [*****] BUG: fread_command: Function do_makewizlist not found for makewizlist
Sat Mar 17 21:42:53 2018 :: [*****] BUG: Error locating do_soulfeed in symbol table. No such process
Sat Mar 17 21:42:53 2018 :: [*****] BUG: fread_command: Function do_soulfeed not found for soulfeed
Sat Mar 17 21:42:53 2018 :: Loading spec_funs...
Sat Mar 17 21:42:53 2018 :: Loading sysdata configuration...
Sat Mar 17 21:42:53 2018 :: Loading socials
Sat Mar 17 21:42:53 2018 :: Loading skill table
Sat Mar 17 21:42:53 2018 :: Sorting skill table...
Sat Mar 17 21:42:53 2018 :: Creating skill table sorted by type...
Sat Mar 17 21:42:53 2018 :: Remapping slots to sns
Sat Mar 17 21:42:53 2018 :: Loading classes
Sat Mar 17 21:42:53 2018 :: Loading races
Sat Mar 17 21:42:53 2018 :: Loading news data
Sat Mar 17 21:42:53 2018 :: Loading liquids
Sat Mar 17 21:42:53 2018 :: Loading mixtures
Sat Mar 17 21:42:53 2018 :: Loading herb table
Sat Mar 17 21:42:53 2018 :: Loading tongues
Sat Mar 17 21:42:53 2018 :: Loading MSSP Data...
Sat Mar 17 21:42:53 2018 :: Initializing random number generator
Sat Mar 17 21:42:53 2018 :: Setting time and weather.
Sat Mar 17 21:42:53 2018 :: Loading holiday chart...
Sat Mar 17 21:42:53 2018 :: Loading DNS cache...
Sat Mar 17 21:42:53 2018 :: Assigning gsn's
Sat Mar 17 21:42:53 2018 :: Reading in area files...
(help.are)
limbo.are     : Rooms:     2 - 99    Objs:     2 - 99    Mobs:     1 - 99
newacad.are   : Rooms: 10300 - 10499 Objs: 10300 - 10499 Mobs: 10300 - 10499
newgate.are   : Rooms:   100 - 199   Objs:   100 - 199   Mobs:   100 - 199
newdark.are   : Rooms: 21000 - 21499 Objs: 21000 - 21435 Mobs: 21000 - 21499
gods.are      : Rooms:  1200 - 1201  Objs:  1200 - 1200  Mobs:  1200 - 1200
plains.are    : Rooms:   300 - 345   Objs:   300 - 313   Mobs:   300 - 350
haon.are      : Rooms:  6000 - 6156  Objs:  6000 - 6155  Mobs:  6000 - 6117
midennir.are  : Rooms:  3500 - 3590  Objs:  3500 - 3550  Mobs:  3500 - 3550
sewer.are     : Rooms:  7001 - 7445  Objs:  7190 - 7310  Mobs:  7000 - 7206
redferne.are  : Rooms:  7900 - 7918  Objs:  7909 - 7911  Mobs:  7900 - 7900
grove.are     : Rooms:  8901 - 8999  Objs:  8900 - 8919  Mobs:  8900 - 8911
dwarven.are   : Rooms:  6500 - 6554  Objs:  6502 - 6519  Mobs:  6500 - 6517
daycare.are   : Rooms:  6601 - 6651  Objs:  6600 - 6647  Mobs:  6600 - 6610
grave.are     : Rooms:  3600 - 3651  Objs:  3600 - 3613  Mobs:  3600 - 3605
chapel.are    : Rooms:  3405 - 3475  Objs:  3400 - 3430  Mobs:  3400 - 3416
astral.are    : Rooms:   800 - 899   Objs:   800 - 899   Mobs:   800 - 899
Build.are     : Rooms:  9500 - 9589  Objs:     0 - 0     Mobs:     0 - 0
Sat Mar 17 21:42:54 2018 :: [*****] BUG: fread_fuss_object: no match: d
Sat Mar 17 21:42:54 2018 :: [*****] FILE: pixie.are LINE: 209
Sat Mar 17 21:42:54 2018 :: [*****] BUG: fread_fuss_object: no match: d
Sat Mar 17 21:42:54 2018 :: [*****] FILE: pixie.are LINE: 210
Sat Mar 17 21:42:54 2018 :: [*****] BUG: fread_fuss_object: no match: d
Sat Mar 17 21:42:54 2018 :: [*****] FILE: pixie.are LINE: 211
Sat Mar 17 21:42:54 2018 :: [*****] BUG: fread_fuss_object: no match: d
Sat Mar 17 21:42:54 2018 :: [*****] FILE: pixie.are LINE: 232
Sat Mar 17 21:42:54 2018 :: [*****] BUG: fread_fuss_object: no match: d
Sat Mar 17 21:42:54 2018 :: [*****] FILE: pixie.are LINE: 233
Sat Mar 17 21:42:54 2018 :: [*****] BUG: fread_fuss_object: no match: d
Sat Mar 17 21:42:54 2018 :: [*****] FILE: pixie.are LINE: 246
Sat Mar 17 21:42:54 2018 :: [*****] BUG: fread_fuss_object: no match: d
Sat Mar 17 21:42:54 2018 :: [*****] FILE: pixie.are LINE: 267
pixie.are     : Rooms:  2070 - 2099  Objs:  2070 - 2077  Mobs:  2070 - 2073
export.are    : Rooms:  9810 - 9899  Objs:  9810 - 9899  Mobs:  9800 - 9899
srefuge.are   : Rooms:  1500 - 1599  Objs:  1500 - 1599  Mobs:  1500 - 1599
manor.are     : Rooms:  2400 - 2499  Objs:  2400 - 2499  Mobs:  2405 - 2484
unholy.are    : Rooms:  2101 - 2172  Objs:  2101 - 2150  Mobs:  2101 - 2120
gallery.are   : Rooms: 24800 - 24899 Objs: 24800 - 24899 Mobs: 24800 - 24899
housing.are   : Rooms: 50000 - 54999 Objs: 50000 - 54999 Mobs: 50000 - 54999
Sat Mar 17 21:42:54 2018 :: Fixing exits
Sat Mar 17 21:42:54 2018 :: Initializing economy
Sat Mar 17 21:42:54 2018 :: Loading world state...
Sat Mar 17 21:42:54 2018 :: World state: loading mobs
Sat Mar 17 21:42:54 2018 :: World state: loading objs
Sat Mar 17 21:42:54 2018 :: Resetting areas
Sat Mar 17 21:42:54 2018 :: Loading buildlist
Sat Mar 17 21:42:54 2018 :: ../gods/Bob
Sat Mar 17 21:42:54 2018 :: ../gods/Darren
Sat Mar 17 21:42:54 2018 :: ../gods/Mitchell
Sat Mar 17 21:42:54 2018 :: ../gods/Tester
Sat Mar 17 21:42:54 2018 :: ../gods/Xander
Sat Mar 17 21:42:54 2018 :: Loading boards
Sat Mar 17 21:42:54 2018 :: ../boards/immortal.brd
Sat Mar 17 21:42:54 2018 :: ../boards/highgod.brd
Sat Mar 17 21:42:54 2018 :: Loading vault list
Sat Mar 17 21:42:54 2018 :: $
Sat Mar 17 21:42:54 2018 ::  Done vaults 
Sat Mar 17 21:42:54 2018 :: Loading clans
Sat Mar 17 21:42:54 2018 :: Loading clans...
Sat Mar 17 21:42:54 2018 :: vampire.gui
Sat Mar 17 21:42:54 2018 :: Cannot open vault - ../clans/vampire.gui.vault
Sat Mar 17 21:42:54 2018 :: druid.gui
Sat Mar 17 21:42:54 2018 :: Cannot open vault - ../clans/druid.gui.vault
Sat Mar 17 21:42:54 2018 :: warrior.gui
Sat Mar 17 21:42:54 2018 :: Cannot open vault - ../clans/warrior.gui.vault
Sat Mar 17 21:42:54 2018 :: augurer.gui
Sat Mar 17 21:42:54 2018 :: Cannot open vault - ../clans/augurer.gui.vault
Sat Mar 17 21:42:54 2018 :: thief.gui
Sat Mar 17 21:42:54 2018 :: Cannot open vault - ../clans/thief.gui.vault
Sat Mar 17 21:42:54 2018 :: cleric.gui
Sat Mar 17 21:42:54 2018 :: Cannot open vault - ../clans/cleric.gui.vault
Sat Mar 17 21:42:54 2018 :: mage.gui
Sat Mar 17 21:42:54 2018 :: Cannot open vault - ../clans/mage.gui.vault
Sat Mar 17 21:42:54 2018 :: ranger.gui
Sat Mar 17 21:42:54 2018 :: Cannot open vault - ../clans/ranger.gui.vault
Sat Mar 17 21:42:54 2018 :: $
Sat Mar 17 21:42:54 2018 ::  Done clans 
Sat Mar 17 21:42:54 2018 :: Loading councils
Sat Mar 17 21:42:54 2018 :: Loading councils...
Sat Mar 17 21:42:54 2018 :: $
Sat Mar 17 21:42:54 2018 ::  Done councils 
Sat Mar 17 21:42:54 2018 :: Loading deities
Sat Mar 17 21:42:54 2018 :: Loading deities...
Sat Mar 17 21:42:54 2018 :: $
Sat Mar 17 21:42:54 2018 ::  Done deities 
Sat Mar 17 21:42:54 2018 :: Loading watches
Sat Mar 17 21:42:54 2018 :: Loading bans
Sat Mar 17 21:42:54 2018 :: Done.
Sat Mar 17 21:42:54 2018 :: Loading reserved names
Sat Mar 17 21:42:54 2018 :: Loading corpses
Sat Mar 17 21:42:54 2018 :: Loading Immortal Hosts
Sat Mar 17 21:42:54 2018 :: Done.
Sat Mar 17 21:42:54 2018 :: Loading Projects
Sat Mar 17 21:42:54 2018 :: Loading Morphs
Sat Mar 17 21:42:54 2018 :: Done.
Sat Mar 17 21:42:54 2018 :: Loading Housing System, Home Accessories Data, and Home Auctioning System
Sat Mar 17 21:42:54 2018 :: Loading login messages
Sat Mar 17 21:42:54 2018 :: Initializing socket
Sat Mar 17 21:42:54 2018 :: IMC: Loading IMC2 command table...
Sat Mar 17 21:42:54 2018 :: IMC: Loading IMC2 network data...
Sat Mar 17 21:42:54 2018 :: IMC: Loading IMC2 help file...
Sat Mar 17 21:42:54 2018 :: IMC: Loading IMC2 color table...
Sat Mar 17 21:42:54 2018 :: IMC: Loading IMC2 who template...
Sat Mar 17 21:42:54 2018 :: IMC: imcfread_word: EOF encountered on read.
Sat Mar 17 21:42:54 2018 :: IMC: IMC2 network data loaded. Autoconnect not set. IMC2 will need to be connected manually.
Sat Mar 17 21:42:54 2018 :: (Name Not Set) ready on port 4000.
Sat Mar 17 21:42:54 2018 :: Initiating hotboot recovery.
Sat Mar 17 21:42:54 2018 :: Loading player data for: Xander (2K)
Sat Mar 17 21:42:54 2018 :: [*****] BUG: Fread_obj: no match.
Sat Mar 17 21:42:54 2018 :: [*****] FILE: ../player/x/Xander LINE: 111
Sat Mar 17 21:42:54 2018 :: [*****] BUG: #EXDESC
Sat Mar 17 21:42:54 2018 :: [*****] FILE: ../player/x/Xander LINE: 111
Sat Mar 17 21:42:54 2018 :: [*****] BUG: load_char_obj: # not found. (Xander)
Sat Mar 17 21:42:54 2018 :: [*****] FILE: ../player/x/Xander LINE: 112
Sat Mar 17 21:42:54 2018 :: Hotboot recovery complete.
Sat Mar 17 21:44:40 2018 :: Log Xander: hotboot
Sat Mar 17 21:44:40 2018 :: Hotboot initiated by Xander.
Sat Mar 17 21:44:40 2018 :: Preserving world state....
Sat Mar 17 21:44:40 2018 :: Saving player files and connection states....
Sat Mar 17 21:44:40 2018 :: Executing hotboot....
Sat Mar 17 21:44:41 2018 :: Booting Database
 0 0 0 0 0 0 0 0 0 0 0 0 0 0 0 0 0 0 0 0 0 0 0 0 0 0 0 0 0 0 0 0
Sat Mar 17 21:44:41 2018 :: [*****] BOOT: ---------------------[ Boot Log ]--------------------
Sat Mar 17 21:44:41 2018 :: Initializing libdl support...
Sat Mar 17 21:44:41 2018 :: Loading commands...
Sat Mar 17 21:44:41 2018 :: [*****] BUG: Error locating do_makewizlist in symbol table. No such process
Sat Mar 17 21:44:41 2018 :: [*****] BUG: fread_command: Function do_makewizlist not found for makewizlist
Sat Mar 17 21:44:41 2018 :: [*****] BUG: Error locating do_soulfeed in symbol table. No such process
Sat Mar 17 21:44:41 2018 :: [*****] BUG: fread_command: Function do_soulfeed not found for soulfeed
Sat Mar 17 21:44:41 2018 :: Loading spec_funs...
Sat Mar 17 21:44:41 2018 :: Loading sysdata configuration...
Sat Mar 17 21:44:41 2018 :: Loading socials
Sat Mar 17 21:44:41 2018 :: Loading skill table
Sat Mar 17 21:44:41 2018 :: Sorting skill table...
Sat Mar 17 21:44:41 2018 :: Creating skill table sorted by type...
Sat Mar 17 21:44:41 2018 :: Remapping slots to sns
Sat Mar 17 21:44:41 2018 :: Loading classes
Sat Mar 17 21:44:41 2018 :: Loading races
Sat Mar 17 21:44:41 2018 :: Loading news data
Sat Mar 17 21:44:41 2018 :: Loading liquids
Sat Mar 17 21:44:41 2018 :: Loading mixtures
Sat Mar 17 21:44:41 2018 :: Loading herb table
Sat Mar 17 21:44:41 2018 :: Loading tongues
Sat Mar 17 21:44:41 2018 :: Loading MSSP Data...
Sat Mar 17 21:44:41 2018 :: Initializing random number generator
Sat Mar 17 21:44:41 2018 :: Setting time and weather.
Sat Mar 17 21:44:41 2018 :: Loading holiday chart...
Sat Mar 17 21:44:41 2018 :: Loading DNS cache...
Sat Mar 17 21:44:41 2018 :: Assigning gsn's
Sat Mar 17 21:44:41 2018 :: Reading in area files...
(help.are)
limbo.are     : Rooms:     2 - 99    Objs:     2 - 99    Mobs:     1 - 99
newacad.are   : Rooms: 10300 - 10499 Objs: 10300 - 10499 Mobs: 10300 - 10499
newgate.are   : Rooms:   100 - 199   Objs:   100 - 199   Mobs:   100 - 199
newdark.are   : Rooms: 21000 - 21499 Objs: 21000 - 21435 Mobs: 21000 - 21499
gods.are      : Rooms:  1200 - 1201  Objs:  1200 - 1200  Mobs:  1200 - 1200
plains.are    : Rooms:   300 - 345   Objs:   300 - 313   Mobs:   300 - 350
haon.are      : Rooms:  6000 - 6156  Objs:  6000 - 6155  Mobs:  6000 - 6117
midennir.are  : Rooms:  3500 - 3590  Objs:  3500 - 3550  Mobs:  3500 - 3550
sewer.are     : Rooms:  7001 - 7445  Objs:  7190 - 7310  Mobs:  7000 - 7206
redferne.are  : Rooms:  7900 - 7918  Objs:  7909 - 7911  Mobs:  7900 - 7900
grove.are     : Rooms:  8901 - 8999  Objs:  8900 - 8919  Mobs:  8900 - 8911
dwarven.are   : Rooms:  6500 - 6554  Objs:  6502 - 6519  Mobs:  6500 - 6517
daycare.are   : Rooms:  6601 - 6651  Objs:  6600 - 6647  Mobs:  6600 - 6610
grave.are     : Rooms:  3600 - 3651  Objs:  3600 - 3613  Mobs:  3600 - 3605
chapel.are    : Rooms:  3405 - 3475  Objs:  3400 - 3430  Mobs:  3400 - 3416
astral.are    : Rooms:   800 - 899   Objs:   800 - 899   Mobs:   800 - 899
Build.are     : Rooms:  9500 - 9589  Objs:     0 - 0     Mobs:     0 - 0
Sat Mar 17 21:44:41 2018 :: [*****] BUG: fread_fuss_object: no match: d
Sat Mar 17 21:44:41 2018 :: [*****] FILE: pixie.are LINE: 209
Sat Mar 17 21:44:41 2018 :: [*****] BUG: fread_fuss_object: no match: d
Sat Mar 17 21:44:41 2018 :: [*****] FILE: pixie.are LINE: 210
Sat Mar 17 21:44:41 2018 :: [*****] BUG: fread_fuss_object: no match: d
Sat Mar 17 21:44:41 2018 :: [*****] FILE: pixie.are LINE: 211
Sat Mar 17 21:44:41 2018 :: [*****] BUG: fread_fuss_object: no match: d
Sat Mar 17 21:44:41 2018 :: [*****] FILE: pixie.are LINE: 232
Sat Mar 17 21:44:41 2018 :: [*****] BUG: fread_fuss_object: no match: d
Sat Mar 17 21:44:41 2018 :: [*****] FILE: pixie.are LINE: 233
Sat Mar 17 21:44:41 2018 :: [*****] BUG: fread_fuss_object: no match: d
Sat Mar 17 21:44:41 2018 :: [*****] FILE: pixie.are LINE: 246
Sat Mar 17 21:44:41 2018 :: [*****] BUG: fread_fuss_object: no match: d
Sat Mar 17 21:44:41 2018 :: [*****] FILE: pixie.are LINE: 267
pixie.are     : Rooms:  2070 - 2099  Objs:  2070 - 2077  Mobs:  2070 - 2073
export.are    : Rooms:  9810 - 9899  Objs:  9810 - 9899  Mobs:  9800 - 9899
srefuge.are   : Rooms:  1500 - 1599  Objs:  1500 - 1599  Mobs:  1500 - 1599
manor.are     : Rooms:  2400 - 2499  Objs:  2400 - 2499  Mobs:  2405 - 2484
unholy.are    : Rooms:  2101 - 2172  Objs:  2101 - 2150  Mobs:  2101 - 2120
gallery.are   : Rooms: 24800 - 24899 Objs: 24800 - 24899 Mobs: 24800 - 24899
housing.are   : Rooms: 50000 - 54999 Objs: 50000 - 54999 Mobs: 50000 - 54999
Sat Mar 17 21:44:41 2018 :: Fixing exits
Sat Mar 17 21:44:41 2018 :: Initializing economy
Sat Mar 17 21:44:41 2018 :: Loading world state...
Sat Mar 17 21:44:41 2018 :: World state: loading mobs
Sat Mar 17 21:44:41 2018 :: World state: loading objs
Sat Mar 17 21:44:41 2018 :: Resetting areas
Sat Mar 17 21:44:41 2018 :: Loading buildlist
Sat Mar 17 21:44:41 2018 :: ../gods/Bob
Sat Mar 17 21:44:41 2018 :: ../gods/Darren
Sat Mar 17 21:44:41 2018 :: ../gods/Mitchell
Sat Mar 17 21:44:41 2018 :: ../gods/Tester
Sat Mar 17 21:44:41 2018 :: ../gods/Xander
Sat Mar 17 21:44:41 2018 :: Loading boards
Sat Mar 17 21:44:41 2018 :: ../boards/immortal.brd
Sat Mar 17 21:44:41 2018 :: ../boards/highgod.brd
Sat Mar 17 21:44:41 2018 :: Loading vault list
Sat Mar 17 21:44:41 2018 :: $
Sat Mar 17 21:44:41 2018 ::  Done vaults 
Sat Mar 17 21:44:41 2018 :: Loading clans
Sat Mar 17 21:44:41 2018 :: Loading clans...
Sat Mar 17 21:44:41 2018 :: vampire.gui
Sat Mar 17 21:44:41 2018 :: Cannot open vault - ../clans/vampire.gui.vault
Sat Mar 17 21:44:41 2018 :: druid.gui
Sat Mar 17 21:44:41 2018 :: Cannot open vault - ../clans/druid.gui.vault
Sat Mar 17 21:44:41 2018 :: warrior.gui
Sat Mar 17 21:44:41 2018 :: Cannot open vault - ../clans/warrior.gui.vault
Sat Mar 17 21:44:41 2018 :: augurer.gui
Sat Mar 17 21:44:41 2018 :: Cannot open vault - ../clans/augurer.gui.vault
Sat Mar 17 21:44:41 2018 :: thief.gui
Sat Mar 17 21:44:41 2018 :: Cannot open vault - ../clans/thief.gui.vault
Sat Mar 17 21:44:41 2018 :: cleric.gui
Sat Mar 17 21:44:41 2018 :: Cannot open vault - ../clans/cleric.gui.vault
Sat Mar 17 21:44:41 2018 :: mage.gui
Sat Mar 17 21:44:41 2018 :: Cannot open vault - ../clans/mage.gui.vault
Sat Mar 17 21:44:41 2018 :: ranger.gui
Sat Mar 17 21:44:41 2018 :: Cannot open vault - ../clans/ranger.gui.vault
Sat Mar 17 21:44:41 2018 :: $
Sat Mar 17 21:44:41 2018 ::  Done clans 
Sat Mar 17 21:44:41 2018 :: Loading councils
Sat Mar 17 21:44:41 2018 :: Loading councils...
Sat Mar 17 21:44:41 2018 :: $
Sat Mar 17 21:44:41 2018 ::  Done councils 
Sat Mar 17 21:44:41 2018 :: Loading deities
Sat Mar 17 21:44:41 2018 :: Loading deities...
Sat Mar 17 21:44:41 2018 :: $
Sat Mar 17 21:44:41 2018 ::  Done deities 
Sat Mar 17 21:44:41 2018 :: Loading watches
Sat Mar 17 21:44:41 2018 :: Loading bans
Sat Mar 17 21:44:41 2018 :: Done.
Sat Mar 17 21:44:41 2018 :: Loading reserved names
Sat Mar 17 21:44:41 2018 :: Loading corpses
Sat Mar 17 21:44:41 2018 :: Loading Immortal Hosts
Sat Mar 17 21:44:41 2018 :: Done.
Sat Mar 17 21:44:41 2018 :: Loading Projects
Sat Mar 17 21:44:41 2018 :: Loading Morphs
Sat Mar 17 21:44:41 2018 :: Done.
Sat Mar 17 21:44:41 2018 :: Loading Housing System, Home Accessories Data, and Home Auctioning System
Sat Mar 17 21:44:41 2018 :: Loading login messages
Sat Mar 17 21:44:41 2018 :: Initializing socket
Sat Mar 17 21:44:41 2018 :: IMC: Loading IMC2 command table...
Sat Mar 17 21:44:41 2018 :: IMC: Loading IMC2 network data...
Sat Mar 17 21:44:41 2018 :: IMC: Loading IMC2 help file...
Sat Mar 17 21:44:41 2018 :: IMC: Loading IMC2 color table...
Sat Mar 17 21:44:41 2018 :: IMC: Loading IMC2 who template...
Sat Mar 17 21:44:41 2018 :: IMC: imcfread_word: EOF encountered on read.
Sat Mar 17 21:44:41 2018 :: IMC: IMC2 network data loaded. Autoconnect not set. IMC2 will need to be connected manually.
Sat Mar 17 21:44:41 2018 :: (Name Not Set) ready on port 4000.
Sat Mar 17 21:44:41 2018 :: Initiating hotboot recovery.
Sat Mar 17 21:44:41 2018 :: Loading player data for: Xander (2K)
Sat Mar 17 21:44:41 2018 :: Hotboot recovery complete.
Sat Mar 17 21:47:19 2018 :: Log Xander: mset self attack 109
Sat Mar 17 21:47:29 2018 :: Log Xander: mset self att 200
Sat Mar 17 23:42:54 2018 :: Log Xander: hotboot
Sat Mar 17 23:42:54 2018 :: Hotboot initiated by Xander.
Sat Mar 17 23:42:54 2018 :: Preserving world state....
Sat Mar 17 23:42:55 2018 :: Saving player files and connection states....
Sat Mar 17 23:42:55 2018 :: Executing hotboot....
Sat Mar 17 23:42:56 2018 :: Booting Database
 0 0 0 0 0 0 0 0 0 0 0 0 0 0 0 0 0 0 0 0 0 0 0 0 0 0 0 0 0 0 0 0
Sat Mar 17 23:42:56 2018 :: [*****] BOOT: ---------------------[ Boot Log ]--------------------
Sat Mar 17 23:42:56 2018 :: Initializing libdl support...
Sat Mar 17 23:42:56 2018 :: Loading commands...
Sat Mar 17 23:42:56 2018 :: [*****] BUG: Error locating do_makewizlist in symbol table. No such process
Sat Mar 17 23:42:56 2018 :: [*****] BUG: fread_command: Function do_makewizlist not found for makewizlist
Sat Mar 17 23:42:56 2018 :: [*****] BUG: Error locating do_soulfeed in symbol table. No such process
Sat Mar 17 23:42:56 2018 :: [*****] BUG: fread_command: Function do_soulfeed not found for soulfeed
Sat Mar 17 23:42:56 2018 :: Loading spec_funs...
Sat Mar 17 23:42:56 2018 :: Loading sysdata configuration...
Sat Mar 17 23:42:56 2018 :: Loading socials
Sat Mar 17 23:42:56 2018 :: Loading skill table
Sat Mar 17 23:42:56 2018 :: Sorting skill table...
Sat Mar 17 23:42:56 2018 :: Creating skill table sorted by type...
Sat Mar 17 23:42:56 2018 :: Remapping slots to sns
Sat Mar 17 23:42:56 2018 :: Loading classes
Sat Mar 17 23:42:56 2018 :: Loading races
Sat Mar 17 23:42:56 2018 :: Loading news data
Sat Mar 17 23:42:56 2018 :: Loading liquids
Sat Mar 17 23:42:56 2018 :: Loading mixtures
Sat Mar 17 23:42:56 2018 :: Loading herb table
Sat Mar 17 23:42:56 2018 :: Loading tongues
Sat Mar 17 23:42:56 2018 :: Loading MSSP Data...
Sat Mar 17 23:42:56 2018 :: Initializing random number generator
Sat Mar 17 23:42:56 2018 :: Setting time and weather.
Sat Mar 17 23:42:56 2018 :: Loading holiday chart...
Sat Mar 17 23:42:56 2018 :: Loading DNS cache...
Sat Mar 17 23:42:56 2018 :: Assigning gsn's
Sat Mar 17 23:42:56 2018 :: Reading in area files...
(help.are)
limbo.are     : Rooms:     2 - 99    Objs:     2 - 99    Mobs:     1 - 99
newacad.are   : Rooms: 10300 - 10499 Objs: 10300 - 10499 Mobs: 10300 - 10499
newgate.are   : Rooms:   100 - 199   Objs:   100 - 199   Mobs:   100 - 199
newdark.are   : Rooms: 21000 - 21499 Objs: 21000 - 21435 Mobs: 21000 - 21499
gods.are      : Rooms:  1200 - 1201  Objs:  1200 - 1200  Mobs:  1200 - 1200
plains.are    : Rooms:   300 - 345   Objs:   300 - 313   Mobs:   300 - 350
haon.are      : Rooms:  6000 - 6156  Objs:  6000 - 6155  Mobs:  6000 - 6117
midennir.are  : Rooms:  3500 - 3590  Objs:  3500 - 3550  Mobs:  3500 - 3550
sewer.are     : Rooms:  7001 - 7445  Objs:  7190 - 7310  Mobs:  7000 - 7206
redferne.are  : Rooms:  7900 - 7918  Objs:  7909 - 7911  Mobs:  7900 - 7900
grove.are     : Rooms:  8901 - 8999  Objs:  8900 - 8919  Mobs:  8900 - 8911
dwarven.are   : Rooms:  6500 - 6554  Objs:  6502 - 6519  Mobs:  6500 - 6517
daycare.are   : Rooms:  6601 - 6651  Objs:  6600 - 6647  Mobs:  6600 - 6610
grave.are     : Rooms:  3600 - 3651  Objs:  3600 - 3613  Mobs:  3600 - 3605
chapel.are    : Rooms:  3405 - 3475  Objs:  3400 - 3430  Mobs:  3400 - 3416
astral.are    : Rooms:   800 - 899   Objs:   800 - 899   Mobs:   800 - 899
Build.are     : Rooms:  9500 - 9589  Objs:     0 - 0     Mobs:     0 - 0
Sat Mar 17 23:42:56 2018 :: [*****] BUG: fread_fuss_object: no match: d
Sat Mar 17 23:42:56 2018 :: [*****] FILE: pixie.are LINE: 209
Sat Mar 17 23:42:56 2018 :: [*****] BUG: fread_fuss_object: no match: d
Sat Mar 17 23:42:56 2018 :: [*****] FILE: pixie.are LINE: 210
Sat Mar 17 23:42:56 2018 :: [*****] BUG: fread_fuss_object: no match: d
Sat Mar 17 23:42:56 2018 :: [*****] FILE: pixie.are LINE: 211
Sat Mar 17 23:42:56 2018 :: [*****] BUG: fread_fuss_object: no match: d
Sat Mar 17 23:42:56 2018 :: [*****] FILE: pixie.are LINE: 232
Sat Mar 17 23:42:56 2018 :: [*****] BUG: fread_fuss_object: no match: d
Sat Mar 17 23:42:56 2018 :: [*****] FILE: pixie.are LINE: 233
Sat Mar 17 23:42:56 2018 :: [*****] BUG: fread_fuss_object: no match: d
Sat Mar 17 23:42:56 2018 :: [*****] FILE: pixie.are LINE: 246
Sat Mar 17 23:42:56 2018 :: [*****] BUG: fread_fuss_object: no match: d
Sat Mar 17 23:42:56 2018 :: [*****] FILE: pixie.are LINE: 267
pixie.are     : Rooms:  2070 - 2099  Objs:  2070 - 2077  Mobs:  2070 - 2073
export.are    : Rooms:  9810 - 9899  Objs:  9810 - 9899  Mobs:  9800 - 9899
srefuge.are   : Rooms:  1500 - 1599  Objs:  1500 - 1599  Mobs:  1500 - 1599
manor.are     : Rooms:  2400 - 2499  Objs:  2400 - 2499  Mobs:  2405 - 2484
unholy.are    : Rooms:  2101 - 2172  Objs:  2101 - 2150  Mobs:  2101 - 2120
gallery.are   : Rooms: 24800 - 24899 Objs: 24800 - 24899 Mobs: 24800 - 24899
housing.are   : Rooms: 50000 - 54999 Objs: 50000 - 54999 Mobs: 50000 - 54999
Sat Mar 17 23:42:56 2018 :: Fixing exits
Sat Mar 17 23:42:56 2018 :: Initializing economy
Sat Mar 17 23:42:56 2018 :: Loading world state...
Sat Mar 17 23:42:56 2018 :: World state: loading mobs
Sat Mar 17 23:42:56 2018 :: World state: loading objs
Sat Mar 17 23:42:56 2018 :: Resetting areas
Sat Mar 17 23:42:56 2018 :: Loading buildlist
Sat Mar 17 23:42:56 2018 :: ../gods/Bob
Sat Mar 17 23:42:56 2018 :: ../gods/Darren
Sat Mar 17 23:42:56 2018 :: ../gods/Mitchell
Sat Mar 17 23:42:56 2018 :: ../gods/Tester
Sat Mar 17 23:42:56 2018 :: ../gods/Xander
Sat Mar 17 23:42:56 2018 :: Loading boards
Sat Mar 17 23:42:56 2018 :: ../boards/immortal.brd
Sat Mar 17 23:42:56 2018 :: ../boards/highgod.brd
Sat Mar 17 23:42:56 2018 :: Loading vault list
Sat Mar 17 23:42:56 2018 :: $
Sat Mar 17 23:42:56 2018 ::  Done vaults 
Sat Mar 17 23:42:56 2018 :: Loading clans
Sat Mar 17 23:42:56 2018 :: Loading clans...
Sat Mar 17 23:42:56 2018 :: vampire.gui
Sat Mar 17 23:42:56 2018 :: Cannot open vault - ../clans/vampire.gui.vault
Sat Mar 17 23:42:56 2018 :: druid.gui
Sat Mar 17 23:42:56 2018 :: Cannot open vault - ../clans/druid.gui.vault
Sat Mar 17 23:42:56 2018 :: warrior.gui
Sat Mar 17 23:42:56 2018 :: Cannot open vault - ../clans/warrior.gui.vault
Sat Mar 17 23:42:56 2018 :: augurer.gui
Sat Mar 17 23:42:56 2018 :: Cannot open vault - ../clans/augurer.gui.vault
Sat Mar 17 23:42:56 2018 :: thief.gui
Sat Mar 17 23:42:56 2018 :: Cannot open vault - ../clans/thief.gui.vault
Sat Mar 17 23:42:56 2018 :: cleric.gui
Sat Mar 17 23:42:56 2018 :: Cannot open vault - ../clans/cleric.gui.vault
Sat Mar 17 23:42:56 2018 :: mage.gui
Sat Mar 17 23:42:56 2018 :: Cannot open vault - ../clans/mage.gui.vault
Sat Mar 17 23:42:56 2018 :: ranger.gui
Sat Mar 17 23:42:56 2018 :: Cannot open vault - ../clans/ranger.gui.vault
Sat Mar 17 23:42:56 2018 :: $
Sat Mar 17 23:42:56 2018 ::  Done clans 
Sat Mar 17 23:42:56 2018 :: Loading councils
Sat Mar 17 23:42:56 2018 :: Loading councils...
Sat Mar 17 23:42:56 2018 :: $
Sat Mar 17 23:42:56 2018 ::  Done councils 
Sat Mar 17 23:42:56 2018 :: Loading deities
Sat Mar 17 23:42:56 2018 :: Loading deities...
Sat Mar 17 23:42:56 2018 :: $
Sat Mar 17 23:42:56 2018 ::  Done deities 
Sat Mar 17 23:42:56 2018 :: Loading watches
Sat Mar 17 23:42:56 2018 :: Loading bans
Sat Mar 17 23:42:56 2018 :: Done.
Sat Mar 17 23:42:56 2018 :: Loading reserved names
Sat Mar 17 23:42:56 2018 :: Loading corpses
Sat Mar 17 23:42:56 2018 :: Loading Immortal Hosts
Sat Mar 17 23:42:56 2018 :: Done.
Sat Mar 17 23:42:56 2018 :: Loading Projects
Sat Mar 17 23:42:56 2018 :: Loading Morphs
Sat Mar 17 23:42:56 2018 :: Done.
Sat Mar 17 23:42:56 2018 :: Loading Housing System, Home Accessories Data, and Home Auctioning System
Sat Mar 17 23:42:56 2018 :: Loading login messages
Sat Mar 17 23:42:56 2018 :: Initializing socket
Sat Mar 17 23:42:56 2018 :: IMC: Loading IMC2 command table...
Sat Mar 17 23:42:56 2018 :: IMC: Loading IMC2 network data...
Sat Mar 17 23:42:56 2018 :: IMC: Loading IMC2 help file...
Sat Mar 17 23:42:56 2018 :: IMC: Loading IMC2 color table...
Sat Mar 17 23:42:56 2018 :: IMC: Loading IMC2 who template...
Sat Mar 17 23:42:56 2018 :: IMC: imcfread_word: EOF encountered on read.
Sat Mar 17 23:42:56 2018 :: IMC: IMC2 network data loaded. Autoconnect not set. IMC2 will need to be connected manually.
Sat Mar 17 23:42:56 2018 :: (Name Not Set) ready on port 4000.
Sat Mar 17 23:42:56 2018 :: Initiating hotboot recovery.
Sat Mar 17 23:42:57 2018 :: Loading player data for: Xander (2K)
Sat Mar 17 23:42:57 2018 :: Hotboot recovery complete.
Sat Mar 17 23:43:47 2018 :: Log Xander: sset self all 100
Sat Mar 17 23:47:52 2018 :: Log Xander: hotboot
Sat Mar 17 23:47:52 2018 :: Hotboot initiated by Xander.
Sat Mar 17 23:47:52 2018 :: Preserving world state....
Sat Mar 17 23:47:52 2018 :: Saving player files and connection states....
Sat Mar 17 23:47:52 2018 :: Executing hotboot....
Sat Mar 17 23:47:53 2018 :: Booting Database
 0 0 0 0 0 0 0 0 0 0 0 0 0 0 0 0 0 0 0 0 0 0 0 0 0 0 0 0 0 0 0 0
Sat Mar 17 23:47:53 2018 :: [*****] BOOT: ---------------------[ Boot Log ]--------------------
Sat Mar 17 23:47:53 2018 :: Initializing libdl support...
Sat Mar 17 23:47:53 2018 :: Loading commands...
Sat Mar 17 23:47:53 2018 :: [*****] BUG: Error locating do_makewizlist in symbol table. No such process
Sat Mar 17 23:47:53 2018 :: [*****] BUG: fread_command: Function do_makewizlist not found for makewizlist
Sat Mar 17 23:47:53 2018 :: [*****] BUG: Error locating do_soulfeed in symbol table. No such process
Sat Mar 17 23:47:53 2018 :: [*****] BUG: fread_command: Function do_soulfeed not found for soulfeed
Sat Mar 17 23:47:53 2018 :: Loading spec_funs...
Sat Mar 17 23:47:53 2018 :: Loading sysdata configuration...
Sat Mar 17 23:47:53 2018 :: Loading socials
Sat Mar 17 23:47:53 2018 :: Loading skill table
Sat Mar 17 23:47:53 2018 :: Sorting skill table...
Sat Mar 17 23:47:53 2018 :: Creating skill table sorted by type...
Sat Mar 17 23:47:53 2018 :: Remapping slots to sns
Sat Mar 17 23:47:53 2018 :: Loading classes
Sat Mar 17 23:47:53 2018 :: Loading races
Sat Mar 17 23:47:53 2018 :: Loading news data
Sat Mar 17 23:47:53 2018 :: Loading liquids
Sat Mar 17 23:47:53 2018 :: Loading mixtures
Sat Mar 17 23:47:53 2018 :: Loading herb table
Sat Mar 17 23:47:53 2018 :: Loading tongues
Sat Mar 17 23:47:53 2018 :: Loading MSSP Data...
Sat Mar 17 23:47:53 2018 :: Initializing random number generator
Sat Mar 17 23:47:53 2018 :: Setting time and weather.
Sat Mar 17 23:47:53 2018 :: Loading holiday chart...
Sat Mar 17 23:47:53 2018 :: Loading DNS cache...
Sat Mar 17 23:47:53 2018 :: Assigning gsn's
Sat Mar 17 23:47:53 2018 :: Reading in area files...
(help.are)
limbo.are     : Rooms:     2 - 99    Objs:     2 - 99    Mobs:     1 - 99
newacad.are   : Rooms: 10300 - 10499 Objs: 10300 - 10499 Mobs: 10300 - 10499
newgate.are   : Rooms:   100 - 199   Objs:   100 - 199   Mobs:   100 - 199
newdark.are   : Rooms: 21000 - 21499 Objs: 21000 - 21435 Mobs: 21000 - 21499
gods.are      : Rooms:  1200 - 1201  Objs:  1200 - 1200  Mobs:  1200 - 1200
plains.are    : Rooms:   300 - 345   Objs:   300 - 313   Mobs:   300 - 350
haon.are      : Rooms:  6000 - 6156  Objs:  6000 - 6155  Mobs:  6000 - 6117
midennir.are  : Rooms:  3500 - 3590  Objs:  3500 - 3550  Mobs:  3500 - 3550
sewer.are     : Rooms:  7001 - 7445  Objs:  7190 - 7310  Mobs:  7000 - 7206
redferne.are  : Rooms:  7900 - 7918  Objs:  7909 - 7911  Mobs:  7900 - 7900
grove.are     : Rooms:  8901 - 8999  Objs:  8900 - 8919  Mobs:  8900 - 8911
dwarven.are   : Rooms:  6500 - 6554  Objs:  6502 - 6519  Mobs:  6500 - 6517
daycare.are   : Rooms:  6601 - 6651  Objs:  6600 - 6647  Mobs:  6600 - 6610
grave.are     : Rooms:  3600 - 3651  Objs:  3600 - 3613  Mobs:  3600 - 3605
chapel.are    : Rooms:  3405 - 3475  Objs:  3400 - 3430  Mobs:  3400 - 3416
astral.are    : Rooms:   800 - 899   Objs:   800 - 899   Mobs:   800 - 899
Build.are     : Rooms:  9500 - 9589  Objs:     0 - 0     Mobs:     0 - 0
Sat Mar 17 23:47:53 2018 :: [*****] BUG: fread_fuss_object: no match: d
Sat Mar 17 23:47:53 2018 :: [*****] FILE: pixie.are LINE: 209
Sat Mar 17 23:47:53 2018 :: [*****] BUG: fread_fuss_object: no match: d
Sat Mar 17 23:47:53 2018 :: [*****] FILE: pixie.are LINE: 210
Sat Mar 17 23:47:53 2018 :: [*****] BUG: fread_fuss_object: no match: d
Sat Mar 17 23:47:53 2018 :: [*****] FILE: pixie.are LINE: 211
Sat Mar 17 23:47:53 2018 :: [*****] BUG: fread_fuss_object: no match: d
Sat Mar 17 23:47:53 2018 :: [*****] FILE: pixie.are LINE: 232
Sat Mar 17 23:47:53 2018 :: [*****] BUG: fread_fuss_object: no match: d
Sat Mar 17 23:47:53 2018 :: [*****] FILE: pixie.are LINE: 233
Sat Mar 17 23:47:53 2018 :: [*****] BUG: fread_fuss_object: no match: d
Sat Mar 17 23:47:53 2018 :: [*****] FILE: pixie.are LINE: 246
Sat Mar 17 23:47:53 2018 :: [*****] BUG: fread_fuss_object: no match: d
Sat Mar 17 23:47:53 2018 :: [*****] FILE: pixie.are LINE: 267
pixie.are     : Rooms:  2070 - 2099  Objs:  2070 - 2077  Mobs:  2070 - 2073
export.are    : Rooms:  9810 - 9899  Objs:  9810 - 9899  Mobs:  9800 - 9899
srefuge.are   : Rooms:  1500 - 1599  Objs:  1500 - 1599  Mobs:  1500 - 1599
manor.are     : Rooms:  2400 - 2499  Objs:  2400 - 2499  Mobs:  2405 - 2484
unholy.are    : Rooms:  2101 - 2172  Objs:  2101 - 2150  Mobs:  2101 - 2120
gallery.are   : Rooms: 24800 - 24899 Objs: 24800 - 24899 Mobs: 24800 - 24899
housing.are   : Rooms: 50000 - 54999 Objs: 50000 - 54999 Mobs: 50000 - 54999
Sat Mar 17 23:47:53 2018 :: Fixing exits
Sat Mar 17 23:47:53 2018 :: Initializing economy
Sat Mar 17 23:47:53 2018 :: Loading world state...
Sat Mar 17 23:47:53 2018 :: World state: loading mobs
Sat Mar 17 23:47:53 2018 :: World state: loading objs
Sat Mar 17 23:47:53 2018 :: Resetting areas
Sat Mar 17 23:47:53 2018 :: Loading buildlist
Sat Mar 17 23:47:53 2018 :: ../gods/Bob
Sat Mar 17 23:47:53 2018 :: ../gods/Darren
Sat Mar 17 23:47:53 2018 :: ../gods/Mitchell
Sat Mar 17 23:47:53 2018 :: ../gods/Tester
Sat Mar 17 23:47:53 2018 :: ../gods/Xander
Sat Mar 17 23:47:53 2018 :: Loading boards
Sat Mar 17 23:47:53 2018 :: ../boards/immortal.brd
Sat Mar 17 23:47:53 2018 :: ../boards/highgod.brd
Sat Mar 17 23:47:53 2018 :: Loading vault list
Sat Mar 17 23:47:53 2018 :: $
Sat Mar 17 23:47:53 2018 ::  Done vaults 
Sat Mar 17 23:47:53 2018 :: Loading clans
Sat Mar 17 23:47:53 2018 :: Loading clans...
Sat Mar 17 23:47:53 2018 :: vampire.gui
Sat Mar 17 23:47:53 2018 :: Cannot open vault - ../clans/vampire.gui.vault
Sat Mar 17 23:47:53 2018 :: druid.gui
Sat Mar 17 23:47:53 2018 :: Cannot open vault - ../clans/druid.gui.vault
Sat Mar 17 23:47:53 2018 :: warrior.gui
Sat Mar 17 23:47:53 2018 :: Cannot open vault - ../clans/warrior.gui.vault
Sat Mar 17 23:47:53 2018 :: augurer.gui
Sat Mar 17 23:47:53 2018 :: Cannot open vault - ../clans/augurer.gui.vault
Sat Mar 17 23:47:53 2018 :: thief.gui
Sat Mar 17 23:47:53 2018 :: Cannot open vault - ../clans/thief.gui.vault
Sat Mar 17 23:47:53 2018 :: cleric.gui
Sat Mar 17 23:47:53 2018 :: Cannot open vault - ../clans/cleric.gui.vault
Sat Mar 17 23:47:53 2018 :: mage.gui
Sat Mar 17 23:47:53 2018 :: Cannot open vault - ../clans/mage.gui.vault
Sat Mar 17 23:47:53 2018 :: ranger.gui
Sat Mar 17 23:47:53 2018 :: Cannot open vault - ../clans/ranger.gui.vault
Sat Mar 17 23:47:53 2018 :: $
Sat Mar 17 23:47:53 2018 ::  Done clans 
Sat Mar 17 23:47:53 2018 :: Loading councils
Sat Mar 17 23:47:53 2018 :: Loading councils...
Sat Mar 17 23:47:53 2018 :: $
Sat Mar 17 23:47:53 2018 ::  Done councils 
Sat Mar 17 23:47:53 2018 :: Loading deities
Sat Mar 17 23:47:53 2018 :: Loading deities...
Sat Mar 17 23:47:53 2018 :: $
Sat Mar 17 23:47:53 2018 ::  Done deities 
Sat Mar 17 23:47:53 2018 :: Loading watches
Sat Mar 17 23:47:53 2018 :: Loading bans
Sat Mar 17 23:47:53 2018 :: Done.
Sat Mar 17 23:47:53 2018 :: Loading reserved names
Sat Mar 17 23:47:53 2018 :: Loading corpses
Sat Mar 17 23:47:53 2018 :: Loading Immortal Hosts
Sat Mar 17 23:47:53 2018 :: Done.
Sat Mar 17 23:47:53 2018 :: Loading Projects
Sat Mar 17 23:47:53 2018 :: Loading Morphs
Sat Mar 17 23:47:53 2018 :: Done.
Sat Mar 17 23:47:53 2018 :: Loading Housing System, Home Accessories Data, and Home Auctioning System
Sat Mar 17 23:47:53 2018 :: Loading login messages
Sat Mar 17 23:47:53 2018 :: Initializing socket
Sat Mar 17 23:47:53 2018 :: IMC: Loading IMC2 command table...
Sat Mar 17 23:47:53 2018 :: IMC: Loading IMC2 network data...
Sat Mar 17 23:47:53 2018 :: IMC: Loading IMC2 help file...
Sat Mar 17 23:47:53 2018 :: IMC: Loading IMC2 color table...
Sat Mar 17 23:47:53 2018 :: IMC: Loading IMC2 who template...
Sat Mar 17 23:47:53 2018 :: IMC: imcfread_word: EOF encountered on read.
Sat Mar 17 23:47:53 2018 :: IMC: IMC2 network data loaded. Autoconnect not set. IMC2 will need to be connected manually.
Sat Mar 17 23:47:53 2018 :: (Name Not Set) ready on port 4000.
Sat Mar 17 23:47:53 2018 :: Initiating hotboot recovery.
Sat Mar 17 23:47:53 2018 :: Loading player data for: Xander (11K)
Sat Mar 17 23:47:53 2018 :: Hotboot recovery complete.
Sat Mar 17 23:51:32 2018 :: Log Xander: hotboot
Sat Mar 17 23:51:32 2018 :: Hotboot initiated by Xander.
Sat Mar 17 23:51:32 2018 :: Preserving world state....
Sat Mar 17 23:51:32 2018 :: Saving player files and connection states....
Sat Mar 17 23:51:32 2018 :: Executing hotboot....
Sat Mar 17 23:51:33 2018 :: Booting Database
 0 0 0 0 0 0 0 0 0 0 0 0 0 0 0 0 0 0 0 0 0 0 0 0 0 0 0 0 0 0 0 0
Sat Mar 17 23:51:33 2018 :: [*****] BOOT: ---------------------[ Boot Log ]--------------------
Sat Mar 17 23:51:33 2018 :: Initializing libdl support...
Sat Mar 17 23:51:33 2018 :: Loading commands...
Sat Mar 17 23:51:33 2018 :: [*****] BUG: Error locating do_makewizlist in symbol table. No such process
Sat Mar 17 23:51:33 2018 :: [*****] BUG: fread_command: Function do_makewizlist not found for makewizlist
Sat Mar 17 23:51:33 2018 :: [*****] BUG: Error locating do_soulfeed in symbol table. No such process
Sat Mar 17 23:51:33 2018 :: [*****] BUG: fread_command: Function do_soulfeed not found for soulfeed
Sat Mar 17 23:51:33 2018 :: Loading spec_funs...
Sat Mar 17 23:51:33 2018 :: Loading sysdata configuration...
Sat Mar 17 23:51:33 2018 :: Loading socials
Sat Mar 17 23:51:33 2018 :: Loading skill table
Sat Mar 17 23:51:33 2018 :: Sorting skill table...
Sat Mar 17 23:51:33 2018 :: Creating skill table sorted by type...
Sat Mar 17 23:51:33 2018 :: Remapping slots to sns
Sat Mar 17 23:51:33 2018 :: Loading classes
Sat Mar 17 23:51:33 2018 :: Loading races
Sat Mar 17 23:51:33 2018 :: Loading news data
Sat Mar 17 23:51:33 2018 :: Loading liquids
Sat Mar 17 23:51:33 2018 :: Loading mixtures
Sat Mar 17 23:51:33 2018 :: Loading herb table
Sat Mar 17 23:51:33 2018 :: Loading tongues
Sat Mar 17 23:51:33 2018 :: Loading MSSP Data...
Sat Mar 17 23:51:33 2018 :: Initializing random number generator
Sat Mar 17 23:51:33 2018 :: Setting time and weather.
Sat Mar 17 23:51:33 2018 :: Loading holiday chart...
Sat Mar 17 23:51:33 2018 :: Loading DNS cache...
Sat Mar 17 23:51:33 2018 :: Assigning gsn's
Sat Mar 17 23:51:33 2018 :: Reading in area files...
(help.are)
limbo.are     : Rooms:     2 - 99    Objs:     2 - 99    Mobs:     1 - 99
newacad.are   : Rooms: 10300 - 10499 Objs: 10300 - 10499 Mobs: 10300 - 10499
newgate.are   : Rooms:   100 - 199   Objs:   100 - 199   Mobs:   100 - 199
newdark.are   : Rooms: 21000 - 21499 Objs: 21000 - 21435 Mobs: 21000 - 21499
gods.are      : Rooms:  1200 - 1201  Objs:  1200 - 1200  Mobs:  1200 - 1200
plains.are    : Rooms:   300 - 345   Objs:   300 - 313   Mobs:   300 - 350
haon.are      : Rooms:  6000 - 6156  Objs:  6000 - 6155  Mobs:  6000 - 6117
midennir.are  : Rooms:  3500 - 3590  Objs:  3500 - 3550  Mobs:  3500 - 3550
sewer.are     : Rooms:  7001 - 7445  Objs:  7190 - 7310  Mobs:  7000 - 7206
redferne.are  : Rooms:  7900 - 7918  Objs:  7909 - 7911  Mobs:  7900 - 7900
grove.are     : Rooms:  8901 - 8999  Objs:  8900 - 8919  Mobs:  8900 - 8911
dwarven.are   : Rooms:  6500 - 6554  Objs:  6502 - 6519  Mobs:  6500 - 6517
daycare.are   : Rooms:  6601 - 6651  Objs:  6600 - 6647  Mobs:  6600 - 6610
grave.are     : Rooms:  3600 - 3651  Objs:  3600 - 3613  Mobs:  3600 - 3605
chapel.are    : Rooms:  3405 - 3475  Objs:  3400 - 3430  Mobs:  3400 - 3416
astral.are    : Rooms:   800 - 899   Objs:   800 - 899   Mobs:   800 - 899
Build.are     : Rooms:  9500 - 9589  Objs:     0 - 0     Mobs:     0 - 0
Sat Mar 17 23:51:33 2018 :: [*****] BUG: fread_fuss_object: no match: d
Sat Mar 17 23:51:33 2018 :: [*****] FILE: pixie.are LINE: 209
Sat Mar 17 23:51:33 2018 :: [*****] BUG: fread_fuss_object: no match: d
Sat Mar 17 23:51:33 2018 :: [*****] FILE: pixie.are LINE: 210
Sat Mar 17 23:51:33 2018 :: [*****] BUG: fread_fuss_object: no match: d
Sat Mar 17 23:51:33 2018 :: [*****] FILE: pixie.are LINE: 211
Sat Mar 17 23:51:33 2018 :: [*****] BUG: fread_fuss_object: no match: d
Sat Mar 17 23:51:33 2018 :: [*****] FILE: pixie.are LINE: 232
Sat Mar 17 23:51:33 2018 :: [*****] BUG: fread_fuss_object: no match: d
Sat Mar 17 23:51:33 2018 :: [*****] FILE: pixie.are LINE: 233
Sat Mar 17 23:51:33 2018 :: [*****] BUG: fread_fuss_object: no match: d
Sat Mar 17 23:51:33 2018 :: [*****] FILE: pixie.are LINE: 246
Sat Mar 17 23:51:33 2018 :: [*****] BUG: fread_fuss_object: no match: d
Sat Mar 17 23:51:33 2018 :: [*****] FILE: pixie.are LINE: 267
pixie.are     : Rooms:  2070 - 2099  Objs:  2070 - 2077  Mobs:  2070 - 2073
export.are    : Rooms:  9810 - 9899  Objs:  9810 - 9899  Mobs:  9800 - 9899
srefuge.are   : Rooms:  1500 - 1599  Objs:  1500 - 1599  Mobs:  1500 - 1599
manor.are     : Rooms:  2400 - 2499  Objs:  2400 - 2499  Mobs:  2405 - 2484
unholy.are    : Rooms:  2101 - 2172  Objs:  2101 - 2150  Mobs:  2101 - 2120
gallery.are   : Rooms: 24800 - 24899 Objs: 24800 - 24899 Mobs: 24800 - 24899
housing.are   : Rooms: 50000 - 54999 Objs: 50000 - 54999 Mobs: 50000 - 54999
Sat Mar 17 23:51:33 2018 :: Fixing exits
Sat Mar 17 23:51:33 2018 :: Initializing economy
Sat Mar 17 23:51:33 2018 :: Loading world state...
Sat Mar 17 23:51:33 2018 :: World state: loading mobs
Sat Mar 17 23:51:33 2018 :: World state: loading objs
Sat Mar 17 23:51:33 2018 :: Resetting areas
Sat Mar 17 23:51:33 2018 :: Loading buildlist
Sat Mar 17 23:51:33 2018 :: ../gods/Bob
Sat Mar 17 23:51:33 2018 :: ../gods/Darren
Sat Mar 17 23:51:33 2018 :: ../gods/Mitchell
Sat Mar 17 23:51:33 2018 :: ../gods/Tester
Sat Mar 17 23:51:33 2018 :: ../gods/Xander
Sat Mar 17 23:51:33 2018 :: Loading boards
Sat Mar 17 23:51:33 2018 :: ../boards/immortal.brd
Sat Mar 17 23:51:33 2018 :: ../boards/highgod.brd
Sat Mar 17 23:51:33 2018 :: Loading vault list
Sat Mar 17 23:51:33 2018 :: $
Sat Mar 17 23:51:33 2018 ::  Done vaults 
Sat Mar 17 23:51:33 2018 :: Loading clans
Sat Mar 17 23:51:33 2018 :: Loading clans...
Sat Mar 17 23:51:33 2018 :: vampire.gui
Sat Mar 17 23:51:33 2018 :: Cannot open vault - ../clans/vampire.gui.vault
Sat Mar 17 23:51:33 2018 :: druid.gui
Sat Mar 17 23:51:33 2018 :: Cannot open vault - ../clans/druid.gui.vault
Sat Mar 17 23:51:33 2018 :: warrior.gui
Sat Mar 17 23:51:33 2018 :: Cannot open vault - ../clans/warrior.gui.vault
Sat Mar 17 23:51:33 2018 :: augurer.gui
Sat Mar 17 23:51:33 2018 :: Cannot open vault - ../clans/augurer.gui.vault
Sat Mar 17 23:51:33 2018 :: thief.gui
Sat Mar 17 23:51:33 2018 :: Cannot open vault - ../clans/thief.gui.vault
Sat Mar 17 23:51:33 2018 :: cleric.gui
Sat Mar 17 23:51:33 2018 :: Cannot open vault - ../clans/cleric.gui.vault
Sat Mar 17 23:51:33 2018 :: mage.gui
Sat Mar 17 23:51:33 2018 :: Cannot open vault - ../clans/mage.gui.vault
Sat Mar 17 23:51:33 2018 :: ranger.gui
Sat Mar 17 23:51:33 2018 :: Cannot open vault - ../clans/ranger.gui.vault
Sat Mar 17 23:51:33 2018 :: $
Sat Mar 17 23:51:33 2018 ::  Done clans 
Sat Mar 17 23:51:33 2018 :: Loading councils
Sat Mar 17 23:51:33 2018 :: Loading councils...
Sat Mar 17 23:51:33 2018 :: $
Sat Mar 17 23:51:33 2018 ::  Done councils 
Sat Mar 17 23:51:33 2018 :: Loading deities
Sat Mar 17 23:51:33 2018 :: Loading deities...
Sat Mar 17 23:51:33 2018 :: $
Sat Mar 17 23:51:33 2018 ::  Done deities 
Sat Mar 17 23:51:33 2018 :: Loading watches
Sat Mar 17 23:51:33 2018 :: Loading bans
Sat Mar 17 23:51:33 2018 :: Done.
Sat Mar 17 23:51:33 2018 :: Loading reserved names
Sat Mar 17 23:51:33 2018 :: Loading corpses
Sat Mar 17 23:51:33 2018 :: Loading Immortal Hosts
Sat Mar 17 23:51:33 2018 :: Done.
Sat Mar 17 23:51:33 2018 :: Loading Projects
Sat Mar 17 23:51:33 2018 :: Loading Morphs
Sat Mar 17 23:51:33 2018 :: Done.
Sat Mar 17 23:51:33 2018 :: Loading Housing System, Home Accessories Data, and Home Auctioning System
Sat Mar 17 23:51:33 2018 :: Loading login messages
Sat Mar 17 23:51:33 2018 :: Initializing socket
Sat Mar 17 23:51:33 2018 :: IMC: Loading IMC2 command table...
Sat Mar 17 23:51:33 2018 :: IMC: Loading IMC2 network data...
Sat Mar 17 23:51:33 2018 :: IMC: Loading IMC2 help file...
Sat Mar 17 23:51:33 2018 :: IMC: Loading IMC2 color table...
Sat Mar 17 23:51:33 2018 :: IMC: Loading IMC2 who template...
Sat Mar 17 23:51:33 2018 :: IMC: imcfread_word: EOF encountered on read.
Sat Mar 17 23:51:33 2018 :: IMC: IMC2 network data loaded. Autoconnect not set. IMC2 will need to be connected manually.
Sat Mar 17 23:51:33 2018 :: (Name Not Set) ready on port 4000.
Sat Mar 17 23:51:33 2018 :: Initiating hotboot recovery.
Sat Mar 17 23:51:33 2018 :: Loading player data for: Xander (11K)
Sat Mar 17 23:51:33 2018 :: Hotboot recovery complete.
Sat Mar 17 23:58:17 2018 :: Log Xander: hotboot
Sat Mar 17 23:58:17 2018 :: Hotboot initiated by Xander.
Sat Mar 17 23:58:17 2018 :: Preserving world state....
Sat Mar 17 23:58:17 2018 :: Saving player files and connection states....
Sat Mar 17 23:58:17 2018 :: Executing hotboot....
Sat Mar 17 23:58:18 2018 :: Booting Database
 0 0 0 0 0 0 0 0 0 0 0 0 0 0 0 0 0 0 0 0 0 0 0 0 0 0 0 0 0 0 0 0
Sat Mar 17 23:58:18 2018 :: [*****] BOOT: ---------------------[ Boot Log ]--------------------
Sat Mar 17 23:58:18 2018 :: Initializing libdl support...
Sat Mar 17 23:58:18 2018 :: Loading commands...
Sat Mar 17 23:58:18 2018 :: [*****] BUG: Error locating do_makewizlist in symbol table. No such process
Sat Mar 17 23:58:18 2018 :: [*****] BUG: fread_command: Function do_makewizlist not found for makewizlist
Sat Mar 17 23:58:18 2018 :: [*****] BUG: Error locating do_soulfeed in symbol table. No such process
Sat Mar 17 23:58:18 2018 :: [*****] BUG: fread_command: Function do_soulfeed not found for soulfeed
Sat Mar 17 23:58:18 2018 :: Loading spec_funs...
Sat Mar 17 23:58:18 2018 :: Loading sysdata configuration...
Sat Mar 17 23:58:18 2018 :: Loading socials
Sat Mar 17 23:58:18 2018 :: Loading skill table
Sat Mar 17 23:58:18 2018 :: Sorting skill table...
Sat Mar 17 23:58:18 2018 :: Creating skill table sorted by type...
Sat Mar 17 23:58:18 2018 :: Remapping slots to sns
Sat Mar 17 23:58:18 2018 :: Loading classes
Sat Mar 17 23:58:18 2018 :: Loading races
Sat Mar 17 23:58:18 2018 :: Loading news data
Sat Mar 17 23:58:18 2018 :: Loading liquids
Sat Mar 17 23:58:18 2018 :: Loading mixtures
Sat Mar 17 23:58:18 2018 :: Loading herb table
Sat Mar 17 23:58:18 2018 :: Loading tongues
Sat Mar 17 23:58:18 2018 :: Loading MSSP Data...
Sat Mar 17 23:58:18 2018 :: Initializing random number generator
Sat Mar 17 23:58:18 2018 :: Setting time and weather.
Sat Mar 17 23:58:18 2018 :: Loading holiday chart...
Sat Mar 17 23:58:18 2018 :: Loading DNS cache...
Sat Mar 17 23:58:18 2018 :: Assigning gsn's
Sat Mar 17 23:58:18 2018 :: Reading in area files...
(help.are)
limbo.are     : Rooms:     2 - 99    Objs:     2 - 99    Mobs:     1 - 99
newacad.are   : Rooms: 10300 - 10499 Objs: 10300 - 10499 Mobs: 10300 - 10499
newgate.are   : Rooms:   100 - 199   Objs:   100 - 199   Mobs:   100 - 199
newdark.are   : Rooms: 21000 - 21499 Objs: 21000 - 21435 Mobs: 21000 - 21499
gods.are      : Rooms:  1200 - 1201  Objs:  1200 - 1200  Mobs:  1200 - 1200
plains.are    : Rooms:   300 - 345   Objs:   300 - 313   Mobs:   300 - 350
haon.are      : Rooms:  6000 - 6156  Objs:  6000 - 6155  Mobs:  6000 - 6117
midennir.are  : Rooms:  3500 - 3590  Objs:  3500 - 3550  Mobs:  3500 - 3550
sewer.are     : Rooms:  7001 - 7445  Objs:  7190 - 7310  Mobs:  7000 - 7206
redferne.are  : Rooms:  7900 - 7918  Objs:  7909 - 7911  Mobs:  7900 - 7900
grove.are     : Rooms:  8901 - 8999  Objs:  8900 - 8919  Mobs:  8900 - 8911
dwarven.are   : Rooms:  6500 - 6554  Objs:  6502 - 6519  Mobs:  6500 - 6517
daycare.are   : Rooms:  6601 - 6651  Objs:  6600 - 6647  Mobs:  6600 - 6610
grave.are     : Rooms:  3600 - 3651  Objs:  3600 - 3613  Mobs:  3600 - 3605
chapel.are    : Rooms:  3405 - 3475  Objs:  3400 - 3430  Mobs:  3400 - 3416
astral.are    : Rooms:   800 - 899   Objs:   800 - 899   Mobs:   800 - 899
Build.are     : Rooms:  9500 - 9589  Objs:     0 - 0     Mobs:     0 - 0
Sat Mar 17 23:58:18 2018 :: [*****] BUG: fread_fuss_object: no match: d
Sat Mar 17 23:58:18 2018 :: [*****] FILE: pixie.are LINE: 209
Sat Mar 17 23:58:18 2018 :: [*****] BUG: fread_fuss_object: no match: d
Sat Mar 17 23:58:18 2018 :: [*****] FILE: pixie.are LINE: 210
Sat Mar 17 23:58:18 2018 :: [*****] BUG: fread_fuss_object: no match: d
Sat Mar 17 23:58:18 2018 :: [*****] FILE: pixie.are LINE: 211
Sat Mar 17 23:58:18 2018 :: [*****] BUG: fread_fuss_object: no match: d
Sat Mar 17 23:58:18 2018 :: [*****] FILE: pixie.are LINE: 232
Sat Mar 17 23:58:18 2018 :: [*****] BUG: fread_fuss_object: no match: d
Sat Mar 17 23:58:18 2018 :: [*****] FILE: pixie.are LINE: 233
Sat Mar 17 23:58:18 2018 :: [*****] BUG: fread_fuss_object: no match: d
Sat Mar 17 23:58:18 2018 :: [*****] FILE: pixie.are LINE: 246
Sat Mar 17 23:58:18 2018 :: [*****] BUG: fread_fuss_object: no match: d
Sat Mar 17 23:58:18 2018 :: [*****] FILE: pixie.are LINE: 267
pixie.are     : Rooms:  2070 - 2099  Objs:  2070 - 2077  Mobs:  2070 - 2073
export.are    : Rooms:  9810 - 9899  Objs:  9810 - 9899  Mobs:  9800 - 9899
srefuge.are   : Rooms:  1500 - 1599  Objs:  1500 - 1599  Mobs:  1500 - 1599
manor.are     : Rooms:  2400 - 2499  Objs:  2400 - 2499  Mobs:  2405 - 2484
unholy.are    : Rooms:  2101 - 2172  Objs:  2101 - 2150  Mobs:  2101 - 2120
gallery.are   : Rooms: 24800 - 24899 Objs: 24800 - 24899 Mobs: 24800 - 24899
housing.are   : Rooms: 50000 - 54999 Objs: 50000 - 54999 Mobs: 50000 - 54999
Sat Mar 17 23:58:18 2018 :: Fixing exits
Sat Mar 17 23:58:18 2018 :: Initializing economy
Sat Mar 17 23:58:18 2018 :: Loading world state...
Sat Mar 17 23:58:18 2018 :: World state: loading mobs
Sat Mar 17 23:58:18 2018 :: World state: loading objs
Sat Mar 17 23:58:18 2018 :: Resetting areas
Sat Mar 17 23:58:18 2018 :: Loading buildlist
Sat Mar 17 23:58:18 2018 :: ../gods/Bob
Sat Mar 17 23:58:18 2018 :: ../gods/Darren
Sat Mar 17 23:58:18 2018 :: ../gods/Mitchell
Sat Mar 17 23:58:18 2018 :: ../gods/Tester
Sat Mar 17 23:58:18 2018 :: ../gods/Xander
Sat Mar 17 23:58:18 2018 :: Loading boards
Sat Mar 17 23:58:18 2018 :: ../boards/immortal.brd
Sat Mar 17 23:58:18 2018 :: ../boards/highgod.brd
Sat Mar 17 23:58:18 2018 :: Loading vault list
Sat Mar 17 23:58:18 2018 :: $
Sat Mar 17 23:58:18 2018 ::  Done vaults 
Sat Mar 17 23:58:18 2018 :: Loading clans
Sat Mar 17 23:58:18 2018 :: Loading clans...
Sat Mar 17 23:58:18 2018 :: vampire.gui
Sat Mar 17 23:58:18 2018 :: Cannot open vault - ../clans/vampire.gui.vault
Sat Mar 17 23:58:18 2018 :: druid.gui
Sat Mar 17 23:58:18 2018 :: Cannot open vault - ../clans/druid.gui.vault
Sat Mar 17 23:58:18 2018 :: warrior.gui
Sat Mar 17 23:58:18 2018 :: Cannot open vault - ../clans/warrior.gui.vault
Sat Mar 17 23:58:18 2018 :: augurer.gui
Sat Mar 17 23:58:18 2018 :: Cannot open vault - ../clans/augurer.gui.vault
Sat Mar 17 23:58:18 2018 :: thief.gui
Sat Mar 17 23:58:18 2018 :: Cannot open vault - ../clans/thief.gui.vault
Sat Mar 17 23:58:18 2018 :: cleric.gui
Sat Mar 17 23:58:18 2018 :: Cannot open vault - ../clans/cleric.gui.vault
Sat Mar 17 23:58:18 2018 :: mage.gui
Sat Mar 17 23:58:18 2018 :: Cannot open vault - ../clans/mage.gui.vault
Sat Mar 17 23:58:18 2018 :: ranger.gui
Sat Mar 17 23:58:18 2018 :: Cannot open vault - ../clans/ranger.gui.vault
Sat Mar 17 23:58:18 2018 :: $
Sat Mar 17 23:58:18 2018 ::  Done clans 
Sat Mar 17 23:58:18 2018 :: Loading councils
Sat Mar 17 23:58:18 2018 :: Loading councils...
Sat Mar 17 23:58:18 2018 :: $
Sat Mar 17 23:58:18 2018 ::  Done councils 
Sat Mar 17 23:58:18 2018 :: Loading deities
Sat Mar 17 23:58:18 2018 :: Loading deities...
Sat Mar 17 23:58:18 2018 :: $
Sat Mar 17 23:58:18 2018 ::  Done deities 
Sat Mar 17 23:58:18 2018 :: Loading watches
Sat Mar 17 23:58:18 2018 :: Loading bans
Sat Mar 17 23:58:18 2018 :: Done.
Sat Mar 17 23:58:18 2018 :: Loading reserved names
Sat Mar 17 23:58:18 2018 :: Loading corpses
Sat Mar 17 23:58:18 2018 :: Loading Immortal Hosts
Sat Mar 17 23:58:18 2018 :: Done.
Sat Mar 17 23:58:18 2018 :: Loading Projects
Sat Mar 17 23:58:18 2018 :: Loading Morphs
Sat Mar 17 23:58:18 2018 :: Done.
Sat Mar 17 23:58:18 2018 :: Loading Housing System, Home Accessories Data, and Home Auctioning System
Sat Mar 17 23:58:18 2018 :: Loading login messages
Sat Mar 17 23:58:18 2018 :: Initializing socket
Sat Mar 17 23:58:18 2018 :: IMC: Loading IMC2 command table...
Sat Mar 17 23:58:18 2018 :: IMC: Loading IMC2 network data...
Sat Mar 17 23:58:18 2018 :: IMC: Loading IMC2 help file...
Sat Mar 17 23:58:18 2018 :: IMC: Loading IMC2 color table...
Sat Mar 17 23:58:18 2018 :: IMC: Loading IMC2 who template...
Sat Mar 17 23:58:18 2018 :: IMC: imcfread_word: EOF encountered on read.
Sat Mar 17 23:58:18 2018 :: IMC: IMC2 network data loaded. Autoconnect not set. IMC2 will need to be connected manually.
Sat Mar 17 23:58:18 2018 :: (Name Not Set) ready on port 4000.
Sat Mar 17 23:58:18 2018 :: Initiating hotboot recovery.
Sat Mar 17 23:58:18 2018 :: Loading player data for: Xander (11K)
Sat Mar 17 23:58:18 2018 :: [*****] BUG: fread_char: no match: Att
Sat Mar 17 23:58:18 2018 :: [*****] FILE: ../player/x/Xander LINE: 21
Sat Mar 17 23:58:18 2018 :: Hotboot recovery complete.
Sun Mar 18 02:00:12 2018 :: Closing link to Xander. (INRoom 10347)
Sun Mar 18 02:05:57 2018 :: Preloading player data for: Xander (11K)
Sun Mar 18 02:06:03 2018 :: Xander (104.129.28.66) reconnected.
Sun Mar 18 02:06:12 2018 :: Log Xander: force naga k n
Sun Mar 18 02:06:19 2018 :: Log Xander: switch naga
Sun Mar 18 02:06:25 2018 :: Log naga cage (Xander): return
Sun Mar 18 02:14:15 2018 :: Log Xander: hotboot
Sun Mar 18 02:14:15 2018 :: Hotboot initiated by Xander.
Sun Mar 18 02:14:15 2018 :: Preserving world state....
Sun Mar 18 02:14:17 2018 :: Saving player files and connection states....
Sun Mar 18 02:14:17 2018 :: Executing hotboot....
Sun Mar 18 02:14:17 2018 :: Booting Database
 0 0 0 0 0 0 0 0 0 0 0 0 0 0 0 0 0 0 0 0 0 0 0 0 0 0 0 0 0 0 0 0
Sun Mar 18 02:14:17 2018 :: [*****] BOOT: ---------------------[ Boot Log ]--------------------
Sun Mar 18 02:14:17 2018 :: Initializing libdl support...
Sun Mar 18 02:14:17 2018 :: Loading commands...
Sun Mar 18 02:14:17 2018 :: [*****] BUG: Error locating do_makewizlist in symbol table. No such process
Sun Mar 18 02:14:17 2018 :: [*****] BUG: fread_command: Function do_makewizlist not found for makewizlist
Sun Mar 18 02:14:17 2018 :: [*****] BUG: Error locating do_soulfeed in symbol table. No such process
Sun Mar 18 02:14:17 2018 :: [*****] BUG: fread_command: Function do_soulfeed not found for soulfeed
Sun Mar 18 02:14:17 2018 :: Loading spec_funs...
Sun Mar 18 02:14:17 2018 :: Loading sysdata configuration...
Sun Mar 18 02:14:17 2018 :: Loading socials
Sun Mar 18 02:14:17 2018 :: Loading skill table
Sun Mar 18 02:14:17 2018 :: Sorting skill table...
Sun Mar 18 02:14:17 2018 :: Creating skill table sorted by type...
Sun Mar 18 02:14:17 2018 :: Remapping slots to sns
Sun Mar 18 02:14:17 2018 :: Loading classes
Sun Mar 18 02:14:17 2018 :: Loading races
Sun Mar 18 02:14:17 2018 :: Loading news data
Sun Mar 18 02:14:17 2018 :: Loading liquids
Sun Mar 18 02:14:17 2018 :: Loading mixtures
Sun Mar 18 02:14:17 2018 :: Loading herb table
Sun Mar 18 02:14:17 2018 :: Loading tongues
Sun Mar 18 02:14:17 2018 :: Loading MSSP Data...
Sun Mar 18 02:14:17 2018 :: Initializing random number generator
Sun Mar 18 02:14:17 2018 :: Setting time and weather.
Sun Mar 18 02:14:17 2018 :: Loading holiday chart...
Sun Mar 18 02:14:17 2018 :: Loading DNS cache...
Sun Mar 18 02:14:17 2018 :: Assigning gsn's
Sun Mar 18 02:14:17 2018 :: Reading in area files...
(help.are)
limbo.are     : Rooms:     2 - 99    Objs:     2 - 99    Mobs:     1 - 99
newacad.are   : Rooms: 10300 - 10499 Objs: 10300 - 10499 Mobs: 10300 - 10499
newgate.are   : Rooms:   100 - 199   Objs:   100 - 199   Mobs:   100 - 199
newdark.are   : Rooms: 21000 - 21499 Objs: 21000 - 21435 Mobs: 21000 - 21499
gods.are      : Rooms:  1200 - 1201  Objs:  1200 - 1200  Mobs:  1200 - 1200
plains.are    : Rooms:   300 - 345   Objs:   300 - 313   Mobs:   300 - 350
haon.are      : Rooms:  6000 - 6156  Objs:  6000 - 6155  Mobs:  6000 - 6117
midennir.are  : Rooms:  3500 - 3590  Objs:  3500 - 3550  Mobs:  3500 - 3550
sewer.are     : Rooms:  7001 - 7445  Objs:  7190 - 7310  Mobs:  7000 - 7206
redferne.are  : Rooms:  7900 - 7918  Objs:  7909 - 7911  Mobs:  7900 - 7900
grove.are     : Rooms:  8901 - 8999  Objs:  8900 - 8919  Mobs:  8900 - 8911
dwarven.are   : Rooms:  6500 - 6554  Objs:  6502 - 6519  Mobs:  6500 - 6517
daycare.are   : Rooms:  6601 - 6651  Objs:  6600 - 6647  Mobs:  6600 - 6610
grave.are     : Rooms:  3600 - 3651  Objs:  3600 - 3613  Mobs:  3600 - 3605
chapel.are    : Rooms:  3405 - 3475  Objs:  3400 - 3430  Mobs:  3400 - 3416
astral.are    : Rooms:   800 - 899   Objs:   800 - 899   Mobs:   800 - 899
Build.are     : Rooms:  9500 - 9589  Objs:     0 - 0     Mobs:     0 - 0
Sun Mar 18 02:14:18 2018 :: [*****] BUG: fread_fuss_object: no match: d
Sun Mar 18 02:14:18 2018 :: [*****] FILE: pixie.are LINE: 209
Sun Mar 18 02:14:18 2018 :: [*****] BUG: fread_fuss_object: no match: d
Sun Mar 18 02:14:18 2018 :: [*****] FILE: pixie.are LINE: 210
Sun Mar 18 02:14:18 2018 :: [*****] BUG: fread_fuss_object: no match: d
Sun Mar 18 02:14:18 2018 :: [*****] FILE: pixie.are LINE: 211
Sun Mar 18 02:14:18 2018 :: [*****] BUG: fread_fuss_object: no match: d
Sun Mar 18 02:14:18 2018 :: [*****] FILE: pixie.are LINE: 232
Sun Mar 18 02:14:18 2018 :: [*****] BUG: fread_fuss_object: no match: d
Sun Mar 18 02:14:18 2018 :: [*****] FILE: pixie.are LINE: 233
Sun Mar 18 02:14:18 2018 :: [*****] BUG: fread_fuss_object: no match: d
Sun Mar 18 02:14:18 2018 :: [*****] FILE: pixie.are LINE: 246
Sun Mar 18 02:14:18 2018 :: [*****] BUG: fread_fuss_object: no match: d
Sun Mar 18 02:14:18 2018 :: [*****] FILE: pixie.are LINE: 267
pixie.are     : Rooms:  2070 - 2099  Objs:  2070 - 2077  Mobs:  2070 - 2073
export.are    : Rooms:  9810 - 9899  Objs:  9810 - 9899  Mobs:  9800 - 9899
srefuge.are   : Rooms:  1500 - 1599  Objs:  1500 - 1599  Mobs:  1500 - 1599
manor.are     : Rooms:  2400 - 2499  Objs:  2400 - 2499  Mobs:  2405 - 2484
unholy.are    : Rooms:  2101 - 2172  Objs:  2101 - 2150  Mobs:  2101 - 2120
gallery.are   : Rooms: 24800 - 24899 Objs: 24800 - 24899 Mobs: 24800 - 24899
housing.are   : Rooms: 50000 - 54999 Objs: 50000 - 54999 Mobs: 50000 - 54999
Sun Mar 18 02:14:18 2018 :: Fixing exits
Sun Mar 18 02:14:18 2018 :: Initializing economy
Sun Mar 18 02:14:18 2018 :: Loading world state...
Sun Mar 18 02:14:18 2018 :: World state: loading mobs
Sun Mar 18 02:14:18 2018 :: World state: loading objs
Sun Mar 18 02:14:18 2018 :: Resetting areas
Sun Mar 18 02:14:18 2018 :: Loading buildlist
Sun Mar 18 02:14:18 2018 :: ../gods/Bob
Sun Mar 18 02:14:18 2018 :: ../gods/Darren
Sun Mar 18 02:14:18 2018 :: ../gods/Mitchell
Sun Mar 18 02:14:18 2018 :: ../gods/Tester
Sun Mar 18 02:14:18 2018 :: ../gods/Xander
Sun Mar 18 02:14:18 2018 :: Loading boards
Sun Mar 18 02:14:18 2018 :: ../boards/immortal.brd
Sun Mar 18 02:14:18 2018 :: ../boards/highgod.brd
Sun Mar 18 02:14:18 2018 :: Loading vault list
Sun Mar 18 02:14:18 2018 :: $
Sun Mar 18 02:14:18 2018 ::  Done vaults 
Sun Mar 18 02:14:18 2018 :: Loading clans
Sun Mar 18 02:14:18 2018 :: Loading clans...
Sun Mar 18 02:14:18 2018 :: vampire.gui
Sun Mar 18 02:14:18 2018 :: Cannot open vault - ../clans/vampire.gui.vault
Sun Mar 18 02:14:18 2018 :: druid.gui
Sun Mar 18 02:14:18 2018 :: Cannot open vault - ../clans/druid.gui.vault
Sun Mar 18 02:14:18 2018 :: warrior.gui
Sun Mar 18 02:14:18 2018 :: Cannot open vault - ../clans/warrior.gui.vault
Sun Mar 18 02:14:18 2018 :: augurer.gui
Sun Mar 18 02:14:18 2018 :: Cannot open vault - ../clans/augurer.gui.vault
Sun Mar 18 02:14:18 2018 :: thief.gui
Sun Mar 18 02:14:18 2018 :: Cannot open vault - ../clans/thief.gui.vault
Sun Mar 18 02:14:18 2018 :: cleric.gui
Sun Mar 18 02:14:18 2018 :: Cannot open vault - ../clans/cleric.gui.vault
Sun Mar 18 02:14:18 2018 :: mage.gui
Sun Mar 18 02:14:18 2018 :: Cannot open vault - ../clans/mage.gui.vault
Sun Mar 18 02:14:18 2018 :: ranger.gui
Sun Mar 18 02:14:18 2018 :: Cannot open vault - ../clans/ranger.gui.vault
Sun Mar 18 02:14:18 2018 :: $
Sun Mar 18 02:14:18 2018 ::  Done clans 
Sun Mar 18 02:14:18 2018 :: Loading councils
Sun Mar 18 02:14:18 2018 :: Loading councils...
Sun Mar 18 02:14:18 2018 :: $
Sun Mar 18 02:14:18 2018 ::  Done councils 
Sun Mar 18 02:14:18 2018 :: Loading deities
Sun Mar 18 02:14:18 2018 :: Loading deities...
Sun Mar 18 02:14:18 2018 :: $
Sun Mar 18 02:14:18 2018 ::  Done deities 
Sun Mar 18 02:14:18 2018 :: Loading watches
Sun Mar 18 02:14:18 2018 :: Loading bans
Sun Mar 18 02:14:18 2018 :: Done.
Sun Mar 18 02:14:18 2018 :: Loading reserved names
Sun Mar 18 02:14:18 2018 :: Loading corpses
Sun Mar 18 02:14:18 2018 :: Loading Immortal Hosts
Sun Mar 18 02:14:18 2018 :: Done.
Sun Mar 18 02:14:18 2018 :: Loading Projects
Sun Mar 18 02:14:18 2018 :: Loading Morphs
Sun Mar 18 02:14:18 2018 :: Done.
Sun Mar 18 02:14:18 2018 :: Loading Housing System, Home Accessories Data, and Home Auctioning System
Sun Mar 18 02:14:18 2018 :: Loading login messages
Sun Mar 18 02:14:18 2018 :: Initializing socket
Sun Mar 18 02:14:18 2018 :: IMC: Loading IMC2 command table...
Sun Mar 18 02:14:18 2018 :: IMC: Loading IMC2 network data...
Sun Mar 18 02:14:18 2018 :: IMC: Loading IMC2 help file...
Sun Mar 18 02:14:18 2018 :: IMC: Loading IMC2 color table...
Sun Mar 18 02:14:18 2018 :: IMC: Loading IMC2 who template...
Sun Mar 18 02:14:18 2018 :: IMC: imcfread_word: EOF encountered on read.
Sun Mar 18 02:14:18 2018 :: IMC: IMC2 network data loaded. Autoconnect not set. IMC2 will need to be connected manually.
Sun Mar 18 02:14:18 2018 :: (Name Not Set) ready on port 4000.
Sun Mar 18 02:14:18 2018 :: Initiating hotboot recovery.
Sun Mar 18 02:14:18 2018 :: Loading player data for: Xander (11K)
Sun Mar 18 02:14:18 2018 :: Hotboot recovery complete.
Sun Mar 18 02:14:52 2018 :: Log Xander: mset self str 1
Sun Mar 18 02:14:57 2018 :: Log Xander: mset self str 3
Sun Mar 18 02:21:48 2018 :: Log Xander: hotboot
Sun Mar 18 02:21:48 2018 :: Hotboot initiated by Xander.
Sun Mar 18 02:21:48 2018 :: Preserving world state....
Sun Mar 18 02:21:48 2018 :: Saving player files and connection states....
Sun Mar 18 02:21:48 2018 :: Executing hotboot....
Sun Mar 18 02:21:49 2018 :: Booting Database
 0 0 0 0 0 0 0 0 0 0 0 0 0 0 0 0 0 0 0 0 0 0 0 0 0 0 0 0 0 0 0 0
Sun Mar 18 02:21:49 2018 :: [*****] BOOT: ---------------------[ Boot Log ]--------------------
Sun Mar 18 02:21:49 2018 :: Initializing libdl support...
Sun Mar 18 02:21:49 2018 :: Loading commands...
Sun Mar 18 02:21:49 2018 :: [*****] BUG: Error locating do_makewizlist in symbol table. No such process
Sun Mar 18 02:21:49 2018 :: [*****] BUG: fread_command: Function do_makewizlist not found for makewizlist
Sun Mar 18 02:21:49 2018 :: [*****] BUG: Error locating do_soulfeed in symbol table. No such process
Sun Mar 18 02:21:49 2018 :: [*****] BUG: fread_command: Function do_soulfeed not found for soulfeed
Sun Mar 18 02:21:49 2018 :: Loading spec_funs...
Sun Mar 18 02:21:49 2018 :: Loading sysdata configuration...
Sun Mar 18 02:21:49 2018 :: Loading socials
Sun Mar 18 02:21:49 2018 :: Loading skill table
Sun Mar 18 02:21:49 2018 :: Sorting skill table...
Sun Mar 18 02:21:49 2018 :: Creating skill table sorted by type...
Sun Mar 18 02:21:49 2018 :: Remapping slots to sns
Sun Mar 18 02:21:49 2018 :: Loading classes
Sun Mar 18 02:21:49 2018 :: Loading races
Sun Mar 18 02:21:49 2018 :: Loading news data
Sun Mar 18 02:21:49 2018 :: Loading liquids
Sun Mar 18 02:21:49 2018 :: Loading mixtures
Sun Mar 18 02:21:49 2018 :: Loading herb table
Sun Mar 18 02:21:49 2018 :: Loading tongues
Sun Mar 18 02:21:49 2018 :: Loading MSSP Data...
Sun Mar 18 02:21:49 2018 :: Initializing random number generator
Sun Mar 18 02:21:49 2018 :: Setting time and weather.
Sun Mar 18 02:21:49 2018 :: Loading holiday chart...
Sun Mar 18 02:21:49 2018 :: Loading DNS cache...
Sun Mar 18 02:21:49 2018 :: Assigning gsn's
Sun Mar 18 02:21:49 2018 :: Reading in area files...
(help.are)
limbo.are     : Rooms:     2 - 99    Objs:     2 - 99    Mobs:     1 - 99
newacad.are   : Rooms: 10300 - 10499 Objs: 10300 - 10499 Mobs: 10300 - 10499
newgate.are   : Rooms:   100 - 199   Objs:   100 - 199   Mobs:   100 - 199
newdark.are   : Rooms: 21000 - 21499 Objs: 21000 - 21435 Mobs: 21000 - 21499
gods.are      : Rooms:  1200 - 1201  Objs:  1200 - 1200  Mobs:  1200 - 1200
plains.are    : Rooms:   300 - 345   Objs:   300 - 313   Mobs:   300 - 350
haon.are      : Rooms:  6000 - 6156  Objs:  6000 - 6155  Mobs:  6000 - 6117
midennir.are  : Rooms:  3500 - 3590  Objs:  3500 - 3550  Mobs:  3500 - 3550
sewer.are     : Rooms:  7001 - 7445  Objs:  7190 - 7310  Mobs:  7000 - 7206
redferne.are  : Rooms:  7900 - 7918  Objs:  7909 - 7911  Mobs:  7900 - 7900
grove.are     : Rooms:  8901 - 8999  Objs:  8900 - 8919  Mobs:  8900 - 8911
dwarven.are   : Rooms:  6500 - 6554  Objs:  6502 - 6519  Mobs:  6500 - 6517
daycare.are   : Rooms:  6601 - 6651  Objs:  6600 - 6647  Mobs:  6600 - 6610
grave.are     : Rooms:  3600 - 3651  Objs:  3600 - 3613  Mobs:  3600 - 3605
chapel.are    : Rooms:  3405 - 3475  Objs:  3400 - 3430  Mobs:  3400 - 3416
astral.are    : Rooms:   800 - 899   Objs:   800 - 899   Mobs:   800 - 899
Build.are     : Rooms:  9500 - 9589  Objs:     0 - 0     Mobs:     0 - 0
Sun Mar 18 02:21:49 2018 :: [*****] BUG: fread_fuss_object: no match: d
Sun Mar 18 02:21:49 2018 :: [*****] FILE: pixie.are LINE: 209
Sun Mar 18 02:21:49 2018 :: [*****] BUG: fread_fuss_object: no match: d
Sun Mar 18 02:21:49 2018 :: [*****] FILE: pixie.are LINE: 210
Sun Mar 18 02:21:49 2018 :: [*****] BUG: fread_fuss_object: no match: d
Sun Mar 18 02:21:49 2018 :: [*****] FILE: pixie.are LINE: 211
Sun Mar 18 02:21:49 2018 :: [*****] BUG: fread_fuss_object: no match: d
Sun Mar 18 02:21:49 2018 :: [*****] FILE: pixie.are LINE: 232
Sun Mar 18 02:21:49 2018 :: [*****] BUG: fread_fuss_object: no match: d
Sun Mar 18 02:21:49 2018 :: [*****] FILE: pixie.are LINE: 233
Sun Mar 18 02:21:49 2018 :: [*****] BUG: fread_fuss_object: no match: d
Sun Mar 18 02:21:49 2018 :: [*****] FILE: pixie.are LINE: 246
Sun Mar 18 02:21:49 2018 :: [*****] BUG: fread_fuss_object: no match: d
Sun Mar 18 02:21:49 2018 :: [*****] FILE: pixie.are LINE: 267
pixie.are     : Rooms:  2070 - 2099  Objs:  2070 - 2077  Mobs:  2070 - 2073
export.are    : Rooms:  9810 - 9899  Objs:  9810 - 9899  Mobs:  9800 - 9899
srefuge.are   : Rooms:  1500 - 1599  Objs:  1500 - 1599  Mobs:  1500 - 1599
manor.are     : Rooms:  2400 - 2499  Objs:  2400 - 2499  Mobs:  2405 - 2484
unholy.are    : Rooms:  2101 - 2172  Objs:  2101 - 2150  Mobs:  2101 - 2120
gallery.are   : Rooms: 24800 - 24899 Objs: 24800 - 24899 Mobs: 24800 - 24899
housing.are   : Rooms: 50000 - 54999 Objs: 50000 - 54999 Mobs: 50000 - 54999
Sun Mar 18 02:21:49 2018 :: Fixing exits
Sun Mar 18 02:21:49 2018 :: Initializing economy
Sun Mar 18 02:21:49 2018 :: Loading world state...
Sun Mar 18 02:21:49 2018 :: World state: loading mobs
Sun Mar 18 02:21:49 2018 :: World state: loading objs
Sun Mar 18 02:21:49 2018 :: Resetting areas
Sun Mar 18 02:21:49 2018 :: Loading buildlist
Sun Mar 18 02:21:49 2018 :: ../gods/Bob
Sun Mar 18 02:21:49 2018 :: ../gods/Darren
Sun Mar 18 02:21:49 2018 :: ../gods/Mitchell
Sun Mar 18 02:21:49 2018 :: ../gods/Tester
Sun Mar 18 02:21:49 2018 :: ../gods/Xander
Sun Mar 18 02:21:49 2018 :: Loading boards
Sun Mar 18 02:21:49 2018 :: ../boards/immortal.brd
Sun Mar 18 02:21:49 2018 :: ../boards/highgod.brd
Sun Mar 18 02:21:49 2018 :: Loading vault list
Sun Mar 18 02:21:49 2018 :: $
Sun Mar 18 02:21:49 2018 ::  Done vaults 
Sun Mar 18 02:21:49 2018 :: Loading clans
Sun Mar 18 02:21:49 2018 :: Loading clans...
Sun Mar 18 02:21:49 2018 :: vampire.gui
Sun Mar 18 02:21:49 2018 :: Cannot open vault - ../clans/vampire.gui.vault
Sun Mar 18 02:21:49 2018 :: druid.gui
Sun Mar 18 02:21:49 2018 :: Cannot open vault - ../clans/druid.gui.vault
Sun Mar 18 02:21:49 2018 :: warrior.gui
Sun Mar 18 02:21:49 2018 :: Cannot open vault - ../clans/warrior.gui.vault
Sun Mar 18 02:21:49 2018 :: augurer.gui
Sun Mar 18 02:21:49 2018 :: Cannot open vault - ../clans/augurer.gui.vault
Sun Mar 18 02:21:49 2018 :: thief.gui
Sun Mar 18 02:21:49 2018 :: Cannot open vault - ../clans/thief.gui.vault
Sun Mar 18 02:21:49 2018 :: cleric.gui
Sun Mar 18 02:21:49 2018 :: Cannot open vault - ../clans/cleric.gui.vault
Sun Mar 18 02:21:49 2018 :: mage.gui
Sun Mar 18 02:21:49 2018 :: Cannot open vault - ../clans/mage.gui.vault
Sun Mar 18 02:21:49 2018 :: ranger.gui
Sun Mar 18 02:21:49 2018 :: Cannot open vault - ../clans/ranger.gui.vault
Sun Mar 18 02:21:49 2018 :: $
Sun Mar 18 02:21:49 2018 ::  Done clans 
Sun Mar 18 02:21:49 2018 :: Loading councils
Sun Mar 18 02:21:49 2018 :: Loading councils...
Sun Mar 18 02:21:49 2018 :: $
Sun Mar 18 02:21:49 2018 ::  Done councils 
Sun Mar 18 02:21:49 2018 :: Loading deities
Sun Mar 18 02:21:49 2018 :: Loading deities...
Sun Mar 18 02:21:49 2018 :: $
Sun Mar 18 02:21:49 2018 ::  Done deities 
Sun Mar 18 02:21:49 2018 :: Loading watches
Sun Mar 18 02:21:49 2018 :: Loading bans
Sun Mar 18 02:21:49 2018 :: Done.
Sun Mar 18 02:21:49 2018 :: Loading reserved names
Sun Mar 18 02:21:49 2018 :: Loading corpses
Sun Mar 18 02:21:49 2018 :: Loading Immortal Hosts
Sun Mar 18 02:21:49 2018 :: Done.
Sun Mar 18 02:21:49 2018 :: Loading Projects
Sun Mar 18 02:21:49 2018 :: Loading Morphs
Sun Mar 18 02:21:49 2018 :: Done.
Sun Mar 18 02:21:49 2018 :: Loading Housing System, Home Accessories Data, and Home Auctioning System
Sun Mar 18 02:21:49 2018 :: Loading login messages
Sun Mar 18 02:21:49 2018 :: Initializing socket
Sun Mar 18 02:21:49 2018 :: IMC: Loading IMC2 command table...
Sun Mar 18 02:21:49 2018 :: IMC: Loading IMC2 network data...
Sun Mar 18 02:21:49 2018 :: IMC: Loading IMC2 help file...
Sun Mar 18 02:21:49 2018 :: IMC: Loading IMC2 color table...
Sun Mar 18 02:21:49 2018 :: IMC: Loading IMC2 who template...
Sun Mar 18 02:21:49 2018 :: IMC: imcfread_word: EOF encountered on read.
Sun Mar 18 02:21:49 2018 :: IMC: IMC2 network data loaded. Autoconnect not set. IMC2 will need to be connected manually.
Sun Mar 18 02:21:49 2018 :: (Name Not Set) ready on port 4000.
Sun Mar 18 02:21:49 2018 :: Initiating hotboot recovery.
Sun Mar 18 02:21:49 2018 :: Loading player data for: Xander (11K)
Sun Mar 18 02:21:49 2018 :: Hotboot recovery complete.
Sun Mar 18 02:22:19 2018 :: Xander scrapped The Adventurer's Guide (vnum: 10333)
