Sun Mar 25 22:39:28 2018 :: Booting Database
 0 0 0 0 0 0 0 0 0 0 0 0 0 0 0 0 0 0 0 0 0 0 0 0 0 0 0 0 0 0 0 0
Sun Mar 25 22:39:28 2018 :: [*****] BOOT: ---------------------[ Boot Log ]--------------------
Sun Mar 25 22:39:28 2018 :: Initializing libdl support...
Sun Mar 25 22:39:28 2018 :: Loading commands...
Sun Mar 25 22:39:28 2018 :: Loading spec_funs...
Sun Mar 25 22:39:28 2018 :: Loading sysdata configuration...
Sun Mar 25 22:39:28 2018 :: Loading socials
Sun Mar 25 22:39:28 2018 :: Loading skill table
Sun Mar 25 22:39:28 2018 :: Sorting skill table...
Sun Mar 25 22:39:28 2018 :: Creating skill table sorted by type...
Sun Mar 25 22:39:28 2018 :: Remapping slots to sns
Sun Mar 25 22:39:28 2018 :: Loading classes
Sun Mar 25 22:39:28 2018 :: Loading races
Sun Mar 25 22:39:28 2018 :: Loading news data
Sun Mar 25 22:39:28 2018 :: Loading liquids
Sun Mar 25 22:39:28 2018 :: Loading mixtures
Sun Mar 25 22:39:28 2018 :: Loading herb table
Sun Mar 25 22:39:28 2018 :: Loading tongues
Sun Mar 25 22:39:28 2018 :: Loading MSSP Data...
Sun Mar 25 22:39:28 2018 :: Initializing random number generator
Sun Mar 25 22:39:28 2018 :: Setting time and weather.
Sun Mar 25 22:39:28 2018 :: Loading holiday chart...
Sun Mar 25 22:39:28 2018 :: Loading DNS cache...
Sun Mar 25 22:39:28 2018 :: Assigning gsn's
Sun Mar 25 22:39:28 2018 :: Reading in area files...
(help.are)
limbo.are     : Rooms:     2 - 99    Objs:     2 - 99    Mobs:     1 - 99
newacad.are   : Rooms: 10300 - 10499 Objs: 10300 - 10499 Mobs: 10300 - 10499
newgate.are   : Rooms:   100 - 199   Objs:   100 - 199   Mobs:   100 - 199
newdark.are   : Rooms: 21000 - 21499 Objs: 21000 - 21435 Mobs: 21000 - 21499
gods.are      : Rooms:  1200 - 1201  Objs:  1200 - 1200  Mobs:  1200 - 1200
plains.are    : Rooms:   300 - 345   Objs:   300 - 313   Mobs:   300 - 350
haon.are      : Rooms:  6000 - 6156  Objs:  6000 - 6155  Mobs:  6000 - 6117
midennir.are  : Rooms:  3500 - 3590  Objs:  3500 - 3550  Mobs:  3500 - 3550
sewer.are     : Rooms:  7001 - 7445  Objs:  7190 - 7310  Mobs:  7000 - 7206
redferne.are  : Rooms:  7900 - 7918  Objs:  7909 - 7911  Mobs:  7900 - 7900
grove.are     : Rooms:  8901 - 8999  Objs:  8900 - 8919  Mobs:  8900 - 8911
dwarven.are   : Rooms:  6500 - 6554  Objs:  6502 - 6519  Mobs:  6500 - 6517
daycare.are   : Rooms:  6601 - 6651  Objs:  6600 - 6647  Mobs:  6600 - 6610
grave.are     : Rooms:  3600 - 3651  Objs:  3600 - 3613  Mobs:  3600 - 3605
chapel.are    : Rooms:  3405 - 3475  Objs:  3400 - 3430  Mobs:  3400 - 3416
astral.are    : Rooms:   800 - 899   Objs:   800 - 899   Mobs:   800 - 899
Build.are     : Rooms:  9500 - 9589  Objs:     0 - 0     Mobs:     0 - 0
Sun Mar 25 22:39:28 2018 :: [*****] BUG: fread_fuss_object: no match: d
Sun Mar 25 22:39:28 2018 :: [*****] FILE: pixie.are LINE: 209
Sun Mar 25 22:39:28 2018 :: [*****] BUG: fread_fuss_object: no match: d
Sun Mar 25 22:39:28 2018 :: [*****] FILE: pixie.are LINE: 210
Sun Mar 25 22:39:28 2018 :: [*****] BUG: fread_fuss_object: no match: d
Sun Mar 25 22:39:28 2018 :: [*****] FILE: pixie.are LINE: 211
Sun Mar 25 22:39:28 2018 :: [*****] BUG: fread_fuss_object: no match: d
Sun Mar 25 22:39:28 2018 :: [*****] FILE: pixie.are LINE: 232
Sun Mar 25 22:39:28 2018 :: [*****] BUG: fread_fuss_object: no match: d
Sun Mar 25 22:39:28 2018 :: [*****] FILE: pixie.are LINE: 233
Sun Mar 25 22:39:28 2018 :: [*****] BUG: fread_fuss_object: no match: d
Sun Mar 25 22:39:28 2018 :: [*****] FILE: pixie.are LINE: 246
Sun Mar 25 22:39:28 2018 :: [*****] BUG: fread_fuss_object: no match: d
Sun Mar 25 22:39:28 2018 :: [*****] FILE: pixie.are LINE: 267
pixie.are     : Rooms:  2070 - 2099  Objs:  2070 - 2077  Mobs:  2070 - 2073
export.are    : Rooms:  9810 - 9899  Objs:  9810 - 9899  Mobs:  9800 - 9899
srefuge.are   : Rooms:  1500 - 1599  Objs:  1500 - 1599  Mobs:  1500 - 1599
manor.are     : Rooms:  2400 - 2499  Objs:  2400 - 2499  Mobs:  2405 - 2484
unholy.are    : Rooms:  2101 - 2172  Objs:  2101 - 2150  Mobs:  2101 - 2120
gallery.are   : Rooms: 24800 - 24899 Objs: 24800 - 24899 Mobs: 24800 - 24899
housing.are   : Rooms: 50000 - 54999 Objs: 50000 - 54999 Mobs: 50000 - 54999
Sun Mar 25 22:39:29 2018 :: Fixing exits
Sun Mar 25 22:39:29 2018 :: Initializing economy
Sun Mar 25 22:39:29 2018 :: Resetting areas
Sun Mar 25 22:39:29 2018 :: Loading buildlist
Sun Mar 25 22:39:29 2018 :: ../gods/Morain
Sun Mar 25 22:39:29 2018 :: ../gods/Xander
Sun Mar 25 22:39:29 2018 :: ../gods/Bob
Sun Mar 25 22:39:29 2018 :: ../gods/Ilnwnll
Sun Mar 25 22:39:29 2018 :: ../gods/Darren
Sun Mar 25 22:39:29 2018 :: ../gods/Ubraxis
Sun Mar 25 22:39:29 2018 :: ../gods/Mitchell
Sun Mar 25 22:39:29 2018 :: Loading boards
Sun Mar 25 22:39:29 2018 :: ../boards/immortal.brd
Sun Mar 25 22:39:29 2018 :: ../boards/highgod.brd
Sun Mar 25 22:39:29 2018 :: Loading vault list
Sun Mar 25 22:39:29 2018 :: $
Sun Mar 25 22:39:29 2018 ::  Done vaults 
Sun Mar 25 22:39:29 2018 :: Loading clans
Sun Mar 25 22:39:29 2018 :: Loading clans...
Sun Mar 25 22:39:29 2018 :: vampire.gui
Sun Mar 25 22:39:29 2018 :: Cannot open vault - ../clans/vampire.gui.vault
Sun Mar 25 22:39:29 2018 :: druid.gui
Sun Mar 25 22:39:29 2018 :: Cannot open vault - ../clans/druid.gui.vault
Sun Mar 25 22:39:29 2018 :: warrior.gui
Sun Mar 25 22:39:29 2018 :: Cannot open vault - ../clans/warrior.gui.vault
Sun Mar 25 22:39:29 2018 :: augurer.gui
Sun Mar 25 22:39:29 2018 :: Cannot open vault - ../clans/augurer.gui.vault
Sun Mar 25 22:39:29 2018 :: thief.gui
Sun Mar 25 22:39:29 2018 :: Cannot open vault - ../clans/thief.gui.vault
Sun Mar 25 22:39:29 2018 :: cleric.gui
Sun Mar 25 22:39:29 2018 :: Cannot open vault - ../clans/cleric.gui.vault
Sun Mar 25 22:39:29 2018 :: mage.gui
Sun Mar 25 22:39:29 2018 :: Cannot open vault - ../clans/mage.gui.vault
Sun Mar 25 22:39:29 2018 :: ranger.gui
Sun Mar 25 22:39:29 2018 :: Cannot open vault - ../clans/ranger.gui.vault
Sun Mar 25 22:39:29 2018 :: $
Sun Mar 25 22:39:29 2018 ::  Done clans 
Sun Mar 25 22:39:29 2018 :: Loading councils
Sun Mar 25 22:39:29 2018 :: Loading councils...
Sun Mar 25 22:39:29 2018 :: $
Sun Mar 25 22:39:29 2018 ::  Done councils 
Sun Mar 25 22:39:29 2018 :: Loading deities
Sun Mar 25 22:39:29 2018 :: Loading deities...
Sun Mar 25 22:39:29 2018 :: $
Sun Mar 25 22:39:29 2018 ::  Done deities 
Sun Mar 25 22:39:29 2018 :: Loading watches
Sun Mar 25 22:39:29 2018 :: Loading bans
Sun Mar 25 22:39:29 2018 :: Done.
Sun Mar 25 22:39:29 2018 :: Loading reserved names
Sun Mar 25 22:39:29 2018 :: Loading corpses
Sun Mar 25 22:39:29 2018 :: Loading Immortal Hosts
Sun Mar 25 22:39:29 2018 :: Done.
Sun Mar 25 22:39:29 2018 :: Loading Projects
Sun Mar 25 22:39:29 2018 :: Loading Morphs
Sun Mar 25 22:39:29 2018 :: Done.
Sun Mar 25 22:39:29 2018 :: Loading Housing System, Home Accessories Data, and Home Auctioning System
Sun Mar 25 22:39:29 2018 :: Loading login messages
Sun Mar 25 22:39:29 2018 :: Initializing socket
Sun Mar 25 22:39:29 2018 :: IMC: Loading IMC2 command table...
Sun Mar 25 22:39:29 2018 :: IMC: Loading IMC2 network data...
Sun Mar 25 22:39:29 2018 :: IMC: Loading IMC2 help file...
Sun Mar 25 22:39:29 2018 :: IMC: Loading IMC2 color table...
Sun Mar 25 22:39:29 2018 :: IMC: Loading IMC2 who template...
Sun Mar 25 22:39:29 2018 :: IMC: imcfread_word: EOF encountered on read.
Sun Mar 25 22:39:29 2018 :: IMC: IMC2 network data loaded. Autoconnect not set. IMC2 will need to be connected manually.
Sun Mar 25 22:39:29 2018 :: (Name Not Set) ready on port 6001.
Sun Mar 25 22:40:31 2018 :: Preloading player data for: Xander (11K)
Sun Mar 25 22:40:33 2018 :: Loading player data for: Xander (11K)
Sun Mar 25 22:40:33 2018 :: Xander (50.25.176.132) has connected.
Sun Mar 25 23:31:33 2018 :: Log Xander: cedit rdig create
Read_from_descriptor: Connection reset by peer
Sun Mar 25 23:31:36 2018 :: Closing link to Xander. (INRoom 1200)
Sun Mar 25 23:31:41 2018 :: Preloading player data for: Xander (11K)
Sun Mar 25 23:31:42 2018 :: Xander (50.25.176.132) reconnected.
Sun Mar 25 23:31:48 2018 :: Log Xander: cedit rdig create
Sun Mar 25 23:39:39 2018 :: Xander has quit (Room 1200).
Mon Mar 26 01:02:26 2018 :: Preloading player data for: Xander (11K)
Mon Mar 26 01:02:28 2018 :: Loading player data for: Xander (11K)
Mon Mar 26 01:02:28 2018 :: Xander (50.25.176.132) has connected.
Mon Mar 26 01:02:35 2018 :: Log Xander: hotboot
Mon Mar 26 01:02:35 2018 :: Hotboot initiated by Xander.
Mon Mar 26 01:02:35 2018 :: Preserving world state....
Mon Mar 26 01:02:35 2018 :: Saving player files and connection states....
Mon Mar 26 01:02:35 2018 :: Executing hotboot....
Mon Mar 26 01:02:35 2018 :: Booting Database
 0 0 0 0 0 0 0 0 0 0 0 0 0 0 0 0 0 0 0 0 0 0 0 0 0 0 0 0 0 0 0 0
Mon Mar 26 01:02:35 2018 :: [*****] BOOT: ---------------------[ Boot Log ]--------------------
Mon Mar 26 01:02:35 2018 :: Initializing libdl support...
Mon Mar 26 01:02:35 2018 :: Loading commands...
Mon Mar 26 01:02:35 2018 :: Loading spec_funs...
Mon Mar 26 01:02:35 2018 :: Loading sysdata configuration...
Mon Mar 26 01:02:35 2018 :: Loading socials
Mon Mar 26 01:02:35 2018 :: Loading skill table
Mon Mar 26 01:02:35 2018 :: Sorting skill table...
Mon Mar 26 01:02:35 2018 :: Creating skill table sorted by type...
Mon Mar 26 01:02:35 2018 :: Remapping slots to sns
Mon Mar 26 01:02:35 2018 :: Loading classes
Mon Mar 26 01:02:35 2018 :: Loading races
Mon Mar 26 01:02:35 2018 :: Loading news data
Mon Mar 26 01:02:35 2018 :: Loading liquids
Mon Mar 26 01:02:35 2018 :: Loading mixtures
Mon Mar 26 01:02:35 2018 :: Loading herb table
Mon Mar 26 01:02:35 2018 :: Loading tongues
Mon Mar 26 01:02:35 2018 :: Loading MSSP Data...
Mon Mar 26 01:02:35 2018 :: Initializing random number generator
Mon Mar 26 01:02:35 2018 :: Setting time and weather.
Mon Mar 26 01:02:35 2018 :: Loading holiday chart...
Mon Mar 26 01:02:35 2018 :: Loading DNS cache...
Mon Mar 26 01:02:35 2018 :: Assigning gsn's
Mon Mar 26 01:02:35 2018 :: Reading in area files...
(help.are)
limbo.are     : Rooms:     2 - 99    Objs:     2 - 99    Mobs:     1 - 99
newacad.are   : Rooms: 10300 - 10499 Objs: 10300 - 10499 Mobs: 10300 - 10499
newgate.are   : Rooms:   100 - 199   Objs:   100 - 199   Mobs:   100 - 199
newdark.are   : Rooms: 21000 - 21499 Objs: 21000 - 21435 Mobs: 21000 - 21499
gods.are      : Rooms:  1200 - 1201  Objs:  1200 - 1200  Mobs:  1200 - 1200
plains.are    : Rooms:   300 - 345   Objs:   300 - 313   Mobs:   300 - 350
haon.are      : Rooms:  6000 - 6156  Objs:  6000 - 6155  Mobs:  6000 - 6117
midennir.are  : Rooms:  3500 - 3590  Objs:  3500 - 3550  Mobs:  3500 - 3550
sewer.are     : Rooms:  7001 - 7445  Objs:  7190 - 7310  Mobs:  7000 - 7206
redferne.are  : Rooms:  7900 - 7918  Objs:  7909 - 7911  Mobs:  7900 - 7900
grove.are     : Rooms:  8901 - 8999  Objs:  8900 - 8919  Mobs:  8900 - 8911
dwarven.are   : Rooms:  6500 - 6554  Objs:  6502 - 6519  Mobs:  6500 - 6517
daycare.are   : Rooms:  6601 - 6651  Objs:  6600 - 6647  Mobs:  6600 - 6610
grave.are     : Rooms:  3600 - 3651  Objs:  3600 - 3613  Mobs:  3600 - 3605
chapel.are    : Rooms:  3405 - 3475  Objs:  3400 - 3430  Mobs:  3400 - 3416
astral.are    : Rooms:   800 - 899   Objs:   800 - 899   Mobs:   800 - 899
Build.are     : Rooms:  9500 - 9589  Objs:     0 - 0     Mobs:     0 - 0
Mon Mar 26 01:02:35 2018 :: [*****] BUG: fread_fuss_object: no match: d
Mon Mar 26 01:02:35 2018 :: [*****] FILE: pixie.are LINE: 209
Mon Mar 26 01:02:35 2018 :: [*****] BUG: fread_fuss_object: no match: d
Mon Mar 26 01:02:35 2018 :: [*****] FILE: pixie.are LINE: 210
Mon Mar 26 01:02:35 2018 :: [*****] BUG: fread_fuss_object: no match: d
Mon Mar 26 01:02:35 2018 :: [*****] FILE: pixie.are LINE: 211
Mon Mar 26 01:02:35 2018 :: [*****] BUG: fread_fuss_object: no match: d
Mon Mar 26 01:02:35 2018 :: [*****] FILE: pixie.are LINE: 232
Mon Mar 26 01:02:35 2018 :: [*****] BUG: fread_fuss_object: no match: d
Mon Mar 26 01:02:35 2018 :: [*****] FILE: pixie.are LINE: 233
Mon Mar 26 01:02:35 2018 :: [*****] BUG: fread_fuss_object: no match: d
Mon Mar 26 01:02:35 2018 :: [*****] FILE: pixie.are LINE: 246
Mon Mar 26 01:02:35 2018 :: [*****] BUG: fread_fuss_object: no match: d
Mon Mar 26 01:02:35 2018 :: [*****] FILE: pixie.are LINE: 267
pixie.are     : Rooms:  2070 - 2099  Objs:  2070 - 2077  Mobs:  2070 - 2073
export.are    : Rooms:  9810 - 9899  Objs:  9810 - 9899  Mobs:  9800 - 9899
srefuge.are   : Rooms:  1500 - 1599  Objs:  1500 - 1599  Mobs:  1500 - 1599
manor.are     : Rooms:  2400 - 2499  Objs:  2400 - 2499  Mobs:  2405 - 2484
unholy.are    : Rooms:  2101 - 2172  Objs:  2101 - 2150  Mobs:  2101 - 2120
gallery.are   : Rooms: 24800 - 24899 Objs: 24800 - 24899 Mobs: 24800 - 24899
housing.are   : Rooms: 50000 - 54999 Objs: 50000 - 54999 Mobs: 50000 - 54999
Mon Mar 26 01:02:35 2018 :: Fixing exits
Mon Mar 26 01:02:35 2018 :: Initializing economy
Mon Mar 26 01:02:35 2018 :: Loading world state...
Mon Mar 26 01:02:35 2018 :: World state: loading mobs
Mon Mar 26 01:02:35 2018 :: World state: loading objs
Mon Mar 26 01:02:35 2018 :: Resetting areas
Mon Mar 26 01:02:35 2018 :: Loading buildlist
Mon Mar 26 01:02:35 2018 :: ../gods/Morain
Mon Mar 26 01:02:35 2018 :: ../gods/Xander
Mon Mar 26 01:02:35 2018 :: ../gods/Bob
Mon Mar 26 01:02:35 2018 :: ../gods/Ilnwnll
Mon Mar 26 01:02:35 2018 :: ../gods/Darren
Mon Mar 26 01:02:35 2018 :: ../gods/Ubraxis
Mon Mar 26 01:02:35 2018 :: ../gods/Mitchell
Mon Mar 26 01:02:35 2018 :: Loading boards
Mon Mar 26 01:02:35 2018 :: ../boards/immortal.brd
Mon Mar 26 01:02:35 2018 :: ../boards/highgod.brd
Mon Mar 26 01:02:35 2018 :: Loading vault list
Mon Mar 26 01:02:35 2018 :: $
Mon Mar 26 01:02:35 2018 ::  Done vaults 
Mon Mar 26 01:02:35 2018 :: Loading clans
Mon Mar 26 01:02:35 2018 :: Loading clans...
Mon Mar 26 01:02:35 2018 :: vampire.gui
Mon Mar 26 01:02:35 2018 :: Cannot open vault - ../clans/vampire.gui.vault
Mon Mar 26 01:02:35 2018 :: druid.gui
Mon Mar 26 01:02:35 2018 :: Cannot open vault - ../clans/druid.gui.vault
Mon Mar 26 01:02:35 2018 :: warrior.gui
Mon Mar 26 01:02:35 2018 :: Cannot open vault - ../clans/warrior.gui.vault
Mon Mar 26 01:02:35 2018 :: augurer.gui
Mon Mar 26 01:02:35 2018 :: Cannot open vault - ../clans/augurer.gui.vault
Mon Mar 26 01:02:35 2018 :: thief.gui
Mon Mar 26 01:02:35 2018 :: Cannot open vault - ../clans/thief.gui.vault
Mon Mar 26 01:02:35 2018 :: cleric.gui
Mon Mar 26 01:02:35 2018 :: Cannot open vault - ../clans/cleric.gui.vault
Mon Mar 26 01:02:35 2018 :: mage.gui
Mon Mar 26 01:02:35 2018 :: Cannot open vault - ../clans/mage.gui.vault
Mon Mar 26 01:02:35 2018 :: ranger.gui
Mon Mar 26 01:02:35 2018 :: Cannot open vault - ../clans/ranger.gui.vault
Mon Mar 26 01:02:35 2018 :: $
Mon Mar 26 01:02:35 2018 ::  Done clans 
Mon Mar 26 01:02:35 2018 :: Loading councils
Mon Mar 26 01:02:35 2018 :: Loading councils...
Mon Mar 26 01:02:35 2018 :: $
Mon Mar 26 01:02:35 2018 ::  Done councils 
Mon Mar 26 01:02:35 2018 :: Loading deities
Mon Mar 26 01:02:35 2018 :: Loading deities...
Mon Mar 26 01:02:35 2018 :: $
Mon Mar 26 01:02:35 2018 ::  Done deities 
Mon Mar 26 01:02:35 2018 :: Loading watches
Mon Mar 26 01:02:35 2018 :: Loading bans
Mon Mar 26 01:02:35 2018 :: Done.
Mon Mar 26 01:02:35 2018 :: Loading reserved names
Mon Mar 26 01:02:35 2018 :: Loading corpses
Mon Mar 26 01:02:35 2018 :: Loading Immortal Hosts
Mon Mar 26 01:02:35 2018 :: Done.
Mon Mar 26 01:02:35 2018 :: Loading Projects
Mon Mar 26 01:02:35 2018 :: Loading Morphs
Mon Mar 26 01:02:35 2018 :: Done.
Mon Mar 26 01:02:35 2018 :: Loading Housing System, Home Accessories Data, and Home Auctioning System
Mon Mar 26 01:02:35 2018 :: Loading login messages
Mon Mar 26 01:02:35 2018 :: Initializing socket
Mon Mar 26 01:02:35 2018 :: IMC: Loading IMC2 command table...
Mon Mar 26 01:02:35 2018 :: IMC: Loading IMC2 network data...
Mon Mar 26 01:02:35 2018 :: IMC: Loading IMC2 help file...
Mon Mar 26 01:02:35 2018 :: IMC: Loading IMC2 color table...
Mon Mar 26 01:02:35 2018 :: IMC: Loading IMC2 who template...
Mon Mar 26 01:02:35 2018 :: IMC: imcfread_word: EOF encountered on read.
Mon Mar 26 01:02:35 2018 :: IMC: IMC2 network data loaded. Autoconnect not set. IMC2 will need to be connected manually.
Mon Mar 26 01:02:35 2018 :: (Name Not Set) ready on port 6001.
Mon Mar 26 01:02:35 2018 :: Initiating hotboot recovery.
Mon Mar 26 01:02:35 2018 :: Loading player data for: Xander (11K)
Mon Mar 26 01:02:35 2018 :: Hotboot recovery complete.
Mon Mar 26 01:02:39 2018 :: Log Xander: cedit buildwalk create
Mon Mar 26 01:02:50 2018 :: Log Xander: cedit buildwalk level 58
Mon Mar 26 01:02:56 2018 :: Log Xander: cedit save cmdtable
Read_from_descriptor: Connection timed out
Mon Mar 26 05:03:25 2018 :: Closing link to Xander. (INRoom 1200)
Mon Mar 26 08:16:39 2018 :: Preloading player data for: Xander (11K)
Mon Mar 26 08:16:43 2018 :: Xander (50.25.176.132) reconnected.
Mon Mar 26 08:16:47 2018 :: Log Xander: hotboot
Mon Mar 26 08:16:47 2018 :: Hotboot initiated by Xander.
Mon Mar 26 08:16:47 2018 :: Preserving world state....
Mon Mar 26 08:16:47 2018 :: Saving player files and connection states....
Mon Mar 26 08:16:47 2018 :: Executing hotboot....
Mon Mar 26 08:16:47 2018 :: Booting Database
 0 0 0 0 0 0 0 0 0 0 0 0 0 0 0 0 0 0 0 0 0 0 0 0 0 0 0 0 0 0 0 0
Mon Mar 26 08:16:47 2018 :: [*****] BOOT: ---------------------[ Boot Log ]--------------------
Mon Mar 26 08:16:47 2018 :: Initializing libdl support...
Mon Mar 26 08:16:47 2018 :: Loading commands...
Mon Mar 26 08:16:47 2018 :: Loading spec_funs...
Mon Mar 26 08:16:47 2018 :: Loading sysdata configuration...
Mon Mar 26 08:16:47 2018 :: Loading socials
Mon Mar 26 08:16:47 2018 :: Loading skill table
Mon Mar 26 08:16:47 2018 :: Sorting skill table...
Mon Mar 26 08:16:47 2018 :: Creating skill table sorted by type...
Mon Mar 26 08:16:47 2018 :: Remapping slots to sns
Mon Mar 26 08:16:47 2018 :: Loading classes
Mon Mar 26 08:16:47 2018 :: Loading races
Mon Mar 26 08:16:47 2018 :: Loading news data
Mon Mar 26 08:16:47 2018 :: Loading liquids
Mon Mar 26 08:16:47 2018 :: Loading mixtures
Mon Mar 26 08:16:47 2018 :: Loading herb table
Mon Mar 26 08:16:47 2018 :: Loading tongues
Mon Mar 26 08:16:47 2018 :: Loading MSSP Data...
Mon Mar 26 08:16:47 2018 :: Initializing random number generator
Mon Mar 26 08:16:47 2018 :: Setting time and weather.
Mon Mar 26 08:16:47 2018 :: Loading holiday chart...
Mon Mar 26 08:16:47 2018 :: Loading DNS cache...
Mon Mar 26 08:16:47 2018 :: Assigning gsn's
Mon Mar 26 08:16:47 2018 :: Reading in area files...
(help.are)
limbo.are     : Rooms:     2 - 99    Objs:     2 - 99    Mobs:     1 - 99
newacad.are   : Rooms: 10300 - 10499 Objs: 10300 - 10499 Mobs: 10300 - 10499
newgate.are   : Rooms:   100 - 199   Objs:   100 - 199   Mobs:   100 - 199
newdark.are   : Rooms: 21000 - 21499 Objs: 21000 - 21435 Mobs: 21000 - 21499
gods.are      : Rooms:  1200 - 1201  Objs:  1200 - 1200  Mobs:  1200 - 1200
plains.are    : Rooms:   300 - 345   Objs:   300 - 313   Mobs:   300 - 350
haon.are      : Rooms:  6000 - 6156  Objs:  6000 - 6155  Mobs:  6000 - 6117
midennir.are  : Rooms:  3500 - 3590  Objs:  3500 - 3550  Mobs:  3500 - 3550
sewer.are     : Rooms:  7001 - 7445  Objs:  7190 - 7310  Mobs:  7000 - 7206
redferne.are  : Rooms:  7900 - 7918  Objs:  7909 - 7911  Mobs:  7900 - 7900
grove.are     : Rooms:  8901 - 8999  Objs:  8900 - 8919  Mobs:  8900 - 8911
dwarven.are   : Rooms:  6500 - 6554  Objs:  6502 - 6519  Mobs:  6500 - 6517
daycare.are   : Rooms:  6601 - 6651  Objs:  6600 - 6647  Mobs:  6600 - 6610
grave.are     : Rooms:  3600 - 3651  Objs:  3600 - 3613  Mobs:  3600 - 3605
chapel.are    : Rooms:  3405 - 3475  Objs:  3400 - 3430  Mobs:  3400 - 3416
astral.are    : Rooms:   800 - 899   Objs:   800 - 899   Mobs:   800 - 899
Build.are     : Rooms:  9500 - 9589  Objs:     0 - 0     Mobs:     0 - 0
Mon Mar 26 08:16:48 2018 :: [*****] BUG: fread_fuss_object: no match: d
Mon Mar 26 08:16:48 2018 :: [*****] FILE: pixie.are LINE: 209
Mon Mar 26 08:16:48 2018 :: [*****] BUG: fread_fuss_object: no match: d
Mon Mar 26 08:16:48 2018 :: [*****] FILE: pixie.are LINE: 210
Mon Mar 26 08:16:48 2018 :: [*****] BUG: fread_fuss_object: no match: d
Mon Mar 26 08:16:48 2018 :: [*****] FILE: pixie.are LINE: 211
Mon Mar 26 08:16:48 2018 :: [*****] BUG: fread_fuss_object: no match: d
Mon Mar 26 08:16:48 2018 :: [*****] FILE: pixie.are LINE: 232
Mon Mar 26 08:16:48 2018 :: [*****] BUG: fread_fuss_object: no match: d
Mon Mar 26 08:16:48 2018 :: [*****] FILE: pixie.are LINE: 233
Mon Mar 26 08:16:48 2018 :: [*****] BUG: fread_fuss_object: no match: d
Mon Mar 26 08:16:48 2018 :: [*****] FILE: pixie.are LINE: 246
Mon Mar 26 08:16:48 2018 :: [*****] BUG: fread_fuss_object: no match: d
Mon Mar 26 08:16:48 2018 :: [*****] FILE: pixie.are LINE: 267
pixie.are     : Rooms:  2070 - 2099  Objs:  2070 - 2077  Mobs:  2070 - 2073
export.are    : Rooms:  9810 - 9899  Objs:  9810 - 9899  Mobs:  9800 - 9899
srefuge.are   : Rooms:  1500 - 1599  Objs:  1500 - 1599  Mobs:  1500 - 1599
manor.are     : Rooms:  2400 - 2499  Objs:  2400 - 2499  Mobs:  2405 - 2484
unholy.are    : Rooms:  2101 - 2172  Objs:  2101 - 2150  Mobs:  2101 - 2120
gallery.are   : Rooms: 24800 - 24899 Objs: 24800 - 24899 Mobs: 24800 - 24899
housing.are   : Rooms: 50000 - 54999 Objs: 50000 - 54999 Mobs: 50000 - 54999
Mon Mar 26 08:16:48 2018 :: Fixing exits
Mon Mar 26 08:16:48 2018 :: Initializing economy
Mon Mar 26 08:16:48 2018 :: Loading world state...
Mon Mar 26 08:16:48 2018 :: World state: loading mobs
Mon Mar 26 08:16:48 2018 :: World state: loading objs
Mon Mar 26 08:16:48 2018 :: Resetting areas
Mon Mar 26 08:16:48 2018 :: Loading buildlist
Mon Mar 26 08:16:48 2018 :: ../gods/Morain
Mon Mar 26 08:16:48 2018 :: ../gods/Xander
Mon Mar 26 08:16:48 2018 :: ../gods/Bob
Mon Mar 26 08:16:48 2018 :: ../gods/Ilnwnll
Mon Mar 26 08:16:48 2018 :: ../gods/Darren
Mon Mar 26 08:16:48 2018 :: ../gods/Ubraxis
Mon Mar 26 08:16:48 2018 :: ../gods/Mitchell
Mon Mar 26 08:16:48 2018 :: Loading boards
Mon Mar 26 08:16:48 2018 :: ../boards/immortal.brd
Mon Mar 26 08:16:48 2018 :: ../boards/highgod.brd
Mon Mar 26 08:16:48 2018 :: Loading vault list
Mon Mar 26 08:16:48 2018 :: $
Mon Mar 26 08:16:48 2018 ::  Done vaults 
Mon Mar 26 08:16:48 2018 :: Loading clans
Mon Mar 26 08:16:48 2018 :: Loading clans...
Mon Mar 26 08:16:48 2018 :: vampire.gui
Mon Mar 26 08:16:48 2018 :: Cannot open vault - ../clans/vampire.gui.vault
Mon Mar 26 08:16:48 2018 :: druid.gui
Mon Mar 26 08:16:48 2018 :: Cannot open vault - ../clans/druid.gui.vault
Mon Mar 26 08:16:48 2018 :: warrior.gui
Mon Mar 26 08:16:48 2018 :: Cannot open vault - ../clans/warrior.gui.vault
Mon Mar 26 08:16:48 2018 :: augurer.gui
Mon Mar 26 08:16:48 2018 :: Cannot open vault - ../clans/augurer.gui.vault
Mon Mar 26 08:16:48 2018 :: thief.gui
Mon Mar 26 08:16:48 2018 :: Cannot open vault - ../clans/thief.gui.vault
Mon Mar 26 08:16:48 2018 :: cleric.gui
Mon Mar 26 08:16:48 2018 :: Cannot open vault - ../clans/cleric.gui.vault
Mon Mar 26 08:16:48 2018 :: mage.gui
Mon Mar 26 08:16:48 2018 :: Cannot open vault - ../clans/mage.gui.vault
Mon Mar 26 08:16:48 2018 :: ranger.gui
Mon Mar 26 08:16:48 2018 :: Cannot open vault - ../clans/ranger.gui.vault
Mon Mar 26 08:16:48 2018 :: $
Mon Mar 26 08:16:48 2018 ::  Done clans 
Mon Mar 26 08:16:48 2018 :: Loading councils
Mon Mar 26 08:16:48 2018 :: Loading councils...
Mon Mar 26 08:16:48 2018 :: $
Mon Mar 26 08:16:48 2018 ::  Done councils 
Mon Mar 26 08:16:48 2018 :: Loading deities
Mon Mar 26 08:16:48 2018 :: Loading deities...
Mon Mar 26 08:16:48 2018 :: $
Mon Mar 26 08:16:48 2018 ::  Done deities 
Mon Mar 26 08:16:48 2018 :: Loading watches
Mon Mar 26 08:16:48 2018 :: Loading bans
Mon Mar 26 08:16:48 2018 :: Done.
Mon Mar 26 08:16:48 2018 :: Loading reserved names
Mon Mar 26 08:16:48 2018 :: Loading corpses
Mon Mar 26 08:16:48 2018 :: Loading Immortal Hosts
Mon Mar 26 08:16:48 2018 :: Done.
Mon Mar 26 08:16:48 2018 :: Loading Projects
Mon Mar 26 08:16:48 2018 :: Loading Morphs
Mon Mar 26 08:16:48 2018 :: Done.
Mon Mar 26 08:16:48 2018 :: Loading Housing System, Home Accessories Data, and Home Auctioning System
Mon Mar 26 08:16:48 2018 :: Loading login messages
Mon Mar 26 08:16:48 2018 :: Initializing socket
Mon Mar 26 08:16:48 2018 :: IMC: Loading IMC2 command table...
Mon Mar 26 08:16:48 2018 :: IMC: Loading IMC2 network data...
Mon Mar 26 08:16:48 2018 :: IMC: Loading IMC2 help file...
Mon Mar 26 08:16:48 2018 :: IMC: Loading IMC2 color table...
Mon Mar 26 08:16:48 2018 :: IMC: Loading IMC2 who template...
Mon Mar 26 08:16:48 2018 :: IMC: imcfread_word: EOF encountered on read.
Mon Mar 26 08:16:48 2018 :: IMC: IMC2 network data loaded. Autoconnect not set. IMC2 will need to be connected manually.
Mon Mar 26 08:16:48 2018 :: (Name Not Set) ready on port 6001.
Mon Mar 26 08:16:48 2018 :: Initiating hotboot recovery.
Mon Mar 26 08:16:48 2018 :: Loading player data for: Xander (11K)
Mon Mar 26 08:16:48 2018 :: Hotboot recovery complete.
Mon Mar 26 10:06:24 2018 :: EOF encountered on read.
Mon Mar 26 10:06:24 2018 :: Closing link to Xander. (INRoom 10335)
Mon Mar 26 16:18:57 2018 :: EOF encountered on read.
Mon Mar 26 18:07:39 2018 :: EOF encountered on read.
Mon Mar 26 19:28:03 2018 :: Preloading player data for: Xander (11K)
Mon Mar 26 19:28:09 2018 :: Xander (50.25.176.132) reconnected.
Read_from_descriptor: Connection timed out
Mon Mar 26 20:11:54 2018 :: Closing link to Xander. (INRoom 1200)
Mon Mar 26 22:50:20 2018 :: Preloading player data for: Xander (11K)
Mon Mar 26 22:50:21 2018 :: Xander (50.25.176.132) reconnected.
Read_from_descriptor: Connection timed out
Mon Mar 26 23:36:12 2018 :: Closing link to Xander. (INRoom 1200)
Tue Mar 27 03:20:38 2018 :: Lfour@86.168.184.175 new Orc Adventurer.
Tue Mar 27 03:20:41 2018 :: Log hvak1 advancer: mpadvance 0.Lfour 2
