Wed Apr  4 02:40:14 2018 :: Booting Database
 0 0 0 0 0 0 0 0 0 0 0 0 0 0 0 0 0 0 0 0 0 0 0 0 0 0 0 0 0 0 0 0
Wed Apr  4 02:40:14 2018 :: [*****] BOOT: ---------------------[ Boot Log ]--------------------
Wed Apr  4 02:40:14 2018 :: Initializing libdl support...
Wed Apr  4 02:40:14 2018 :: Loading commands...
Wed Apr  4 02:40:14 2018 :: Loading spec_funs...
Wed Apr  4 02:40:14 2018 :: Loading sysdata configuration...
Wed Apr  4 02:40:14 2018 :: Loading socials
Wed Apr  4 02:40:14 2018 :: Loading skill table
Wed Apr  4 02:40:14 2018 :: Sorting skill table...
Wed Apr  4 02:40:14 2018 :: Creating skill table sorted by type...
Wed Apr  4 02:40:14 2018 :: Remapping slots to sns
Wed Apr  4 02:40:14 2018 :: Loading classes
Wed Apr  4 02:40:14 2018 :: Loading races
Wed Apr  4 02:40:14 2018 :: Loading news data
Wed Apr  4 02:40:14 2018 :: Loading liquids
Wed Apr  4 02:40:14 2018 :: Loading mixtures
Wed Apr  4 02:40:14 2018 :: Loading herb table
Wed Apr  4 02:40:14 2018 :: Loading tongues
Wed Apr  4 02:40:14 2018 :: Loading MSSP Data...
Wed Apr  4 02:40:14 2018 :: Initializing random number generator
Wed Apr  4 02:40:14 2018 :: Setting time and weather.
Wed Apr  4 02:40:14 2018 :: Loading holiday chart...
Wed Apr  4 02:40:14 2018 :: Loading DNS cache...
Wed Apr  4 02:40:14 2018 :: Assigning gsn's
Wed Apr  4 02:40:14 2018 :: Reading in area files...
(help.are)
limbo.are     : Rooms:     2 - 99    Objs:     2 - 99    Mobs:     1 - 99
newacad.are   : Rooms: 10300 - 10499 Objs: 10300 - 10499 Mobs: 10300 - 10499
newgate.are   : Rooms:   100 - 199   Objs:   100 - 199   Mobs:   100 - 199
newdark.are   : Rooms: 21000 - 21499 Objs: 21000 - 21435 Mobs: 21000 - 21499
gods.are      : Rooms:  1200 - 1201  Objs:  1200 - 1200  Mobs:  1200 - 1200
plains.are    : Rooms:   300 - 345   Objs:   300 - 313   Mobs:   300 - 350
haon.are      : Rooms:  6000 - 6156  Objs:  6000 - 6155  Mobs:  6000 - 6117
midennir.are  : Rooms:  3500 - 3590  Objs:  3500 - 3550  Mobs:  3500 - 3550
sewer.are     : Rooms:  7001 - 7445  Objs:  7190 - 7310  Mobs:  7000 - 7206
redferne.are  : Rooms:  7900 - 7918  Objs:  7909 - 7911  Mobs:  7900 - 7900
grove.are     : Rooms:  8901 - 8999  Objs:  8900 - 8919  Mobs:  8900 - 8911
dwarven.are   : Rooms:  6500 - 6554  Objs:  6502 - 6519  Mobs:  6500 - 6517
daycare.are   : Rooms:  6601 - 6651  Objs:  6600 - 6647  Mobs:  6600 - 6610
grave.are     : Rooms:  3600 - 3651  Objs:  3600 - 3613  Mobs:  3600 - 3605
chapel.are    : Rooms:  3405 - 3475  Objs:  3400 - 3430  Mobs:  3400 - 3416
astral.are    : Rooms:   800 - 899   Objs:   800 - 899   Mobs:   800 - 899
Build.are     : Rooms:  9500 - 9589  Objs:     0 - 0     Mobs:     0 - 0
Wed Apr  4 02:40:15 2018 :: [*****] BUG: fread_fuss_object: no match: d
Wed Apr  4 02:40:15 2018 :: [*****] FILE: pixie.are LINE: 209
Wed Apr  4 02:40:15 2018 :: [*****] BUG: fread_fuss_object: no match: d
Wed Apr  4 02:40:15 2018 :: [*****] FILE: pixie.are LINE: 210
Wed Apr  4 02:40:15 2018 :: [*****] BUG: fread_fuss_object: no match: d
Wed Apr  4 02:40:15 2018 :: [*****] FILE: pixie.are LINE: 211
Wed Apr  4 02:40:15 2018 :: [*****] BUG: fread_fuss_object: no match: d
Wed Apr  4 02:40:15 2018 :: [*****] FILE: pixie.are LINE: 232
Wed Apr  4 02:40:15 2018 :: [*****] BUG: fread_fuss_object: no match: d
Wed Apr  4 02:40:15 2018 :: [*****] FILE: pixie.are LINE: 233
Wed Apr  4 02:40:15 2018 :: [*****] BUG: fread_fuss_object: no match: d
Wed Apr  4 02:40:15 2018 :: [*****] FILE: pixie.are LINE: 246
Wed Apr  4 02:40:15 2018 :: [*****] BUG: fread_fuss_object: no match: d
Wed Apr  4 02:40:15 2018 :: [*****] FILE: pixie.are LINE: 267
pixie.are     : Rooms:  2070 - 2099  Objs:  2070 - 2077  Mobs:  2070 - 2073
export.are    : Rooms:  9810 - 9899  Objs:  9810 - 9899  Mobs:  9800 - 9899
srefuge.are   : Rooms:  1500 - 1599  Objs:  1500 - 1599  Mobs:  1500 - 1599
manor.are     : Rooms:  2400 - 2499  Objs:  2400 - 2499  Mobs:  2405 - 2484
unholy.are    : Rooms:  2101 - 2172  Objs:  2101 - 2150  Mobs:  2101 - 2120
gallery.are   : Rooms: 24800 - 24899 Objs: 24800 - 24899 Mobs: 24800 - 24899
housing.are   : Rooms: 50000 - 54999 Objs: 50000 - 54999 Mobs: 50000 - 54999
Wed Apr  4 02:40:15 2018 :: Fixing exits
Wed Apr  4 02:40:15 2018 :: Initializing economy
Wed Apr  4 02:40:15 2018 :: Resetting areas
Wed Apr  4 02:40:15 2018 :: Loading buildlist
Wed Apr  4 02:40:15 2018 :: ../gods/Darren
Wed Apr  4 02:40:15 2018 :: ../gods/Mitchell
Wed Apr  4 02:40:15 2018 :: ../gods/Ubraxis
Wed Apr  4 02:40:15 2018 :: ../gods/Morain
Wed Apr  4 02:40:15 2018 :: ../gods/Ilnwnll
Wed Apr  4 02:40:15 2018 :: ../gods/Lfour
Wed Apr  4 02:40:15 2018 :: ../gods/Bob
Wed Apr  4 02:40:15 2018 :: ../gods/Xander
Wed Apr  4 02:40:15 2018 :: Loading boards
Wed Apr  4 02:40:15 2018 :: ../boards/immortal.brd
Wed Apr  4 02:40:15 2018 :: ../boards/highgod.brd
Wed Apr  4 02:40:15 2018 :: Loading vault list
Wed Apr  4 02:40:15 2018 :: $
Wed Apr  4 02:40:15 2018 ::  Done vaults 
Wed Apr  4 02:40:15 2018 :: Loading clans
Wed Apr  4 02:40:15 2018 :: Loading clans...
Wed Apr  4 02:40:15 2018 :: vampire.gui
Wed Apr  4 02:40:15 2018 :: Cannot open vault - ../clans/vampire.gui.vault
Wed Apr  4 02:40:15 2018 :: druid.gui
Wed Apr  4 02:40:15 2018 :: Cannot open vault - ../clans/druid.gui.vault
Wed Apr  4 02:40:15 2018 :: warrior.gui
Wed Apr  4 02:40:15 2018 :: Cannot open vault - ../clans/warrior.gui.vault
Wed Apr  4 02:40:15 2018 :: augurer.gui
Wed Apr  4 02:40:15 2018 :: Cannot open vault - ../clans/augurer.gui.vault
Wed Apr  4 02:40:15 2018 :: thief.gui
Wed Apr  4 02:40:15 2018 :: Cannot open vault - ../clans/thief.gui.vault
Wed Apr  4 02:40:15 2018 :: cleric.gui
Wed Apr  4 02:40:15 2018 :: Cannot open vault - ../clans/cleric.gui.vault
Wed Apr  4 02:40:15 2018 :: mage.gui
Wed Apr  4 02:40:15 2018 :: Cannot open vault - ../clans/mage.gui.vault
Wed Apr  4 02:40:15 2018 :: ranger.gui
Wed Apr  4 02:40:15 2018 :: Cannot open vault - ../clans/ranger.gui.vault
Wed Apr  4 02:40:15 2018 :: $
Wed Apr  4 02:40:15 2018 ::  Done clans 
Wed Apr  4 02:40:15 2018 :: Loading councils
Wed Apr  4 02:40:15 2018 :: Loading councils...
Wed Apr  4 02:40:15 2018 :: $
Wed Apr  4 02:40:15 2018 ::  Done councils 
Wed Apr  4 02:40:15 2018 :: Loading deities
Wed Apr  4 02:40:15 2018 :: Loading deities...
Wed Apr  4 02:40:15 2018 :: $
Wed Apr  4 02:40:15 2018 ::  Done deities 
Wed Apr  4 02:40:15 2018 :: Loading watches
Wed Apr  4 02:40:15 2018 :: Loading bans
Wed Apr  4 02:40:15 2018 :: Done.
Wed Apr  4 02:40:15 2018 :: Loading reserved names
Wed Apr  4 02:40:15 2018 :: Loading corpses
Wed Apr  4 02:40:15 2018 :: Loading Immortal Hosts
Wed Apr  4 02:40:15 2018 :: Done.
Wed Apr  4 02:40:15 2018 :: Loading Projects
Wed Apr  4 02:40:15 2018 :: Loading Morphs
Wed Apr  4 02:40:15 2018 :: Done.
Wed Apr  4 02:40:15 2018 :: Loading Housing System, Home Accessories Data, and Home Auctioning System
Wed Apr  4 02:40:15 2018 :: Loading login messages
Wed Apr  4 02:40:15 2018 :: Initializing socket
Wed Apr  4 02:40:15 2018 :: IMC: Loading IMC2 command table...
Wed Apr  4 02:40:15 2018 :: IMC: Loading IMC2 network data...
Wed Apr  4 02:40:15 2018 :: IMC: Loading IMC2 help file...
Wed Apr  4 02:40:15 2018 :: IMC: Loading IMC2 color table...
Wed Apr  4 02:40:15 2018 :: IMC: Loading IMC2 who template...
Wed Apr  4 02:40:15 2018 :: IMC: imcfread_word: EOF encountered on read.
Wed Apr  4 02:40:15 2018 :: IMC: IMC2 network data loaded. Autoconnect not set. IMC2 will need to be connected manually.
Wed Apr  4 02:40:15 2018 :: (Name Not Set) ready on port 6001.
Wed Apr  4 02:40:17 2018 :: Preloading player data for: Lfour (1K)
Wed Apr  4 02:40:17 2018 :: [*****] BUG: fread_char: no match: FastTravelLocs
Wed Apr  4 02:40:17 2018 :: [*****] FILE: ../player/l/Lfour LINE: 17
Wed Apr  4 02:40:18 2018 :: Loading player data for: Lfour (1K)
Wed Apr  4 02:40:18 2018 :: [*****] BUG: fread_char: no match: FastTravelLocs
Wed Apr  4 02:40:18 2018 :: [*****] FILE: ../player/l/Lfour LINE: 17
Wed Apr  4 02:40:18 2018 :: Lfour (127.0.0.1) has connected.
Wed Apr  4 02:40:24 2018 :: EOF encountered on read.
Wed Apr  4 02:40:24 2018 :: Closing link to Lfour. (INRoom 103)
Wed Apr  4 02:40:42 2018 :: PIECEOFSHIT@127.0.0.1 new Gith Adventurer.
Wed Apr  4 02:40:47 2018 :: Log hvak1 advancer: mpadvance 0.PIECEOFSHIT 2
Wed Apr  4 02:40:55 2018 :: PIECEOFSHIT has quit (Room 10300).
Wed Apr  4 02:41:22 2018 :: [*****] BUG: Mpforce - Attempting to force link dead immortal, Room #103.
Wed Apr  4 02:42:25 2018 :: [*****] BUG: Mpforce - Attempting to force link dead immortal, Room #103.
Wed Apr  4 02:43:32 2018 :: [*****] BUG: Mpforce - Attempting to force link dead immortal, Room #103.
Wed Apr  4 02:49:26 2018 :: [*****] BUG: Mpforce - Attempting to force link dead immortal, Room #103.
Wed Apr  4 02:54:30 2018 :: [*****] BUG: Mpforce - Attempting to force link dead immortal, Room #103.
Wed Apr  4 02:55:32 2018 :: [*****] BUG: Mpforce - Attempting to force link dead immortal, Room #103.
Wed Apr  4 02:56:43 2018 :: [*****] BUG: Mpforce - Attempting to force link dead immortal, Room #103.
Wed Apr  4 02:57:43 2018 :: [*****] BUG: Mpforce - Attempting to force link dead immortal, Room #103.
Wed Apr  4 03:04:14 2018 :: [*****] BUG: Mpforce - Attempting to force link dead immortal, Room #103.
Wed Apr  4 03:10:30 2018 :: [*****] BUG: Mpforce - Attempting to force link dead immortal, Room #103.
Wed Apr  4 03:14:44 2018 :: [*****] BUG: Mpforce - Attempting to force link dead immortal, Room #103.
Wed Apr  4 03:19:32 2018 :: [*****] BUG: Mpforce - Attempting to force link dead immortal, Room #103.
Wed Apr  4 03:24:36 2018 :: [*****] BUG: Mpforce - Attempting to force link dead immortal, Room #103.
Wed Apr  4 03:31:37 2018 :: [*****] BUG: Mpforce - Attempting to force link dead immortal, Room #103.
Wed Apr  4 03:33:55 2018 :: [*****] BUG: Mpforce - Attempting to force link dead immortal, Room #103.
Wed Apr  4 03:36:24 2018 :: [*****] BUG: Mpforce - Attempting to force link dead immortal, Room #103.
Wed Apr  4 03:37:34 2018 :: [*****] BUG: Mpforce - Attempting to force link dead immortal, Room #103.
Wed Apr  4 03:38:48 2018 :: [*****] BUG: Mpforce - Attempting to force link dead immortal, Room #103.
Wed Apr  4 03:39:44 2018 :: [*****] BUG: Mpforce - Attempting to force link dead immortal, Room #103.
Wed Apr  4 03:40:54 2018 :: [*****] BUG: Mpforce - Attempting to force link dead immortal, Room #103.
Wed Apr  4 03:42:07 2018 :: [*****] BUG: Mpforce - Attempting to force link dead immortal, Room #103.
Wed Apr  4 03:45:26 2018 :: [*****] BUG: Mpforce - Attempting to force link dead immortal, Room #103.
Wed Apr  4 03:46:36 2018 :: [*****] BUG: Mpforce - Attempting to force link dead immortal, Room #103.
Wed Apr  4 03:49:13 2018 :: [*****] BUG: Mpforce - Attempting to force link dead immortal, Room #103.
Wed Apr  4 03:51:19 2018 :: [*****] BUG: Mpforce - Attempting to force link dead immortal, Room #103.
Wed Apr  4 03:52:32 2018 :: [*****] BUG: Mpforce - Attempting to force link dead immortal, Room #103.
Wed Apr  4 03:54:42 2018 :: [*****] BUG: Mpforce - Attempting to force link dead immortal, Room #103.
Wed Apr  4 03:56:47 2018 :: [*****] BUG: Mpforce - Attempting to force link dead immortal, Room #103.
Wed Apr  4 04:00:24 2018 :: [*****] BUG: Mpforce - Attempting to force link dead immortal, Room #103.
Wed Apr  4 04:04:07 2018 :: [*****] BUG: Mpforce - Attempting to force link dead immortal, Room #103.
Wed Apr  4 04:10:54 2018 :: [*****] BUG: Mpforce - Attempting to force link dead immortal, Room #103.
Wed Apr  4 04:12:11 2018 :: [*****] BUG: Mpforce - Attempting to force link dead immortal, Room #103.
Wed Apr  4 04:13:06 2018 :: [*****] BUG: Mpforce - Attempting to force link dead immortal, Room #103.
Wed Apr  4 04:15:27 2018 :: [*****] BUG: Mpforce - Attempting to force link dead immortal, Room #103.
Wed Apr  4 04:20:33 2018 :: [*****] BUG: Mpforce - Attempting to force link dead immortal, Room #103.
Wed Apr  4 04:23:01 2018 :: [*****] BUG: Mpforce - Attempting to force link dead immortal, Room #103.
Wed Apr  4 04:26:22 2018 :: [*****] BUG: Mpforce - Attempting to force link dead immortal, Room #103.
Wed Apr  4 04:28:28 2018 :: [*****] BUG: Mpforce - Attempting to force link dead immortal, Room #103.
Wed Apr  4 04:34:30 2018 :: [*****] BUG: Mpforce - Attempting to force link dead immortal, Room #103.
Wed Apr  4 04:38:52 2018 :: [*****] BUG: Mpforce - Attempting to force link dead immortal, Room #103.
